if test ! -f main.do;\
then\
	##cc computer.obj; \
	##g++ -g -ggdb -pedantic -fpermissive -W -Wall -Wmain -Wcomment -Wconversion -Wunused-parameter -Wparentheses -std=c++14 -I . -I /usr/include/quex -I /root/Documents/C++/NoWare -DQUEX_OPTION_ASSERTS_DISABLED -L . -l boost_system -l boost_serialization -l boost_thread -l cln -fopenmp -l pthread -l dl -o main.do computer.obj; \
	g++ -g -ggdb -pedantic -fpermissive -W -Wall -Wmain -Wcomment -Wconversion -Wunused-parameter -Wparentheses -std=c++14 -I . -I /usr/include/quex -I /root/Documents/C++/NoWare -DQUEX_OPTION_ASSERTS_DISABLED -L . -l boost_system -l boost_serialization -l boost_thread -l cln -fopenmp -l pthread -l dl -o main.obj -c main.c++; \
	#g++ -g -ggdb -pedantic -fpermissive -W -Wall -Wmain -Wcomment -Wconversion -Wunused-parameter -Wparentheses -std=c++14 -I . -I /usr/include/quex -I /root/Documents/C++/NoWare -DQUEX_OPTION_ASSERTS_DISABLED -L . -l boost_system -l boost_serialization -l boost_thread -l cln -fopenmp -l pthread -l dl -o mathematics.obj -c /root/Documents/C++/NoWare/noware/mathematics.c++; \
	#g++ -g -ggdb -pedantic -fpermissive -W -Wall -Wmain -Wcomment -Wconversion -Wunused-parameter -Wparentheses -std=c++14 -I . -I /usr/include/quex -I /root/Documents/C++/NoWare -DQUEX_OPTION_ASSERTS_DISABLED -L . -l boost_system -l boost_serialization -l boost_thread -l cln -fopenmp -l pthread -l dl -o tools.obj -c /root/Documents/C++/NoWare/noware/tools.c++; \
	#g++ -g -ggdb -pedantic -fpermissive -W -Wall -Wmain -Wcomment -Wconversion -Wunused-parameter -Wparentheses -std=c++14 -I . -I /usr/include/quex -I /root/Documents/C++/NoWare -DQUEX_OPTION_ASSERTS_DISABLED -L . -l boost_system -l boost_serialization -l boost_thread -l cln -fopenmp -l pthread -l dl -o network-endpoint.obj -c /root/Documents/C++/NoWare/noware/network/endpoint.c++; \
	#g++ -g -ggdb -pedantic -fpermissive -W -Wall -Wmain -Wcomment -Wconversion -Wunused-parameter -Wparentheses -std=c++14 -I . -I /usr/include/quex -I /root/Documents/C++/NoWare -DQUEX_OPTION_ASSERTS_DISABLED -L . -l boost_system -l boost_serialization -l boost_thread -l cln -fopenmp -l pthread -l dl -o network-ip.obj -c /root/Documents/C++/NoWare/noware/network/ip.c++; \
	#g++ -g -ggdb -pedantic -fpermissive -W -Wall -Wmain -Wcomment -Wconversion -Wunused-parameter -Wparentheses -std=c++14 -I . -I /usr/include/quex -I /root/Documents/C++/NoWare -DQUEX_OPTION_ASSERTS_DISABLED -L . -l boost_system -l boost_serialization -l boost_thread -l cln -fopenmp -l pthread -l dl -o network-ip-tcp.obj -c /root/Documents/C++/NoWare/noware/network/ip/tcp.c++; \
	#g++ -g -ggdb -pedantic -fpermissive -W -Wall -Wmain -Wcomment -Wconversion -Wunused-parameter -Wparentheses -std=c++14 -I . -I /usr/include/quex -I /root/Documents/C++/NoWare -DQUEX_OPTION_ASSERTS_DISABLED -L . -l boost_system -l boost_serialization -l boost_thread -l cln -fopenmp -l pthread -l dl -o network-ip-udp.obj -c /root/Documents/C++/NoWare/noware/network/ip/udp.c++; \
	#g++ -g -ggdb -pedantic -fpermissive -W -Wall -Wmain -Wcomment -Wconversion -Wunused-parameter -Wparentheses -std=c++14 -I . -I /usr/include/quex -I /root/Documents/C++/NoWare -DQUEX_OPTION_ASSERTS_DISABLED -L . -l boost_system -l boost_serialization -l boost_thread -l cln -fopenmp -l pthread -l dl -o network-ip-mpi.obj -c /root/Documents/C++/NoWare/noware/network/ip/mpi.c++; \
	#g++ -g -ggdb -pedantic -fpermissive -W -Wall -Wmain -Wcomment -Wconversion -Wunused-parameter -Wparentheses -std=c++14 -I . -I /usr/include/quex -I /root/Documents/C++/NoWare -DQUEX_OPTION_ASSERTS_DISABLED -L . -l boost_system -l boost_serialization -l boost_thread -l cln -fopenmp -l pthread -l dl -o network-mpi.obj -c /root/Documents/C++/NoWare/noware/network/mpi.c++; \
	#g++ -g -ggdb -pedantic -fpermissive -W -Wall -Wmain -Wcomment -Wconversion -Wunused-parameter -Wparentheses -std=c++14 -I . -I /usr/include/quex -I /root/Documents/C++/NoWare -DQUEX_OPTION_ASSERTS_DISABLED -L . -l boost_system -l boost_serialization -l boost_thread -l cln -fopenmp -l pthread -l dl -o network-_mpi.obj -c /root/Documents/C++/NoWare/noware/network/_mpi.c++; \
	#g++ -g -ggdb -pedantic -fpermissive -W -Wall -Wmain -Wcomment -Wconversion -Wunused-parameter -Wparentheses -std=c++14 -I . -I /usr/include/quex -I /root/Documents/C++/NoWare -DQUEX_OPTION_ASSERTS_DISABLED -L . -l boost_system -l boost_serialization -l boost_thread -l cln -fopenmp -l pthread -l dl -o containers-variable.obj -c /root/Documents/C++/NoWare/noware/containers/variable.c++ ; \
	#g++ -g -ggdb -pedantic -fpermissive -W -Wall -Wmain -Wcomment -Wconversion -Wunused-parameter -Wparentheses -std=c++14 -I . -I /usr/include/quex -I /root/Documents/C++/NoWare -DQUEX_OPTION_ASSERTS_DISABLED -L . -l boost_system -l boost_serialization -l boost_thread -l cln -fopenmp -l pthread -l dl -o containers-memory.obj -c /root/Documents/C++/NoWare/noware/containers/memory.c++ ; \
	##g++ -g -ggdb -pedantic -fpermissive -W -Wall -Wmain -Wcomment -Wconversion -Wunused-parameter -Wparentheses -std=c++14 -I . -I /usr/include/quex -I /root/Documents/C++/NoWare -DQUEX_OPTION_ASSERTS_DISABLED -L . -l boost_system -l boost_serialization -l boost_thread -l cln -fopenmp -l pthread -l dl -o sqlite-3.obj -c /root/Documents/C++/NoWare/sqlite/3.c ; \
	#g++ -g -ggdb -pedantic -fpermissive -W -Wall -Wmain -Wcomment -Wconversion -Wunused-parameter -Wparentheses -std=c++14 -I . -I /usr/include/quex -I /root/Documents/C++/NoWare -DQUEX_OPTION_ASSERTS_DISABLED -L . -l boost_system -l boost_serialization -l boost_thread -l cln -fopenmp -l pthread -l dl -o containers-databases-sqlite.c++.obj -c /root/Documents/C++/NoWare/noware/containers/databases/sqlite.c++ ; \
	#g++ -g -ggdb -pedantic -fpermissive -W -Wall -Wmain -Wcomment -Wconversion -Wunused-parameter -Wparentheses -std=c++14 -I . -I /usr/include/quex -I /root/Documents/C++/NoWare -DQUEX_OPTION_ASSERTS_DISABLED -L . -l boost_system -l boost_serialization -l boost_thread -l cln -fopenmp -l pthread -l dl -o language-interpreter.obj -c /root/Documents/C++/NoWare/noware/language/interpreter.c++; \
	#g++ -g -ggdb -pedantic -fpermissive -W -Wall -Wmain -Wcomment -Wconversion -Wunused-parameter -Wparentheses -std=c++14 -I . -I /usr/include/quex -I /root/Documents/C++/NoWare -DQUEX_OPTION_ASSERTS_DISABLED -L . -l boost_system -l boost_serialization -l boost_thread -l cln -fopenmp -l pthread -l dl -o communication-message.obj -c /root/Documents/C++/NoWare/noware/communication/message.c++; \
	#g++ -g -ggdb -pedantic -fpermissive -W -Wall -Wmain -Wcomment -Wconversion -Wunused-parameter -Wparentheses -std=c++14 -I . -I /usr/include/quex -I /root/Documents/C++/NoWare -DQUEX_OPTION_ASSERTS_DISABLED -L . -l boost_system -l boost_serialization -l boost_thread -l cln -fopenmp -l pthread -l dl -o communication-transmission.obj -c /root/Documents/C++/NoWare/noware/communication/transmission.c++; \
	#g++ -g -ggdb -pedantic -fpermissive -W -Wall -Wmain -Wcomment -Wconversion -Wunused-parameter -Wparentheses -std=c++14 -I . -I /usr/include/quex -I /root/Documents/C++/NoWare -DQUEX_OPTION_ASSERTS_DISABLED -L . -l boost_system -l boost_serialization -l boost_thread -l cln -fopenmp -l pthread -l dl -o communication-messaging.obj -c /root/Documents/C++/NoWare/noware/communication/messaging.c++; \
	#g++ -g -ggdb -pedantic -fpermissive -W -Wall -Wmain -Wcomment -Wconversion -Wunused-parameter -Wparentheses -std=c++14 -I . -I /usr/include/quex -I /root/Documents/C++/NoWare -DQUEX_OPTION_ASSERTS_DISABLED -L . -l boost_system -l boost_serialization -l boost_thread -l cln -fopenmp -l pthread -l dl -o machine-resource.obj -c /root/Documents/C++/NoWare/noware/machine/resource.c++; \
	#g++ -g -ggdb -pedantic -fpermissive -W -Wall -Wmain -Wcomment -Wconversion -Wunused-parameter -Wparentheses -std=c++14 -I . -I /usr/include/quex -I /root/Documents/C++/NoWare -DQUEX_OPTION_ASSERTS_DISABLED -L . -l boost_system -l boost_serialization -l boost_thread -l cln -fopenmp -l pthread -l dl -o machine-resources-memory.obj -c /root/Documents/C++/NoWare/noware/machine/resources/memory.c++; \
	#g++ -g -ggdb -pedantic -fpermissive -W -Wall -Wmain -Wcomment -Wconversion -Wunused-parameter -Wparentheses -std=c++14 -I . -I /usr/include/quex -I /root/Documents/C++/NoWare -DQUEX_OPTION_ASSERTS_DISABLED -L . -l boost_system -l boost_serialization -l boost_thread -l cln -fopenmp -l pthread -l dl -o machine-resources-processor.obj -c /root/Documents/C++/NoWare/noware/machine/resources/processor.c++; \
	##g++ -g -ggdb -pedantic -fpermissive -W -Wall -Wmain -Wcomment -Wconversion -Wunused-parameter -Wparentheses -std=c++14 -I . -I /usr/include/quex -I /root/Documents/C++/NoWare -DQUEX_OPTION_ASSERTS_DISABLED -L . -l boost_system -l boost_serialization -l boost_thread -l cln -fopenmp -l pthread -l dl -o machine-network-communication-message.obj -c /root/Documents/C++/NoWare/noware/machine/network/communication/message.c++; \
	#g++ -g -ggdb -pedantic -fpermissive -W -Wall -Wmain -Wcomment -Wconversion -Wunused-parameter -Wparentheses -std=c++14 -I . -I /usr/include/quex -I /root/Documents/C++/NoWare -DQUEX_OPTION_ASSERTS_DISABLED -L . -l boost_system -l boost_serialization -l boost_thread -l cln -fopenmp -l pthread -l dl -o cluster-machine.obj -c /root/Documents/C++/NoWare/noware/cluster/machine.c++; \
	##g++ -g -ggdb -pedantic -fpermissive -W -Wall -Wmain -Wcomment -Wconversion -Wunused-parameter -Wparentheses -std=c++14 -I . -I /usr/include/quex -I /root/Documents/C++/NoWare -DQUEX_OPTION_ASSERTS_DISABLED -L . -l boost_system -l boost_serialization -l boost_thread -l cln -fopenmp -l pthread -l dl -o cluster.obj -c /root/Documents/C++/NoWare/noware/cluster.c++; \
	g++ -g -ggdb -pedantic -fpermissive -W -Wall -Wmain -Wcomment -Wconversion -Wunused-parameter -Wparentheses -std=c++14 -I . -I /usr/include/quex -I /root/Documents/C++/NoWare -DQUEX_OPTION_ASSERTS_DISABLED -L . -l boost_system -l boost_serialization -l boost_thread -l cln -fopenmp -l pthread -l dl -o computer.obj -c /root/Documents/C++/NoWare/noware/computer.c++;\
	\
	g++ -g -ggdb -pedantic -fpermissive -W -Wall -Wmain -Wcomment -Wconversion -Wunused-parameter -Wparentheses -std=c++14 -I . -I /usr/include/quex -I /root/Documents/C++/NoWare -DQUEX_OPTION_ASSERTS_DISABLED -L . -l boost_system -l boost_serialization -l boost_thread -l cln -fopenmp -l pthread -l dl -o main.do main.obj computer.obj; \
fi
main.c++: In function ‘int main(int, char**)’:
main.c++:56:29: warning: comparison between signed and unsigned integer expressions [-Wsign-compare]
  for (unsigned int i = 0; i < argc; ++ i)
                             ^
if test -f main.do && test ! -x main.do; \
#if test ! -x main.do; \
then \
	chmod +x main.do; \
fi
