if test ! -f ./lexer/lexical_analyzer.cpp; \
then \
	cd ./lexer; \
	#export QUEX_PATH=/opt/quex; \
	python2 /opt/quex/quex.py --suppress 4 --engine lexical_analyzer -i lexical_analyzer.qx; \
fi
if test ! -f main-32.do; \
then \
	#cc main.cpp /root/Documents/C++/NoWare/noware/tools.cpp /root/Documents/C++/NoWare/noware/mathematics.cpp /root/Documents/C++/NoWare/noware/mathematics/number.cpp /root/Documents/C++/NoWare/noware/network/connection.cpp /root/Documents/C++/NoWare/noware/network/ip.cpp /root/Documents/C++/NoWare/noware/network/tcp.cpp /root/Documents/C++/NoWare/noware/network/udp.cpp /root/Documents/C++/NoWare/noware/containers/variable.cpp /root/Documents/C++/NoWare/noware/containers/any.cpp /root/Documents/C++/NoWare/noware/cluster/interpreter.cpp /root/Documents/C++/NoWare/noware/cluster/processor.cpp  /root/Documents/C++/NoWare/noware/network/messaging.cpp /root/Documents/C++/NoWare/noware/cluster/memory.cpp /root/Documents/C++/NoWare/noware/cluster/cluster.cpp; \
	g++ -g -ggdb -pedantic -fpermissive -Wconversion -Wall -W -Wmain -Wcomment -Wconversion -Wunused-parameter -Wparentheses -std=c++11 -I . -I /opt/quex -I /usr/include/boost -I /root/Documents/C++/NoWare -DQUEX_OPTION_ASSERTS_DISABLED -l boost_system -l boost_serialization -l boost_thread -m32 -o main-32.do main.cpp /root/Documents/C++/NoWare/noware/tools.cpp /root/Documents/C++/NoWare/noware/mathematics.cpp /root/Documents/C++/NoWare/noware/mathematics/number.cpp /root/Documents/C++/NoWare/noware/network/connection.cpp /root/Documents/C++/NoWare/noware/network/ip.cpp /root/Documents/C++/NoWare/noware/network/tcp.cpp /root/Documents/C++/NoWare/noware/network/udp.cpp /root/Documents/C++/NoWare/noware/containers/variable.cpp /root/Documents/C++/NoWare/noware/containers/any.cpp /root/Documents/C++/NoWare/noware/cluster/interpreter.cpp /root/Documents/C++/NoWare/noware/cluster/processor.cpp  /root/Documents/C++/NoWare/noware/network/messaging.cpp /root/Documents/C++/NoWare/noware/cluster/memory.cpp /root/Documents/C++/NoWare/noware/cluster/cluster.cpp; \
fi
In file included from /root/Documents/C++/NoWare/noware/noware.hpp:9:0,
                 from main.cpp:15:
/root/Documents/C++/NoWare/noware/containers/any.hpp:199:4: warning: multi-line comment [-Wcomment]
    //#define _set (t) \
    ^
/root/Documents/C++/NoWare/noware/containers/any.hpp:204:4: warning: multi-line comment [-Wcomment]
    //#define _get () \
    ^
main.cpp:32:5: warning: first argument of ‘int main(unsigned int, char**)’ should be ‘int’ [-Wmain]
 int main (unsigned int argc, char * argv [])
     ^
/root/Documents/C++/NoWare/noware/tools.cpp: In function ‘bool noware::tools::is_numeric(const string&)’:
/root/Documents/C++/NoWare/noware/tools.cpp:53:18: warning: conversion to ‘std::basic_string<char>::size_type {aka unsigned int}’ from ‘noware::mathematics::numbers::natural {aka long long unsigned int}’ may alter its value [-Wconversion]
      if (value [i] == '.' && !decimal_found)
                  ^
/root/Documents/C++/NoWare/noware/tools.cpp:57:32: warning: conversion to ‘std::basic_string<char>::size_type {aka unsigned int}’ from ‘noware::mathematics::numbers::natural {aka long long unsigned int}’ may alter its value [-Wconversion]
     else if (!isdigit (value [i]))
                                ^
/root/Documents/C++/NoWare/noware/tools.cpp: In function ‘std::string noware::tools::reverse(const string&)’:
/root/Documents/C++/NoWare/noware/tools.cpp:268:27: warning: conversion to ‘std::basic_string<char>::size_type {aka unsigned int}’ from ‘long long int’ may alter its value [-Wconversion]
     output += input [index];
                           ^
/root/Documents/C++/NoWare/noware/tools.cpp: In function ‘char noware::tools::toggle_case(const char&)’:
/root/Documents/C++/NoWare/noware/tools.cpp:278:28: warning: conversion to ‘char’ from ‘int’ may alter its value [-Wconversion]
     return ::tolower (input);
                            ^
/root/Documents/C++/NoWare/noware/tools.cpp:282:28: warning: conversion to ‘char’ from ‘int’ may alter its value [-Wconversion]
     return ::toupper (input);
                            ^
/root/Documents/C++/NoWare/noware/tools.cpp: In function ‘std::string noware::tools::toggle_case(std::string)’:
/root/Documents/C++/NoWare/noware/tools.cpp:293:17: warning: conversion to ‘std::basic_string<char>::size_type {aka unsigned int}’ from ‘noware::mathematics::numbers::natural {aka long long unsigned int}’ may alter its value [-Wconversion]
     value [index] = toggle_case (value [index]);
                 ^
/root/Documents/C++/NoWare/noware/tools.cpp:293:46: warning: conversion to ‘std::basic_string<char>::size_type {aka unsigned int}’ from ‘noware::mathematics::numbers::natural {aka long long unsigned int}’ may alter its value [-Wconversion]
     value [index] = toggle_case (value [index]);
                                              ^
/root/Documents/C++/NoWare/noware/tools.cpp: In function ‘std::string noware::tools::multiply(const string&, const real&)’:
/root/Documents/C++/NoWare/noware/tools.cpp:306:13: warning: conversion to ‘noware::mathematics::numbers::natural {aka long long unsigned int}’ from ‘noware::mathematics::numbers::real {aka long double}’ may alter its value [-Wfloat-conversion]
    length_i = length; // get the floor (integer) of the input's length;
             ^
/root/Documents/C++/NoWare/noware/tools.cpp:307:14: warning: conversion to ‘noware::mathematics::numbers::natural {aka long long unsigned int}’ from ‘noware::mathematics::numbers::real {aka long double}’ may alter its value [-Wfloat-conversion]
    remainder = input.length () * (length - length_i /* decimal part of length */); // get the number of characters to append.
              ^
/root/Documents/C++/NoWare/noware/tools.cpp:316:23: warning: conversion to ‘std::basic_string<char>::size_type {aka unsigned int}’ from ‘noware::mathematics::numbers::natural {aka long long unsigned int}’ may alter its value [-Wconversion]
     output += input [j];
                       ^
/root/Documents/C++/NoWare/noware/tools.cpp: In function ‘void noware::tools::pause(const string&)’:
/root/Documents/C++/NoWare/noware/tools.cpp:441:8: warning: conversion to ‘short int’ from ‘ssize_t {aka int}’ may alter its value [-Wconversion]
      i = read (0, &c, 1);
        ^
/root/Documents/C++/NoWare/noware/tools.cpp: In function ‘std::string noware::tools::lower(std::string)’:
/root/Documents/C++/NoWare/noware/tools.cpp:470:13: warning: conversion to ‘std::basic_string<char>::size_type {aka unsigned int}’ from ‘long long unsigned int’ may alter its value [-Wconversion]
     value [i] = ::tolower (value [i]);
             ^
/root/Documents/C++/NoWare/noware/tools.cpp:470:36: warning: conversion to ‘std::basic_string<char>::size_type {aka unsigned int}’ from ‘long long unsigned int’ may alter its value [-Wconversion]
     value [i] = ::tolower (value [i]);
                                    ^
/root/Documents/C++/NoWare/noware/tools.cpp:470:15: warning: conversion to ‘char’ from ‘int’ may alter its value [-Wconversion]
     value [i] = ::tolower (value [i]);
               ^
/root/Documents/C++/NoWare/noware/tools.cpp: In function ‘std::string noware::tools::upper(std::string)’:
/root/Documents/C++/NoWare/noware/tools.cpp:482:13: warning: conversion to ‘std::basic_string<char>::size_type {aka unsigned int}’ from ‘long long unsigned int’ may alter its value [-Wconversion]
     value [i] = ::toupper (value [i]);
             ^
/root/Documents/C++/NoWare/noware/tools.cpp:482:36: warning: conversion to ‘std::basic_string<char>::size_type {aka unsigned int}’ from ‘long long unsigned int’ may alter its value [-Wconversion]
     value [i] = ::toupper (value [i]);
                                    ^
/root/Documents/C++/NoWare/noware/tools.cpp:482:15: warning: conversion to ‘char’ from ‘int’ may alter its value [-Wconversion]
     value [i] = ::toupper (value [i]);
               ^
/root/Documents/C++/NoWare/noware/tools.cpp: In member function ‘noware::mathematics::numbers::natural noware::tools::randomizer::generate(const natural&, const natural&)’:
/root/Documents/C++/NoWare/noware/tools.cpp:500:103: warning: conversion to ‘double’ from ‘long long unsigned int’ may alter its value [-Wconversion]
    return minimum + mathematics::numbers::natural ((maximum - minimum + 1) * rand () / (RAND_MAX + 1.0));
                                                                                                       ^
/root/Documents/C++/NoWare/noware/network/ip.cpp:108:149: warning: unused parameter ‘device’ [-Wunused-parameter]
 LIB::NAME_A <LIB::network::ip::address, LIB::mathematics::numbers::natural> LIB::network::ip::addresses (const LIB::mathematics::numbers::natural & device)
                                                                                                                                                     ^
/root/Documents/C++/NoWare/noware/containers/variable.cpp: In member function ‘noware::variable::operator int() const’:
/root/Documents/C++/NoWare/noware/containers/variable.cpp:203:17: warning: conversion to ‘int’ from ‘noware::mathematics::numbers::real {aka long double}’ may alter its value [-Wfloat-conversion]
    return value.numeric;
                 ^
/root/Documents/C++/NoWare/noware/containers/variable.cpp: In member function ‘noware::variable::operator long int() const’:
/root/Documents/C++/NoWare/noware/containers/variable.cpp:216:17: warning: conversion to ‘long int’ from ‘noware::mathematics::numbers::real {aka long double}’ may alter its value [-Wfloat-conversion]
    return value.numeric;
                 ^
/root/Documents/C++/NoWare/noware/containers/variable.cpp: In member function ‘noware::variable::operator long long int() const’:
/root/Documents/C++/NoWare/noware/containers/variable.cpp:229:17: warning: conversion to ‘long long int’ from ‘noware::mathematics::numbers::real {aka long double}’ may alter its value [-Wfloat-conversion]
    return value.numeric;
                 ^
/root/Documents/C++/NoWare/noware/containers/variable.cpp: In member function ‘noware::variable::operator unsigned int() const’:
/root/Documents/C++/NoWare/noware/containers/variable.cpp:242:17: warning: conversion to ‘unsigned int’ from ‘noware::mathematics::numbers::real {aka long double}’ may alter its value [-Wfloat-conversion]
    return value.numeric;
                 ^
/root/Documents/C++/NoWare/noware/containers/variable.cpp: In member function ‘noware::variable::operator long unsigned int() const’:
/root/Documents/C++/NoWare/noware/containers/variable.cpp:255:17: warning: conversion to ‘long unsigned int’ from ‘noware::mathematics::numbers::real {aka long double}’ may alter its value [-Wfloat-conversion]
    return value.numeric;
                 ^
/root/Documents/C++/NoWare/noware/containers/variable.cpp: In member function ‘noware::variable::operator noware::mathematics::numbers::natural() const’:
/root/Documents/C++/NoWare/noware/containers/variable.cpp:268:17: warning: conversion to ‘noware::mathematics::numbers::natural {aka long long unsigned int}’ from ‘noware::mathematics::numbers::real {aka long double}’ may alter its value [-Wfloat-conversion]
    return value.numeric;
                 ^
/root/Documents/C++/NoWare/noware/containers/variable.cpp: In member function ‘noware::variable::operator float() const’:
/root/Documents/C++/NoWare/noware/containers/variable.cpp:281:17: warning: conversion to ‘float’ from ‘noware::mathematics::numbers::real {aka long double}’ may alter its value [-Wfloat-conversion]
    return value.numeric;
                 ^
/root/Documents/C++/NoWare/noware/containers/variable.cpp: In member function ‘std::string noware::variable::substr(const long long unsigned int&, const long long unsigned int&)’:
/root/Documents/C++/NoWare/noware/containers/variable.cpp:387:55: warning: conversion to ‘std::basic_string<char>::size_type {aka unsigned int}’ from ‘long long unsigned int’ may alter its value [-Wconversion]
   return (*this).to_string ().substr (beginning, count);
                                                       ^
/root/Documents/C++/NoWare/noware/containers/variable.cpp:387:55: warning: conversion to ‘std::basic_string<char>::size_type {aka unsigned int}’ from ‘long long unsigned int’ may alter its value [-Wconversion]
/root/Documents/C++/NoWare/noware/containers/variable.cpp: In member function ‘noware::variable noware::variable::operator+(const noware::variable&)’:
/root/Documents/C++/NoWare/noware/containers/variable.cpp:593:83: warning: conversion to ‘std::basic_string<char>::size_type {aka unsigned int}’ from ‘noware::mathematics::numbers::real {aka long double}’ may alter its value [-Wfloat-conversion]
        return value.Generic.substr (0, value.Generic.length () + val.value.numeric);
                                                                                   ^
/root/Documents/C++/NoWare/noware/containers/variable.cpp: In member function ‘noware::variable noware::variable::operator-(const noware::variable&)’:
/root/Documents/C++/NoWare/noware/containers/variable.cpp:987:113: warning: conversion to ‘std::basic_string<char>::size_type {aka unsigned int}’ from ‘noware::mathematics::numbers::natural {aka long long unsigned int}’ may alter its value [-Wconversion]
      return value.Generic.substr (0, value.Generic.length () - (mathematics::numbers::natural) val.value.numeric);
                                                                                                                 ^
/root/Documents/C++/NoWare/noware/containers/variable.cpp: In member function ‘noware::variable noware::variable::operator%(const noware::variable&)’:
/root/Documents/C++/NoWare/noware/containers/variable.cpp:1571:103: warning: conversion to ‘std::basic_string<char>::size_type {aka unsigned int}’ from ‘noware::mathematics::numbers::real {aka long double}’ may alter its value [-Wfloat-conversion]
      return value.Generic.substr (value.Generic.length () - val.value.numeric, value.Generic.length ());
                                                                                                       ^
/root/Documents/C++/NoWare/noware/containers/variable.cpp:1577:56: warning: conversion to ‘std::basic_string<char>::size_type {aka unsigned int}’ from ‘noware::mathematics::numbers::real {aka long double}’ may alter its value [-Wfloat-conversion]
      return value.Generic.substr (0, -val.value.numeric);
                                                        ^
/root/Documents/C++/NoWare/noware/containers/variable.cpp: In member function ‘noware::mathematics::numbers::real noware::variable::operator^(const noware::variable&)’:
/root/Documents/C++/NoWare/noware/containers/variable.cpp:1798:49: warning: conversion to ‘double’ from ‘noware::mathematics::numbers::real {aka long double}’ may alter its value [-Wfloat-conversion]
     return pow (value.numeric, val.value.numeric);
                                                 ^
/root/Documents/C++/NoWare/noware/containers/variable.cpp:1798:49: warning: conversion to ‘double’ from ‘noware::mathematics::numbers::real {aka long double}’ may alter its value [-Wfloat-conversion]
/root/Documents/C++/NoWare/noware/containers/variable.cpp: In function ‘noware::mathematics::numbers::integer noware::operator%=(short int&, noware::variable)’:
/root/Documents/C++/NoWare/noware/containers/variable.cpp:3399:9: warning: conversion to ‘short int’ from ‘noware::mathematics::numbers::integer {aka long long int}’ may alter its value [-Wconversion]
    val1 = val1 % val2;
         ^
/root/Documents/C++/NoWare/noware/containers/variable.cpp: In function ‘noware::mathematics::numbers::integer noware::operator%=(short unsigned int&, noware::variable)’:
/root/Documents/C++/NoWare/noware/containers/variable.cpp:3407:9: warning: conversion to ‘short unsigned int’ from ‘noware::mathematics::numbers::integer {aka long long int}’ may alter its value [-Wconversion]
    val1 = val1 % val2;
         ^
/root/Documents/C++/NoWare/noware/containers/variable.cpp: In function ‘noware::mathematics::numbers::integer noware::operator%=(int&, noware::variable)’:
/root/Documents/C++/NoWare/noware/containers/variable.cpp:3415:9: warning: conversion to ‘int’ from ‘noware::mathematics::numbers::integer {aka long long int}’ may alter its value [-Wconversion]
    val1 = val1 % val2;
         ^
/root/Documents/C++/NoWare/noware/containers/variable.cpp: In function ‘noware::mathematics::numbers::integer noware::operator%=(unsigned int&, noware::variable)’:
/root/Documents/C++/NoWare/noware/containers/variable.cpp:3423:9: warning: conversion to ‘unsigned int’ from ‘noware::mathematics::numbers::integer {aka long long int}’ may alter its value [-Wconversion]
    val1 = val1 % val2;
         ^
/root/Documents/C++/NoWare/noware/containers/variable.cpp: In function ‘noware::mathematics::numbers::integer noware::operator%=(long int&, noware::variable)’:
/root/Documents/C++/NoWare/noware/containers/variable.cpp:3431:9: warning: conversion to ‘long int’ from ‘noware::mathematics::numbers::integer {aka long long int}’ may alter its value [-Wconversion]
    val1 = val1 % val2;
         ^
/root/Documents/C++/NoWare/noware/containers/variable.cpp: In function ‘noware::mathematics::numbers::integer noware::operator%=(long unsigned int&, noware::variable)’:
/root/Documents/C++/NoWare/noware/containers/variable.cpp:3439:9: warning: conversion to ‘long unsigned int’ from ‘noware::mathematics::numbers::integer {aka long long int}’ may alter its value [-Wconversion]
    val1 = val1 % val2;
         ^
/root/Documents/C++/NoWare/noware/containers/variable.cpp: In function ‘noware::mathematics::numbers::integer noware::operator%=(float&, noware::variable)’:
/root/Documents/C++/NoWare/noware/containers/variable.cpp:3463:9: warning: conversion to ‘float’ from ‘noware::mathematics::numbers::integer {aka long long int}’ may alter its value [-Wconversion]
    val1 = val1 % val2;
         ^
/root/Documents/C++/NoWare/noware/containers/variable.cpp:3465:10: warning: conversion to ‘noware::mathematics::numbers::integer {aka long long int}’ from ‘float’ may alter its value [-Wfloat-conversion]
   return val1;
          ^
/root/Documents/C++/NoWare/noware/containers/variable.cpp: In function ‘noware::mathematics::numbers::integer noware::operator%=(double&, noware::variable)’:
/root/Documents/C++/NoWare/noware/containers/variable.cpp:3471:9: warning: conversion to ‘double’ from ‘noware::mathematics::numbers::integer {aka long long int}’ may alter its value [-Wconversion]
    val1 = val1 % val2;
         ^
/root/Documents/C++/NoWare/noware/containers/variable.cpp:3473:10: warning: conversion to ‘noware::mathematics::numbers::integer {aka long long int}’ from ‘double’ may alter its value [-Wfloat-conversion]
   return val1;
          ^
/root/Documents/C++/NoWare/noware/containers/variable.cpp: In function ‘noware::mathematics::numbers::integer noware::operator%=(noware::mathematics::numbers::real&, noware::variable)’:
/root/Documents/C++/NoWare/noware/containers/variable.cpp:3481:10: warning: conversion to ‘noware::mathematics::numbers::integer {aka long long int}’ from ‘noware::mathematics::numbers::real {aka long double}’ may alter its value [-Wfloat-conversion]
   return val1;
          ^
/root/Documents/C++/NoWare/noware/containers/variable.cpp: In function ‘noware::mathematics::numbers::integer noware::operator^=(short int&, noware::variable)’:
/root/Documents/C++/NoWare/noware/containers/variable.cpp:3601:9: warning: conversion to ‘short int’ from ‘noware::mathematics::numbers::real {aka long double}’ may alter its value [-Wfloat-conversion]
    val1 = val1 ^ val2;
         ^
/root/Documents/C++/NoWare/noware/containers/variable.cpp: In function ‘noware::mathematics::numbers::integer noware::operator^=(short unsigned int&, noware::variable)’:
/root/Documents/C++/NoWare/noware/containers/variable.cpp:3609:9: warning: conversion to ‘short unsigned int’ from ‘noware::mathematics::numbers::real {aka long double}’ may alter its value [-Wfloat-conversion]
    val1 = val1 ^ val2;
         ^
/root/Documents/C++/NoWare/noware/containers/variable.cpp: In function ‘noware::mathematics::numbers::integer noware::operator^=(int&, noware::variable)’:
/root/Documents/C++/NoWare/noware/containers/variable.cpp:3617:9: warning: conversion to ‘int’ from ‘noware::mathematics::numbers::real {aka long double}’ may alter its value [-Wfloat-conversion]
    val1 = val1 ^ val2;
         ^
/root/Documents/C++/NoWare/noware/containers/variable.cpp: In function ‘noware::mathematics::numbers::integer noware::operator^=(unsigned int&, noware::variable)’:
/root/Documents/C++/NoWare/noware/containers/variable.cpp:3625:9: warning: conversion to ‘unsigned int’ from ‘noware::mathematics::numbers::real {aka long double}’ may alter its value [-Wfloat-conversion]
    val1 = val1 ^ val2;
         ^
/root/Documents/C++/NoWare/noware/containers/variable.cpp: In function ‘noware::mathematics::numbers::integer noware::operator^=(long int&, noware::variable)’:
/root/Documents/C++/NoWare/noware/containers/variable.cpp:3633:9: warning: conversion to ‘long int’ from ‘noware::mathematics::numbers::real {aka long double}’ may alter its value [-Wfloat-conversion]
    val1 = val1 ^ val2;
         ^
/root/Documents/C++/NoWare/noware/containers/variable.cpp: In function ‘noware::mathematics::numbers::integer noware::operator^=(long unsigned int&, noware::variable)’:
/root/Documents/C++/NoWare/noware/containers/variable.cpp:3641:9: warning: conversion to ‘long unsigned int’ from ‘noware::mathematics::numbers::real {aka long double}’ may alter its value [-Wfloat-conversion]
    val1 = val1 ^ val2;
         ^
/root/Documents/C++/NoWare/noware/containers/variable.cpp: In function ‘noware::mathematics::numbers::integer noware::operator^=(noware::mathematics::numbers::integer&, noware::variable)’:
/root/Documents/C++/NoWare/noware/containers/variable.cpp:3649:9: warning: conversion to ‘noware::mathematics::numbers::integer {aka long long int}’ from ‘noware::mathematics::numbers::real {aka long double}’ may alter its value [-Wfloat-conversion]
    val1 = val1 ^ val2;
         ^
/root/Documents/C++/NoWare/noware/containers/variable.cpp: In function ‘noware::mathematics::numbers::integer noware::operator^=(noware::mathematics::numbers::natural&, noware::variable)’:
/root/Documents/C++/NoWare/noware/containers/variable.cpp:3657:9: warning: conversion to ‘noware::mathematics::numbers::natural {aka long long unsigned int}’ from ‘noware::mathematics::numbers::real {aka long double}’ may alter its value [-Wfloat-conversion]
    val1 = val1 ^ val2;
         ^
/root/Documents/C++/NoWare/noware/containers/variable.cpp: In function ‘noware::mathematics::numbers::integer noware::operator^=(float&, noware::variable)’:
/root/Documents/C++/NoWare/noware/containers/variable.cpp:3665:9: warning: conversion to ‘float’ from ‘noware::mathematics::numbers::real {aka long double}’ may alter its value [-Wfloat-conversion]
    val1 = val1 ^ val2;
         ^
/root/Documents/C++/NoWare/noware/containers/variable.cpp:3667:10: warning: conversion to ‘noware::mathematics::numbers::integer {aka long long int}’ from ‘float’ may alter its value [-Wfloat-conversion]
   return val1;
          ^
/root/Documents/C++/NoWare/noware/containers/variable.cpp: In function ‘noware::mathematics::numbers::integer noware::operator^=(double&, noware::variable)’:
/root/Documents/C++/NoWare/noware/containers/variable.cpp:3673:9: warning: conversion to ‘double’ from ‘noware::mathematics::numbers::real {aka long double}’ may alter its value [-Wfloat-conversion]
    val1 = val1 ^ val2;
         ^
/root/Documents/C++/NoWare/noware/containers/variable.cpp:3675:10: warning: conversion to ‘noware::mathematics::numbers::integer {aka long long int}’ from ‘double’ may alter its value [-Wfloat-conversion]
   return val1;
          ^
/root/Documents/C++/NoWare/noware/containers/variable.cpp: In function ‘noware::mathematics::numbers::integer noware::operator^=(noware::mathematics::numbers::real&, noware::variable)’:
/root/Documents/C++/NoWare/noware/containers/variable.cpp:3683:10: warning: conversion to ‘noware::mathematics::numbers::integer {aka long long int}’ from ‘noware::mathematics::numbers::real {aka long double}’ may alter its value [-Wfloat-conversion]
   return val1;
          ^
/root/Documents/C++/NoWare/noware/containers/variable.cpp: At global scope:
/root/Documents/C++/NoWare/noware/containers/variable.cpp:4767:35: warning: unused parameter ‘val’ [-Wunused-parameter]
  NAME_V  NAME_V::operator ++ (int val)
                                   ^
/root/Documents/C++/NoWare/noware/containers/variable.cpp:4777:35: warning: unused parameter ‘val’ [-Wunused-parameter]
  NAME_V  NAME_V::operator -- (int val)
                                   ^
/root/Documents/C++/NoWare/noware/containers/variable.cpp: In function ‘std::string tolower(noware::variable&)’:
/root/Documents/C++/NoWare/noware/containers/variable.cpp:4796:7: warning: conversion to ‘std::basic_string<char>::size_type {aka unsigned int}’ from ‘noware::mathematics::numbers::natural {aka long long unsigned int}’ may alter its value [-Wconversion]
   s [i] = tolower (s [i]);
       ^
/root/Documents/C++/NoWare/noware/containers/variable.cpp:4796:24: warning: conversion to ‘std::basic_string<char>::size_type {aka unsigned int}’ from ‘noware::mathematics::numbers::natural {aka long long unsigned int}’ may alter its value [-Wconversion]
   s [i] = tolower (s [i]);
                        ^
/root/Documents/C++/NoWare/noware/containers/variable.cpp:4796:9: warning: conversion to ‘char’ from ‘int’ may alter its value [-Wconversion]
   s [i] = tolower (s [i]);
         ^
/root/Documents/C++/NoWare/noware/containers/variable.cpp: In function ‘std::string toupper(noware::variable&)’:
/root/Documents/C++/NoWare/noware/containers/variable.cpp:4810:7: warning: conversion to ‘std::basic_string<char>::size_type {aka unsigned int}’ from ‘noware::mathematics::numbers::natural {aka long long unsigned int}’ may alter its value [-Wconversion]
   s [i] = toupper (s [i]);
       ^
/root/Documents/C++/NoWare/noware/containers/variable.cpp:4810:24: warning: conversion to ‘std::basic_string<char>::size_type {aka unsigned int}’ from ‘noware::mathematics::numbers::natural {aka long long unsigned int}’ may alter its value [-Wconversion]
   s [i] = toupper (s [i]);
                        ^
/root/Documents/C++/NoWare/noware/containers/variable.cpp:4810:9: warning: conversion to ‘char’ from ‘int’ may alter its value [-Wconversion]
   s [i] = toupper (s [i]);
         ^
/root/Documents/C++/NoWare/noware/cluster/processor.cpp: In member function ‘bool noware::cluster::processor::execute(noware::cluster::processor::instruction)’:
/root/Documents/C++/NoWare/noware/cluster/processor.cpp:922:11: warning: enumeration value ‘none’ not handled in switch [-Wswitch]
    switch (instruction_.action)
           ^
/root/Documents/C++/NoWare/noware/cluster/processor.cpp:922:11: warning: enumeration value ‘modulus’ not handled in switch [-Wswitch]
/root/Documents/C++/NoWare/noware/cluster/processor.cpp:922:11: warning: enumeration value ‘complement’ not handled in switch [-Wswitch]
/root/Documents/C++/NoWare/noware/cluster/processor.cpp:922:11: warning: enumeration value ‘assignment’ not handled in switch [-Wswitch]
/root/Documents/C++/NoWare/noware/cluster/processor.cpp:922:11: warning: enumeration value ‘output’ not handled in switch [-Wswitch]
/root/Documents/C++/NoWare/noware/cluster/processor.cpp:903:9: warning: enumeration value ‘none’ not handled in switch [-Wswitch]
  switch (instruction_.action)
         ^
/root/Documents/C++/NoWare/noware/cluster/processor.cpp: In instantiation of ‘void noware::cluster::processor::instruction::serialize(Archive&, unsigned int) [with Archive = boost::archive::text_oarchive]’:
/usr/include/boost/serialization/access.hpp:118:9:   required from ‘static void boost::serialization::access::serialize(Archive&, T&, unsigned int) [with Archive = boost::archive::text_oarchive; T = noware::cluster::processor::instruction]’
/usr/include/boost/serialization/serialization.hpp:69:69:   required from ‘void boost::serialization::serialize(Archive&, T&, unsigned int) [with Archive = boost::archive::text_oarchive; T = noware::cluster::processor::instruction]’
/usr/include/boost/serialization/serialization.hpp:128:27:   required from ‘void boost::serialization::serialize_adl(Archive&, T&, unsigned int) [with Archive = boost::archive::text_oarchive; T = noware::cluster::processor::instruction]’
/usr/include/boost/archive/detail/oserializer.hpp:152:5:   required from ‘void boost::archive::detail::oserializer<Archive, T>::save_object_data(boost::archive::detail::basic_oarchive&, const void*) const [with Archive = boost::archive::text_oarchive; T = noware::cluster::processor::instruction]’
/usr/include/boost/archive/detail/oserializer.hpp:101:1:   required from ‘class boost::archive::detail::oserializer<boost::archive::text_oarchive, noware::cluster::processor::instruction>’
/usr/include/boost/archive/detail/oserializer.hpp:253:13:   [ skipping 3 instantiation contexts, use -ftemplate-backtrace-limit=0 to disable ]
/usr/include/boost/archive/detail/oserializer.hpp:525:24:   required from ‘void boost::archive::save(Archive&, T&) [with Archive = boost::archive::text_oarchive; T = noware::cluster::processor::instruction]’
/usr/include/boost/archive/detail/common_oarchive.hpp:69:40:   required from ‘void boost::archive::detail::common_oarchive<Archive>::save_override(T&, int) [with T = noware::cluster::processor::instruction; Archive = boost::archive::text_oarchive]’
/usr/include/boost/archive/basic_text_oarchive.hpp:80:9:   required from ‘void boost::archive::basic_text_oarchive<Archive>::save_override(T&, int) [with T = noware::cluster::processor::instruction; Archive = boost::archive::text_oarchive]’
/usr/include/boost/archive/detail/interface_oarchive.hpp:63:9:   required from ‘Archive& boost::archive::detail::interface_oarchive<Archive>::operator<<(T&) [with T = noware::cluster::processor::instruction; Archive = boost::archive::text_oarchive]’
/root/Documents/C++/NoWare/noware/cluster/../serialization.tpp:55:5:   required from ‘std::string noware::serialize(type) [with type = noware::cluster::processor::instruction; std::string = std::basic_string<char>]’
/root/Documents/C++/NoWare/noware/cluster/processor.cpp:92:69:   required from here
/root/Documents/C++/NoWare/noware/cluster/processor.cpp:61:93: warning: unused parameter ‘version’ [-Wunused-parameter]
 void LIB::cluster::processor::instruction::serialize (Archive & archive, const unsigned int version)
                                                                                             ^
/root/Documents/C++/NoWare/noware/cluster/processor.cpp: In instantiation of ‘void noware::cluster::processor::instruction::serialize(Archive&, unsigned int) [with Archive = boost::archive::text_iarchive]’:
/usr/include/boost/serialization/access.hpp:118:9:   required from ‘static void boost::serialization::access::serialize(Archive&, T&, unsigned int) [with Archive = boost::archive::text_iarchive; T = noware::cluster::processor::instruction]’
/usr/include/boost/serialization/serialization.hpp:69:69:   required from ‘void boost::serialization::serialize(Archive&, T&, unsigned int) [with Archive = boost::archive::text_iarchive; T = noware::cluster::processor::instruction]’
/usr/include/boost/serialization/serialization.hpp:128:27:   required from ‘void boost::serialization::serialize_adl(Archive&, T&, unsigned int) [with Archive = boost::archive::text_iarchive; T = noware::cluster::processor::instruction]’
/usr/include/boost/archive/detail/iserializer.hpp:192:5:   required from ‘void boost::archive::detail::iserializer<Archive, T>::load_object_data(boost::archive::detail::basic_iarchive&, void*, unsigned int) const [with Archive = boost::archive::text_iarchive; T = noware::cluster::processor::instruction]’
/usr/include/boost/archive/detail/iserializer.hpp:120:1:   required from ‘class boost::archive::detail::iserializer<boost::archive::text_iarchive, noware::cluster::processor::instruction>’
/usr/include/boost/archive/detail/iserializer.hpp:387:13:   [ skipping 3 instantiation contexts, use -ftemplate-backtrace-limit=0 to disable ]
/usr/include/boost/archive/detail/common_iarchive.hpp:66:40:   required from ‘void boost::archive::detail::common_iarchive<Archive>::load_override(T&, int) [with T = noware::cluster::processor::instruction; Archive = boost::archive::text_iarchive]’
/usr/include/boost/archive/basic_text_iarchive.hpp:65:9:   required from ‘void boost::archive::basic_text_iarchive<Archive>::load_override(T&, int) [with T = noware::cluster::processor::instruction; Archive = boost::archive::text_iarchive]’
/usr/include/boost/archive/text_iarchive.hpp:82:57:   required from ‘void boost::archive::text_iarchive_impl<Archive>::load_override(T&, int) [with T = noware::cluster::processor::instruction; Archive = boost::archive::text_iarchive]’
/usr/include/boost/archive/detail/interface_iarchive.hpp:60:9:   required from ‘Archive& boost::archive::detail::interface_iarchive<Archive>::operator>>(T&) [with T = noware::cluster::processor::instruction; Archive = boost::archive::text_iarchive]’
/root/Documents/C++/NoWare/noware/cluster/../serialization.tpp:25:5:   required from ‘bool noware::parse(std::string, type&) [with type = noware::cluster::processor::instruction; std::string = std::basic_string<char>]’
/root/Documents/C++/NoWare/noware/cluster/processor.cpp:97:66:   required from here
/root/Documents/C++/NoWare/noware/cluster/processor.cpp:61:93: warning: unused parameter ‘version’ [-Wunused-parameter]
/root/Documents/C++/NoWare/noware/cluster/processor.cpp: In instantiation of ‘void noware::cluster::processor::instructions::serialize(Archive&, unsigned int) [with Archive = boost::archive::text_oarchive]’:
/usr/include/boost/serialization/access.hpp:118:9:   required from ‘static void boost::serialization::access::serialize(Archive&, T&, unsigned int) [with Archive = boost::archive::text_oarchive; T = noware::cluster::processor::instructions]’
/usr/include/boost/serialization/serialization.hpp:69:69:   required from ‘void boost::serialization::serialize(Archive&, T&, unsigned int) [with Archive = boost::archive::text_oarchive; T = noware::cluster::processor::instructions]’
/usr/include/boost/serialization/serialization.hpp:128:27:   required from ‘void boost::serialization::serialize_adl(Archive&, T&, unsigned int) [with Archive = boost::archive::text_oarchive; T = noware::cluster::processor::instructions]’
/usr/include/boost/archive/detail/oserializer.hpp:152:5:   required from ‘void boost::archive::detail::oserializer<Archive, T>::save_object_data(boost::archive::detail::basic_oarchive&, const void*) const [with Archive = boost::archive::text_oarchive; T = noware::cluster::processor::instructions]’
/usr/include/boost/archive/detail/oserializer.hpp:101:1:   required from ‘class boost::archive::detail::oserializer<boost::archive::text_oarchive, noware::cluster::processor::instructions>’
/usr/include/boost/archive/detail/oserializer.hpp:253:13:   [ skipping 3 instantiation contexts, use -ftemplate-backtrace-limit=0 to disable ]
/usr/include/boost/archive/detail/oserializer.hpp:525:24:   required from ‘void boost::archive::save(Archive&, T&) [with Archive = boost::archive::text_oarchive; T = noware::cluster::processor::instructions]’
/usr/include/boost/archive/detail/common_oarchive.hpp:69:40:   required from ‘void boost::archive::detail::common_oarchive<Archive>::save_override(T&, int) [with T = noware::cluster::processor::instructions; Archive = boost::archive::text_oarchive]’
/usr/include/boost/archive/basic_text_oarchive.hpp:80:9:   required from ‘void boost::archive::basic_text_oarchive<Archive>::save_override(T&, int) [with T = noware::cluster::processor::instructions; Archive = boost::archive::text_oarchive]’
/usr/include/boost/archive/detail/interface_oarchive.hpp:63:9:   required from ‘Archive& boost::archive::detail::interface_oarchive<Archive>::operator<<(T&) [with T = noware::cluster::processor::instructions; Archive = boost::archive::text_oarchive]’
/root/Documents/C++/NoWare/noware/cluster/../serialization.tpp:55:5:   required from ‘std::string noware::serialize(type) [with type = noware::cluster::processor::instructions; std::string = std::basic_string<char>]’
/root/Documents/C++/NoWare/noware/cluster/processor.cpp:145:70:   required from here
/root/Documents/C++/NoWare/noware/cluster/processor.cpp:136:66: warning: unused parameter ‘archive’ [-Wunused-parameter]
 void LIB::cluster::processor::instructions::serialize (Archive & archive, const unsigned int version)
                                                                  ^
/root/Documents/C++/NoWare/noware/cluster/processor.cpp:136:94: warning: unused parameter ‘version’ [-Wunused-parameter]
 void LIB::cluster::processor::instructions::serialize (Archive & archive, const unsigned int version)
                                                                                              ^
/root/Documents/C++/NoWare/noware/cluster/processor.cpp: In instantiation of ‘void noware::cluster::processor::instructions::serialize(Archive&, unsigned int) [with Archive = boost::archive::text_iarchive]’:
/usr/include/boost/serialization/access.hpp:118:9:   required from ‘static void boost::serialization::access::serialize(Archive&, T&, unsigned int) [with Archive = boost::archive::text_iarchive; T = noware::cluster::processor::instructions]’
/usr/include/boost/serialization/serialization.hpp:69:69:   required from ‘void boost::serialization::serialize(Archive&, T&, unsigned int) [with Archive = boost::archive::text_iarchive; T = noware::cluster::processor::instructions]’
/usr/include/boost/serialization/serialization.hpp:128:27:   required from ‘void boost::serialization::serialize_adl(Archive&, T&, unsigned int) [with Archive = boost::archive::text_iarchive; T = noware::cluster::processor::instructions]’
/usr/include/boost/archive/detail/iserializer.hpp:192:5:   required from ‘void boost::archive::detail::iserializer<Archive, T>::load_object_data(boost::archive::detail::basic_iarchive&, void*, unsigned int) const [with Archive = boost::archive::text_iarchive; T = noware::cluster::processor::instructions]’
/usr/include/boost/archive/detail/iserializer.hpp:120:1:   required from ‘class boost::archive::detail::iserializer<boost::archive::text_iarchive, noware::cluster::processor::instructions>’
/usr/include/boost/archive/detail/iserializer.hpp:387:13:   [ skipping 3 instantiation contexts, use -ftemplate-backtrace-limit=0 to disable ]
/usr/include/boost/archive/detail/common_iarchive.hpp:66:40:   required from ‘void boost::archive::detail::common_iarchive<Archive>::load_override(T&, int) [with T = noware::cluster::processor::instructions; Archive = boost::archive::text_iarchive]’
/usr/include/boost/archive/basic_text_iarchive.hpp:65:9:   required from ‘void boost::archive::basic_text_iarchive<Archive>::load_override(T&, int) [with T = noware::cluster::processor::instructions; Archive = boost::archive::text_iarchive]’
/usr/include/boost/archive/text_iarchive.hpp:82:57:   required from ‘void boost::archive::text_iarchive_impl<Archive>::load_override(T&, int) [with T = noware::cluster::processor::instructions; Archive = boost::archive::text_iarchive]’
/usr/include/boost/archive/detail/interface_iarchive.hpp:60:9:   required from ‘Archive& boost::archive::detail::interface_iarchive<Archive>::operator>>(T&) [with T = noware::cluster::processor::instructions; Archive = boost::archive::text_iarchive]’
/root/Documents/C++/NoWare/noware/cluster/../serialization.tpp:25:5:   required from ‘bool noware::parse(std::string, type&) [with type = noware::cluster::processor::instructions; std::string = std::basic_string<char>]’
/root/Documents/C++/NoWare/noware/cluster/processor.cpp:150:67:   required from here
/root/Documents/C++/NoWare/noware/cluster/processor.cpp:136:66: warning: unused parameter ‘archive’ [-Wunused-parameter]
 void LIB::cluster::processor::instructions::serialize (Archive & archive, const unsigned int version)
                                                                  ^
/root/Documents/C++/NoWare/noware/cluster/processor.cpp:136:94: warning: unused parameter ‘version’ [-Wunused-parameter]
 void LIB::cluster::processor::instructions::serialize (Archive & archive, const unsigned int version)
                                                                                              ^
In file included from /root/Documents/C++/NoWare/noware/cluster/../containers/array.hpp:31:0,
                 from /root/Documents/C++/NoWare/noware/cluster/processor.hpp:26,
                 from /root/Documents/C++/NoWare/noware/cluster/processor.cpp:17:
/root/Documents/C++/NoWare/noware/cluster/../containers/variable.hpp: In instantiation of ‘void noware::variable::serialize(Archive&, unsigned int) [with Archive = boost::archive::text_oarchive]’:
/usr/include/boost/serialization/access.hpp:118:9:   required from ‘static void boost::serialization::access::serialize(Archive&, T&, unsigned int) [with Archive = boost::archive::text_oarchive; T = noware::variable]’
/usr/include/boost/serialization/serialization.hpp:69:69:   required from ‘void boost::serialization::serialize(Archive&, T&, unsigned int) [with Archive = boost::archive::text_oarchive; T = noware::variable]’
/usr/include/boost/serialization/serialization.hpp:128:27:   required from ‘void boost::serialization::serialize_adl(Archive&, T&, unsigned int) [with Archive = boost::archive::text_oarchive; T = noware::variable]’
/usr/include/boost/archive/detail/oserializer.hpp:152:5:   required from ‘void boost::archive::detail::oserializer<Archive, T>::save_object_data(boost::archive::detail::basic_oarchive&, const void*) const [with Archive = boost::archive::text_oarchive; T = noware::variable]’
/usr/include/boost/archive/detail/oserializer.hpp:101:1:   required from ‘class boost::archive::detail::oserializer<boost::archive::text_oarchive, noware::variable>’
/usr/include/boost/archive/detail/oserializer.hpp:253:13:   [ skipping 16 instantiation contexts, use -ftemplate-backtrace-limit=0 to disable ]
/usr/include/boost/archive/detail/oserializer.hpp:525:24:   required from ‘void boost::archive::save(Archive&, T&) [with Archive = boost::archive::text_oarchive; T = noware::cluster::processor::instruction]’
/usr/include/boost/archive/detail/common_oarchive.hpp:69:40:   required from ‘void boost::archive::detail::common_oarchive<Archive>::save_override(T&, int) [with T = noware::cluster::processor::instruction; Archive = boost::archive::text_oarchive]’
/usr/include/boost/archive/basic_text_oarchive.hpp:80:9:   required from ‘void boost::archive::basic_text_oarchive<Archive>::save_override(T&, int) [with T = noware::cluster::processor::instruction; Archive = boost::archive::text_oarchive]’
/usr/include/boost/archive/detail/interface_oarchive.hpp:63:9:   required from ‘Archive& boost::archive::detail::interface_oarchive<Archive>::operator<<(T&) [with T = noware::cluster::processor::instruction; Archive = boost::archive::text_oarchive]’
/root/Documents/C++/NoWare/noware/cluster/../serialization.tpp:55:5:   required from ‘std::string noware::serialize(type) [with type = noware::cluster::processor::instruction; std::string = std::basic_string<char>]’
/root/Documents/C++/NoWare/noware/cluster/processor.cpp:92:69:   required from here
/root/Documents/C++/NoWare/noware/cluster/../containers/variable.hpp:72:62: warning: unused parameter ‘version’ [-Wunused-parameter]
    void serialize (Archive & destination, const unsigned int version)
                                                              ^
/root/Documents/C++/NoWare/noware/cluster/../containers/variable.hpp: In instantiation of ‘void noware::variable::serialize(Archive&, unsigned int) [with Archive = boost::archive::text_iarchive]’:
/usr/include/boost/serialization/access.hpp:118:9:   required from ‘static void boost::serialization::access::serialize(Archive&, T&, unsigned int) [with Archive = boost::archive::text_iarchive; T = noware::variable]’
/usr/include/boost/serialization/serialization.hpp:69:69:   required from ‘void boost::serialization::serialize(Archive&, T&, unsigned int) [with Archive = boost::archive::text_iarchive; T = noware::variable]’
/usr/include/boost/serialization/serialization.hpp:128:27:   required from ‘void boost::serialization::serialize_adl(Archive&, T&, unsigned int) [with Archive = boost::archive::text_iarchive; T = noware::variable]’
/usr/include/boost/archive/detail/iserializer.hpp:192:5:   required from ‘void boost::archive::detail::iserializer<Archive, T>::load_object_data(boost::archive::detail::basic_iarchive&, void*, unsigned int) const [with Archive = boost::archive::text_iarchive; T = noware::variable]’
/usr/include/boost/archive/detail/iserializer.hpp:120:1:   required from ‘class boost::archive::detail::iserializer<boost::archive::text_iarchive, noware::variable>’
/usr/include/boost/archive/detail/iserializer.hpp:387:13:   [ skipping 17 instantiation contexts, use -ftemplate-backtrace-limit=0 to disable ]
/usr/include/boost/archive/detail/common_iarchive.hpp:66:40:   required from ‘void boost::archive::detail::common_iarchive<Archive>::load_override(T&, int) [with T = noware::cluster::processor::instruction; Archive = boost::archive::text_iarchive]’
/usr/include/boost/archive/basic_text_iarchive.hpp:65:9:   required from ‘void boost::archive::basic_text_iarchive<Archive>::load_override(T&, int) [with T = noware::cluster::processor::instruction; Archive = boost::archive::text_iarchive]’
/usr/include/boost/archive/text_iarchive.hpp:82:57:   required from ‘void boost::archive::text_iarchive_impl<Archive>::load_override(T&, int) [with T = noware::cluster::processor::instruction; Archive = boost::archive::text_iarchive]’
/usr/include/boost/archive/detail/interface_iarchive.hpp:60:9:   required from ‘Archive& boost::archive::detail::interface_iarchive<Archive>::operator>>(T&) [with T = noware::cluster::processor::instruction; Archive = boost::archive::text_iarchive]’
/root/Documents/C++/NoWare/noware/cluster/../serialization.tpp:25:5:   required from ‘bool noware::parse(std::string, type&) [with type = noware::cluster::processor::instruction; std::string = std::basic_string<char>]’
/root/Documents/C++/NoWare/noware/cluster/processor.cpp:97:66:   required from here
/root/Documents/C++/NoWare/noware/cluster/../containers/variable.hpp:72:62: warning: unused parameter ‘version’ [-Wunused-parameter]
/root/Documents/C++/NoWare/noware/cluster/../containers/variable.hpp: In instantiation of ‘void noware::variable::container::serialize(Archive&, unsigned int) [with Archive = boost::archive::text_oarchive]’:
/usr/include/boost/serialization/access.hpp:118:9:   required from ‘static void boost::serialization::access::serialize(Archive&, T&, unsigned int) [with Archive = boost::archive::text_oarchive; T = noware::variable::container]’
/usr/include/boost/serialization/serialization.hpp:69:69:   required from ‘void boost::serialization::serialize(Archive&, T&, unsigned int) [with Archive = boost::archive::text_oarchive; T = noware::variable::container]’
/usr/include/boost/serialization/serialization.hpp:128:27:   required from ‘void boost::serialization::serialize_adl(Archive&, T&, unsigned int) [with Archive = boost::archive::text_oarchive; T = noware::variable::container]’
/usr/include/boost/archive/detail/oserializer.hpp:152:5:   required from ‘void boost::archive::detail::oserializer<Archive, T>::save_object_data(boost::archive::detail::basic_oarchive&, const void*) const [with Archive = boost::archive::text_oarchive; T = noware::variable::container]’
/usr/include/boost/archive/detail/oserializer.hpp:101:1:   required from ‘class boost::archive::detail::oserializer<boost::archive::text_oarchive, noware::variable::container>’
/usr/include/boost/archive/detail/oserializer.hpp:253:13:   [ skipping 29 instantiation contexts, use -ftemplate-backtrace-limit=0 to disable ]
/usr/include/boost/archive/detail/oserializer.hpp:525:24:   required from ‘void boost::archive::save(Archive&, T&) [with Archive = boost::archive::text_oarchive; T = noware::cluster::processor::instruction]’
/usr/include/boost/archive/detail/common_oarchive.hpp:69:40:   required from ‘void boost::archive::detail::common_oarchive<Archive>::save_override(T&, int) [with T = noware::cluster::processor::instruction; Archive = boost::archive::text_oarchive]’
/usr/include/boost/archive/basic_text_oarchive.hpp:80:9:   required from ‘void boost::archive::basic_text_oarchive<Archive>::save_override(T&, int) [with T = noware::cluster::processor::instruction; Archive = boost::archive::text_oarchive]’
/usr/include/boost/archive/detail/interface_oarchive.hpp:63:9:   required from ‘Archive& boost::archive::detail::interface_oarchive<Archive>::operator<<(T&) [with T = noware::cluster::processor::instruction; Archive = boost::archive::text_oarchive]’
/root/Documents/C++/NoWare/noware/cluster/../serialization.tpp:55:5:   required from ‘std::string noware::serialize(type) [with type = noware::cluster::processor::instruction; std::string = std::basic_string<char>]’
/root/Documents/C++/NoWare/noware/cluster/processor.cpp:92:69:   required from here
/root/Documents/C++/NoWare/noware/cluster/../containers/variable.hpp:55:64: warning: unused parameter ‘version’ [-Wunused-parameter]
      void serialize (Archive & destination, const unsigned int version)
                                                                ^
/root/Documents/C++/NoWare/noware/cluster/../containers/variable.hpp: In instantiation of ‘void noware::variable::container::serialize(Archive&, unsigned int) [with Archive = boost::archive::text_iarchive]’:
/usr/include/boost/serialization/access.hpp:118:9:   required from ‘static void boost::serialization::access::serialize(Archive&, T&, unsigned int) [with Archive = boost::archive::text_iarchive; T = noware::variable::container]’
/usr/include/boost/serialization/serialization.hpp:69:69:   required from ‘void boost::serialization::serialize(Archive&, T&, unsigned int) [with Archive = boost::archive::text_iarchive; T = noware::variable::container]’
/usr/include/boost/serialization/serialization.hpp:128:27:   required from ‘void boost::serialization::serialize_adl(Archive&, T&, unsigned int) [with Archive = boost::archive::text_iarchive; T = noware::variable::container]’
/usr/include/boost/archive/detail/iserializer.hpp:192:5:   required from ‘void boost::archive::detail::iserializer<Archive, T>::load_object_data(boost::archive::detail::basic_iarchive&, void*, unsigned int) const [with Archive = boost::archive::text_iarchive; T = noware::variable::container]’
/usr/include/boost/archive/detail/iserializer.hpp:120:1:   required from ‘class boost::archive::detail::iserializer<boost::archive::text_iarchive, noware::variable::container>’
/usr/include/boost/archive/detail/iserializer.hpp:387:13:   [ skipping 31 instantiation contexts, use -ftemplate-backtrace-limit=0 to disable ]
/usr/include/boost/archive/detail/common_iarchive.hpp:66:40:   required from ‘void boost::archive::detail::common_iarchive<Archive>::load_override(T&, int) [with T = noware::cluster::processor::instruction; Archive = boost::archive::text_iarchive]’
/usr/include/boost/archive/basic_text_iarchive.hpp:65:9:   required from ‘void boost::archive::basic_text_iarchive<Archive>::load_override(T&, int) [with T = noware::cluster::processor::instruction; Archive = boost::archive::text_iarchive]’
/usr/include/boost/archive/text_iarchive.hpp:82:57:   required from ‘void boost::archive::text_iarchive_impl<Archive>::load_override(T&, int) [with T = noware::cluster::processor::instruction; Archive = boost::archive::text_iarchive]’
/usr/include/boost/archive/detail/interface_iarchive.hpp:60:9:   required from ‘Archive& boost::archive::detail::interface_iarchive<Archive>::operator>>(T&) [with T = noware::cluster::processor::instruction; Archive = boost::archive::text_iarchive]’
/root/Documents/C++/NoWare/noware/cluster/../serialization.tpp:25:5:   required from ‘bool noware::parse(std::string, type&) [with type = noware::cluster::processor::instruction; std::string = std::basic_string<char>]’
/root/Documents/C++/NoWare/noware/cluster/processor.cpp:97:66:   required from here
/root/Documents/C++/NoWare/noware/cluster/../containers/variable.hpp:55:64: warning: unused parameter ‘version’ [-Wunused-parameter]
/root/Documents/C++/NoWare/noware/network/messaging.cpp:1132:54: warning: "/*" within comment [-Wcomment]
   boost::asio::ip::udp::socket socket (io/*, endpoint/*.protocol ()*/);
 ^
/root/Documents/C++/NoWare/noware/network/messaging.cpp: In member function ‘void noware::network::mpi::stop()’:
/root/Documents/C++/NoWare/noware/network/messaging.cpp:171:22: warning: conversion to ‘long unsigned int’ from ‘noware::mathematics::numbers::natural {aka long long unsigned int}’ may alter its value [-Wconversion]
    delete handlers [i];
                      ^
/root/Documents/C++/NoWare/noware/network/messaging.cpp:155:54: warning: unused variable ‘m’ [-Wunused-variable]
  mathematics::numbers::natural n = handlers.size (), m, i, j;
                                                      ^
/root/Documents/C++/NoWare/noware/network/messaging.cpp:155:60: warning: unused variable ‘j’ [-Wunused-variable]
  mathematics::numbers::natural n = handlers.size (), m, i, j;
                                                            ^
/root/Documents/C++/NoWare/noware/network/messaging.cpp: In member function ‘std::string noware::network::mpi::receive(const string&, const short unsigned int&)’:
/root/Documents/C++/NoWare/noware/network/messaging.cpp:554:29: warning: ISO C++ forbids variable length array ‘data’ [-Wvla]
   char data [available_chars];
                             ^
/root/Documents/C++/NoWare/noware/network/messaging.cpp:569:105: warning: conversion to ‘std::size_t {aka unsigned int}’ from ‘long long unsigned int’ may alter its value [-Wconversion]
   /*size_t len = */boost::asio::read (socket/*_tcp_receive*/, boost::asio::buffer (data, available_chars));
                                                                                                         ^
/root/Documents/C++/NoWare/noware/network/messaging.cpp:607:89: warning: conversion to ‘std::basic_string<char>::size_type {aka unsigned int}’ from ‘long long unsigned int’ may alter its value [-Wconversion]
   std::cout << "Messaging.cpp: Received Message [" << message.substr (0, available_chars) << "]" << std::endl;
                                                                                         ^
/root/Documents/C++/NoWare/noware/network/messaging.cpp:617:44: warning: conversion to ‘std::basic_string<char>::size_type {aka unsigned int}’ from ‘long long unsigned int’ may alter its value [-Wconversion]
   return message.substr (0, available_chars);
                                            ^
/root/Documents/C++/NoWare/noware/network/messaging.cpp: At global scope:
/root/Documents/C++/NoWare/noware/network/messaging.cpp:666:150: warning: unused parameter ‘port’ [-Wunused-parameter]
 bool LIB::network::mpi::receive_async (const boost::function <void (std::string)> & handler, const std::string & address, const unsigned short int & port)
                                                                                                                                                      ^
/root/Documents/C++/NoWare/noware/network/messaging.cpp:676:147: warning: unused parameter ‘address’ [-Wunused-parameter]
 bool LIB::network::mpi::receive_async (const boost::function <void (std::string)> & handler, const unsigned short int & port, const std::string & address)
                                                                                                                                                   ^
/root/Documents/C++/NoWare/noware/network/messaging.cpp: In member function ‘bool noware::network::mpi::receive_async(const boost::function<void(std::basic_string<char>)>&, const string&, const short unsigned int&, const bool&)’:
/root/Documents/C++/NoWare/noware/network/messaging.cpp:701:61: error: no matching function for call to ‘hash_combine(long unsigned int&, noware::network::ip::protocol)’
  boost::hash_combine <ip::protocol> (hash, ip::protocol::tcp);
                                                             ^
/root/Documents/C++/NoWare/noware/network/messaging.cpp:701:61: note: candidate is:
In file included from /usr/include/boost/functional/hash.hpp:6:0,
                 from /usr/include/boost/thread/detail/thread.hpp:37,
                 from /usr/include/boost/thread/thread_only.hpp:22,
                 from /usr/include/boost/thread/thread.hpp:12,
                 from /usr/include/boost/thread.hpp:13,
                 from /root/Documents/C++/NoWare/noware/network/messaging.cpp:6:
/usr/include/boost/functional/hash/hash.hpp:252:17: note: template<class T> void boost::hash_combine(std::size_t&, const T&)
     inline void hash_combine(std::size_t& seed, T const& v)
                 ^
/usr/include/boost/functional/hash/hash.hpp:252:17: note:   template argument deduction/substitution failed:
/root/Documents/C++/NoWare/noware/network/messaging.cpp:701:61: note:   cannot convert ‘hash’ (type ‘long unsigned int’) to type ‘std::size_t& {aka unsigned int&}’
  boost::hash_combine <ip::protocol> (hash, ip::protocol::tcp);
                                                             ^
/root/Documents/C++/NoWare/noware/network/messaging.cpp:702:58: error: no matching function for call to ‘hash_combine(long unsigned int&, const string&)’
  boost::hash_combine <const std::string &> (hash, address);
                                                          ^
/root/Documents/C++/NoWare/noware/network/messaging.cpp:702:58: note: candidate is:
In file included from /usr/include/boost/functional/hash.hpp:6:0,
                 from /usr/include/boost/thread/detail/thread.hpp:37,
                 from /usr/include/boost/thread/thread_only.hpp:22,
                 from /usr/include/boost/thread/thread.hpp:12,
                 from /usr/include/boost/thread.hpp:13,
                 from /root/Documents/C++/NoWare/noware/network/messaging.cpp:6:
/usr/include/boost/functional/hash/hash.hpp:252:17: note: template<class T> void boost::hash_combine(std::size_t&, const T&)
     inline void hash_combine(std::size_t& seed, T const& v)
                 ^
/usr/include/boost/functional/hash/hash.hpp:252:17: note:   template argument deduction/substitution failed:
/root/Documents/C++/NoWare/noware/network/messaging.cpp:702:58: note:   cannot convert ‘hash’ (type ‘long unsigned int’) to type ‘std::size_t& {aka unsigned int&}’
  boost::hash_combine <const std::string &> (hash, address);
                                                          ^
/root/Documents/C++/NoWare/noware/network/messaging.cpp:705:62: error: no matching function for call to ‘hash_combine(long unsigned int&, const short unsigned int&)’
  boost::hash_combine <const unsigned short int &> (hash, port);
                                                              ^
/root/Documents/C++/NoWare/noware/network/messaging.cpp:705:62: note: candidate is:
In file included from /usr/include/boost/functional/hash.hpp:6:0,
                 from /usr/include/boost/thread/detail/thread.hpp:37,
                 from /usr/include/boost/thread/thread_only.hpp:22,
                 from /usr/include/boost/thread/thread.hpp:12,
                 from /usr/include/boost/thread.hpp:13,
                 from /root/Documents/C++/NoWare/noware/network/messaging.cpp:6:
/usr/include/boost/functional/hash/hash.hpp:252:17: note: template<class T> void boost::hash_combine(std::size_t&, const T&)
     inline void hash_combine(std::size_t& seed, T const& v)
                 ^
/usr/include/boost/functional/hash/hash.hpp:252:17: note:   template argument deduction/substitution failed:
/root/Documents/C++/NoWare/noware/network/messaging.cpp:705:62: note:   cannot convert ‘hash’ (type ‘long unsigned int’) to type ‘std::size_t& {aka unsigned int&}’
  boost::hash_combine <const unsigned short int &> (hash, port);
                                                              ^
/root/Documents/C++/NoWare/noware/network/messaging.cpp: In member function ‘void noware::network::mpi::receive_async_handler(const boost::function<void(std::basic_string<char>)>&, const string&, const short unsigned int&, const bool&, const long unsigned int&)’:
/root/Documents/C++/NoWare/noware/network/messaging.cpp:859:30: warning: ISO C++ forbids variable length array ‘data’ [-Wvla]
    char data [available_chars];
                              ^
/root/Documents/C++/NoWare/noware/network/messaging.cpp:875:89: warning: conversion to ‘std::size_t {aka unsigned int}’ from ‘long long unsigned int’ may alter its value [-Wconversion]
    boost::asio::read (socket/*_tcp_receive*/, boost::asio::buffer (data, available_chars));
                                                                                         ^
/root/Documents/C++/NoWare/noware/network/messaging.cpp: At global scope:
/root/Documents/C++/NoWare/noware/network/messaging.cpp:972:119: warning: unused parameter ‘address’ [-Wunused-parameter]
 bool LIB::network::mpi::receive_async_stop (const boost::function <void (std::string)> & handler, const std::string & address)
                                                                                                                       ^
/root/Documents/C++/NoWare/noware/network/messaging.cpp: In member function ‘bool noware::network::mpi::receive_async_stop(const boost::function<void(std::basic_string<char>)>&, const string&, const short unsigned int&, const bool&)’:
/root/Documents/C++/NoWare/noware/network/messaging.cpp:1025:62: error: no matching function for call to ‘hash_combine(long unsigned int&, noware::network::ip::protocol)’
   boost::hash_combine <ip::protocol> (hash, ip::protocol::tcp);
                                                              ^
/root/Documents/C++/NoWare/noware/network/messaging.cpp:1025:62: note: candidate is:
In file included from /usr/include/boost/functional/hash.hpp:6:0,
                 from /usr/include/boost/thread/detail/thread.hpp:37,
                 from /usr/include/boost/thread/thread_only.hpp:22,
                 from /usr/include/boost/thread/thread.hpp:12,
                 from /usr/include/boost/thread.hpp:13,
                 from /root/Documents/C++/NoWare/noware/network/messaging.cpp:6:
/usr/include/boost/functional/hash/hash.hpp:252:17: note: template<class T> void boost::hash_combine(std::size_t&, const T&)
     inline void hash_combine(std::size_t& seed, T const& v)
                 ^
/usr/include/boost/functional/hash/hash.hpp:252:17: note:   template argument deduction/substitution failed:
/root/Documents/C++/NoWare/noware/network/messaging.cpp:1025:62: note:   cannot convert ‘hash’ (type ‘long unsigned int’) to type ‘std::size_t& {aka unsigned int&}’
   boost::hash_combine <ip::protocol> (hash, ip::protocol::tcp);
                                                              ^
/root/Documents/C++/NoWare/noware/network/messaging.cpp:1026:59: error: no matching function for call to ‘hash_combine(long unsigned int&, const string&)’
   boost::hash_combine <const std::string &> (hash, address);
                                                           ^
/root/Documents/C++/NoWare/noware/network/messaging.cpp:1026:59: note: candidate is:
In file included from /usr/include/boost/functional/hash.hpp:6:0,
                 from /usr/include/boost/thread/detail/thread.hpp:37,
                 from /usr/include/boost/thread/thread_only.hpp:22,
                 from /usr/include/boost/thread/thread.hpp:12,
                 from /usr/include/boost/thread.hpp:13,
                 from /root/Documents/C++/NoWare/noware/network/messaging.cpp:6:
/usr/include/boost/functional/hash/hash.hpp:252:17: note: template<class T> void boost::hash_combine(std::size_t&, const T&)
     inline void hash_combine(std::size_t& seed, T const& v)
                 ^
/usr/include/boost/functional/hash/hash.hpp:252:17: note:   template argument deduction/substitution failed:
/root/Documents/C++/NoWare/noware/network/messaging.cpp:1026:59: note:   cannot convert ‘hash’ (type ‘long unsigned int’) to type ‘std::size_t& {aka unsigned int&}’
   boost::hash_combine <const std::string &> (hash, address);
                                                           ^
/root/Documents/C++/NoWare/noware/network/messaging.cpp:1029:63: error: no matching function for call to ‘hash_combine(long unsigned int&, const short unsigned int&)’
   boost::hash_combine <const unsigned short int &> (hash, port);
                                                               ^
/root/Documents/C++/NoWare/noware/network/messaging.cpp:1029:63: note: candidate is:
In file included from /usr/include/boost/functional/hash.hpp:6:0,
                 from /usr/include/boost/thread/detail/thread.hpp:37,
                 from /usr/include/boost/thread/thread_only.hpp:22,
                 from /usr/include/boost/thread/thread.hpp:12,
                 from /usr/include/boost/thread.hpp:13,
                 from /root/Documents/C++/NoWare/noware/network/messaging.cpp:6:
/usr/include/boost/functional/hash/hash.hpp:252:17: note: template<class T> void boost::hash_combine(std::size_t&, const T&)
     inline void hash_combine(std::size_t& seed, T const& v)
                 ^
/usr/include/boost/functional/hash/hash.hpp:252:17: note:   template argument deduction/substitution failed:
/root/Documents/C++/NoWare/noware/network/messaging.cpp:1029:63: note:   cannot convert ‘hash’ (type ‘long unsigned int’) to type ‘std::size_t& {aka unsigned int&}’
   boost::hash_combine <const unsigned short int &> (hash, port);
                                                               ^
/root/Documents/C++/NoWare/noware/network/messaging.cpp: At global scope:
/root/Documents/C++/NoWare/noware/network/messaging.cpp:1017:90: warning: unused parameter ‘handler’ [-Wunused-parameter]
 bool LIB::network::mpi::receive_async_stop (const boost::function <void (std::string)> & handler, const std::string & address, const unsigned short int & port, const bool & cycle)
                                                                                          ^
/root/Documents/C++/NoWare/noware/network/messaging.cpp:1017:174: warning: unused parameter ‘cycle’ [-Wunused-parameter]
 bool LIB::network::mpi::receive_async_stop (const boost::function <void (std::string)> & handler, const std::string & address, const unsigned short int & port, const bool & cycle)
                                                                                                                                                                              ^
/root/Documents/C++/NoWare/noware/network/messaging.cpp: In member function ‘std::string noware::network::mpi::listen(const string&, const short unsigned int&)’:
/root/Documents/C++/NoWare/noware/network/messaging.cpp:1163:26: warning: ISO C++ forbids variable length array ‘data’ [-Wvla]
   char data [message_size];
                          ^
/root/Documents/C++/NoWare/noware/network/messaging.cpp:1192:73: warning: conversion to ‘std::basic_string<char>::size_type {aka unsigned int}’ from ‘noware::mathematics::numbers::natural {aka long long unsigned int}’ may alter its value [-Wconversion]
   std::cout << "Messaging.cpp: Listened: [" << message.substr (0, length) << "]" << std::endl;
                                                                         ^
/root/Documents/C++/NoWare/noware/network/messaging.cpp:1194:35: warning: conversion to ‘std::basic_string<char>::size_type {aka unsigned int}’ from ‘noware::mathematics::numbers::natural {aka long long unsigned int}’ may alter its value [-Wconversion]
   return message.substr (0, length);
                                   ^
/root/Documents/C++/NoWare/noware/network/messaging.cpp: In member function ‘bool noware::network::mpi::listen_async(const boost::function<void(std::basic_string<char>)>&, const string&, const short unsigned int&, const bool&)’:
/root/Documents/C++/NoWare/noware/network/messaging.cpp:1272:61: error: no matching function for call to ‘hash_combine(long unsigned int&, noware::network::ip::protocol)’
  boost::hash_combine <ip::protocol> (hash, ip::protocol::udp);
                                                             ^
/root/Documents/C++/NoWare/noware/network/messaging.cpp:1272:61: note: candidate is:
In file included from /usr/include/boost/functional/hash.hpp:6:0,
                 from /usr/include/boost/thread/detail/thread.hpp:37,
                 from /usr/include/boost/thread/thread_only.hpp:22,
                 from /usr/include/boost/thread/thread.hpp:12,
                 from /usr/include/boost/thread.hpp:13,
                 from /root/Documents/C++/NoWare/noware/network/messaging.cpp:6:
/usr/include/boost/functional/hash/hash.hpp:252:17: note: template<class T> void boost::hash_combine(std::size_t&, const T&)
     inline void hash_combine(std::size_t& seed, T const& v)
                 ^
/usr/include/boost/functional/hash/hash.hpp:252:17: note:   template argument deduction/substitution failed:
/root/Documents/C++/NoWare/noware/network/messaging.cpp:1272:61: note:   cannot convert ‘hash’ (type ‘long unsigned int’) to type ‘std::size_t& {aka unsigned int&}’
  boost::hash_combine <ip::protocol> (hash, ip::protocol::udp);
                                                             ^
/root/Documents/C++/NoWare/noware/network/messaging.cpp:1273:58: error: no matching function for call to ‘hash_combine(long unsigned int&, const string&)’
  boost::hash_combine <const std::string &> (hash, address);
                                                          ^
/root/Documents/C++/NoWare/noware/network/messaging.cpp:1273:58: note: candidate is:
In file included from /usr/include/boost/functional/hash.hpp:6:0,
                 from /usr/include/boost/thread/detail/thread.hpp:37,
                 from /usr/include/boost/thread/thread_only.hpp:22,
                 from /usr/include/boost/thread/thread.hpp:12,
                 from /usr/include/boost/thread.hpp:13,
                 from /root/Documents/C++/NoWare/noware/network/messaging.cpp:6:
/usr/include/boost/functional/hash/hash.hpp:252:17: note: template<class T> void boost::hash_combine(std::size_t&, const T&)
     inline void hash_combine(std::size_t& seed, T const& v)
                 ^
/usr/include/boost/functional/hash/hash.hpp:252:17: note:   template argument deduction/substitution failed:
/root/Documents/C++/NoWare/noware/network/messaging.cpp:1273:58: note:   cannot convert ‘hash’ (type ‘long unsigned int’) to type ‘std::size_t& {aka unsigned int&}’
  boost::hash_combine <const std::string &> (hash, address);
                                                          ^
/root/Documents/C++/NoWare/noware/network/messaging.cpp:1274:62: error: no matching function for call to ‘hash_combine(long unsigned int&, const short unsigned int&)’
  boost::hash_combine <const unsigned short int &> (hash, port);
                                                              ^
/root/Documents/C++/NoWare/noware/network/messaging.cpp:1274:62: note: candidate is:
In file included from /usr/include/boost/functional/hash.hpp:6:0,
                 from /usr/include/boost/thread/detail/thread.hpp:37,
                 from /usr/include/boost/thread/thread_only.hpp:22,
                 from /usr/include/boost/thread/thread.hpp:12,
                 from /usr/include/boost/thread.hpp:13,
                 from /root/Documents/C++/NoWare/noware/network/messaging.cpp:6:
/usr/include/boost/functional/hash/hash.hpp:252:17: note: template<class T> void boost::hash_combine(std::size_t&, const T&)
     inline void hash_combine(std::size_t& seed, T const& v)
                 ^
/usr/include/boost/functional/hash/hash.hpp:252:17: note:   template argument deduction/substitution failed:
/root/Documents/C++/NoWare/noware/network/messaging.cpp:1274:62: note:   cannot convert ‘hash’ (type ‘long unsigned int’) to type ‘std::size_t& {aka unsigned int&}’
  boost::hash_combine <const unsigned short int &> (hash, port);
                                                              ^
/root/Documents/C++/NoWare/noware/network/messaging.cpp: In member function ‘void noware::network::mpi::listen_async_handler(const boost::function<void(std::basic_string<char>)>&, const string&, const short unsigned int&, const bool&, const long unsigned int&)’:
/root/Documents/C++/NoWare/noware/network/messaging.cpp:1359:27: warning: ISO C++ forbids variable length array ‘data’ [-Wvla]
    char data [message_size];
                           ^
/root/Documents/C++/NoWare/noware/network/messaging.cpp:1380:71: warning: conversion to ‘std::basic_string<char>::size_type {aka unsigned int}’ from ‘noware::mathematics::numbers::natural {aka long long unsigned int}’ may alter its value [-Wconversion]
    std::cout << "Messaging.cpp: Listened: [" << message.substr (0, len) << "]" << std::endl;
                                                                       ^
/root/Documents/C++/NoWare/noware/network/messaging.cpp:1385:36: warning: conversion to ‘std::basic_string<char>::size_type {aka unsigned int}’ from ‘noware::mathematics::numbers::natural {aka long long unsigned int}’ may alter its value [-Wconversion]
     handler (message.substr (0, len));
                                    ^
/root/Documents/C++/NoWare/noware/network/messaging.cpp: In member function ‘bool noware::network::mpi::listen_async_stop(const boost::function<void(std::basic_string<char>)>&, const string&, const short unsigned int&, const bool&)’:
/root/Documents/C++/NoWare/noware/network/messaging.cpp:1474:62: error: no matching function for call to ‘hash_combine(long unsigned int&, noware::network::ip::protocol)’
   boost::hash_combine <ip::protocol> (hash, ip::protocol::udp);
                                                              ^
/root/Documents/C++/NoWare/noware/network/messaging.cpp:1474:62: note: candidate is:
In file included from /usr/include/boost/functional/hash.hpp:6:0,
                 from /usr/include/boost/thread/detail/thread.hpp:37,
                 from /usr/include/boost/thread/thread_only.hpp:22,
                 from /usr/include/boost/thread/thread.hpp:12,
                 from /usr/include/boost/thread.hpp:13,
                 from /root/Documents/C++/NoWare/noware/network/messaging.cpp:6:
/usr/include/boost/functional/hash/hash.hpp:252:17: note: template<class T> void boost::hash_combine(std::size_t&, const T&)
     inline void hash_combine(std::size_t& seed, T const& v)
                 ^
/usr/include/boost/functional/hash/hash.hpp:252:17: note:   template argument deduction/substitution failed:
/root/Documents/C++/NoWare/noware/network/messaging.cpp:1474:62: note:   cannot convert ‘hash’ (type ‘long unsigned int’) to type ‘std::size_t& {aka unsigned int&}’
   boost::hash_combine <ip::protocol> (hash, ip::protocol::udp);
                                                              ^
/root/Documents/C++/NoWare/noware/network/messaging.cpp:1475:59: error: no matching function for call to ‘hash_combine(long unsigned int&, const string&)’
   boost::hash_combine <const std::string &> (hash, address);
                                                           ^
/root/Documents/C++/NoWare/noware/network/messaging.cpp:1475:59: note: candidate is:
In file included from /usr/include/boost/functional/hash.hpp:6:0,
                 from /usr/include/boost/thread/detail/thread.hpp:37,
                 from /usr/include/boost/thread/thread_only.hpp:22,
                 from /usr/include/boost/thread/thread.hpp:12,
                 from /usr/include/boost/thread.hpp:13,
                 from /root/Documents/C++/NoWare/noware/network/messaging.cpp:6:
/usr/include/boost/functional/hash/hash.hpp:252:17: note: template<class T> void boost::hash_combine(std::size_t&, const T&)
     inline void hash_combine(std::size_t& seed, T const& v)
                 ^
/usr/include/boost/functional/hash/hash.hpp:252:17: note:   template argument deduction/substitution failed:
/root/Documents/C++/NoWare/noware/network/messaging.cpp:1475:59: note:   cannot convert ‘hash’ (type ‘long unsigned int’) to type ‘std::size_t& {aka unsigned int&}’
   boost::hash_combine <const std::string &> (hash, address);
                                                           ^
/root/Documents/C++/NoWare/noware/network/messaging.cpp:1476:63: error: no matching function for call to ‘hash_combine(long unsigned int&, const short unsigned int&)’
   boost::hash_combine <const unsigned short int &> (hash, port);
                                                               ^
/root/Documents/C++/NoWare/noware/network/messaging.cpp:1476:63: note: candidate is:
In file included from /usr/include/boost/functional/hash.hpp:6:0,
                 from /usr/include/boost/thread/detail/thread.hpp:37,
                 from /usr/include/boost/thread/thread_only.hpp:22,
                 from /usr/include/boost/thread/thread.hpp:12,
                 from /usr/include/boost/thread.hpp:13,
                 from /root/Documents/C++/NoWare/noware/network/messaging.cpp:6:
/usr/include/boost/functional/hash/hash.hpp:252:17: note: template<class T> void boost::hash_combine(std::size_t&, const T&)
     inline void hash_combine(std::size_t& seed, T const& v)
                 ^
/usr/include/boost/functional/hash/hash.hpp:252:17: note:   template argument deduction/substitution failed:
/root/Documents/C++/NoWare/noware/network/messaging.cpp:1476:63: note:   cannot convert ‘hash’ (type ‘long unsigned int’) to type ‘std::size_t& {aka unsigned int&}’
   boost::hash_combine <const unsigned short int &> (hash, port);
                                                               ^
/root/Documents/C++/NoWare/noware/network/messaging.cpp: At global scope:
/root/Documents/C++/NoWare/noware/network/messaging.cpp:1464:89: warning: unused parameter ‘handler’ [-Wunused-parameter]
 bool LIB::network::mpi::listen_async_stop (const boost::function <void (std::string)> & handler, const std::string & address, const unsigned short int & port, const bool & cycle)
                                                                                         ^
/root/Documents/C++/NoWare/noware/network/messaging.cpp:1464:173: warning: unused parameter ‘cycle’ [-Wunused-parameter]
 bool LIB::network::mpi::listen_async_stop (const boost::function <void (std::string)> & handler, const std::string & address, const unsigned short int & port, const bool & cycle)
                                                                                                                                                                             ^
/root/Documents/C++/NoWare/noware/cluster/memory.cpp: In member function ‘std::string noware::cluster::memory::parse(std::string, noware::cluster::memory::content, noware::mathematics::numbers::natural)’:
/root/Documents/C++/NoWare/noware/cluster/memory.cpp:537:40: warning: conversion to ‘std::basic_string<char>::size_type {aka unsigned int}’ from ‘noware::mathematics::numbers::natural {aka long long unsigned int}’ may alter its value [-Wconversion]
  while (i < input.length () && input [i] != delimiter [0] && input [i] != action_delimiter [0])
                                        ^
/root/Documents/C++/NoWare/noware/cluster/memory.cpp:537:70: warning: conversion to ‘std::basic_string<char>::size_type {aka unsigned int}’ from ‘noware::mathematics::numbers::natural {aka long long unsigned int}’ may alter its value [-Wconversion]
  while (i < input.length () && input [i] != delimiter [0] && input [i] != action_delimiter [0])
                                                                      ^
/root/Documents/C++/NoWare/noware/cluster/memory.cpp:540:17: warning: conversion to ‘std::basic_string<char>::size_type {aka unsigned int}’ from ‘noware::mathematics::numbers::natural {aka long long unsigned int}’ may alter its value [-Wconversion]
   ip += input [i];
                 ^
/root/Documents/C++/NoWare/noware/cluster/memory.cpp:549:27: warning: conversion to ‘std::basic_string<char>::size_type {aka unsigned int}’ from ‘noware::mathematics::numbers::natural {aka long long unsigned int}’ may alter its value [-Wconversion]
  if ((NAME_V) input [i - 1] == action_delimiter)
                           ^
/root/Documents/C++/NoWare/noware/cluster/memory.cpp:552:41: warning: conversion to ‘std::basic_string<char>::size_type {aka unsigned int}’ from ‘noware::mathematics::numbers::natural {aka long long unsigned int}’ may alter its value [-Wconversion]
   while (i < input.length () && input [i] != delimiter [0])
                                         ^
/root/Documents/C++/NoWare/noware/cluster/memory.cpp:555:22: warning: conversion to ‘std::basic_string<char>::size_type {aka unsigned int}’ from ‘noware::mathematics::numbers::natural {aka long long unsigned int}’ may alter its value [-Wconversion]
    action += input [i];
                      ^
/root/Documents/C++/NoWare/noware/cluster/memory.cpp:568:18: warning: conversion to ‘std::basic_string<char>::size_type {aka unsigned int}’ from ‘noware::mathematics::numbers::natural {aka long long unsigned int}’ may alter its value [-Wconversion]
   while (input [i] != delimiter [0])
                  ^
/root/Documents/C++/NoWare/noware/cluster/memory.cpp:579:33: warning: conversion to ‘std::basic_string<char>::size_type {aka unsigned int}’ from ‘noware::mathematics::numbers::natural {aka long long unsigned int}’ may alter its value [-Wconversion]
    data [data_index] += input [i];
                                 ^
/root/Documents/C++/NoWare/noware/cluster/memory.cpp: In member function ‘void noware::cluster::memory::act_direct(std::string)’:
/root/Documents/C++/NoWare/noware/cluster/memory.cpp:645:10: warning: enumeration value ‘ASK’ not handled in switch [-Wswitch]
   switch (_action)
          ^
/root/Documents/C++/NoWare/noware/cluster/memory.cpp:645:10: warning: enumeration value ‘GOT’ not handled in switch [-Wswitch]
/root/Documents/C++/NoWare/noware/cluster/memory.cpp:645:10: warning: enumeration value ‘EXISTS’ not handled in switch [-Wswitch]
/root/Documents/C++/NoWare/noware/cluster/memory.cpp: In member function ‘void noware::cluster::memory::act_broadcast(std::string)’:
/root/Documents/C++/NoWare/noware/cluster/memory.cpp:763:10: warning: enumeration value ‘ASK’ not handled in switch [-Wswitch]
   switch ((action) std::stoi (action_))
          ^
/root/Documents/C++/NoWare/noware/cluster/memory.cpp:763:10: warning: enumeration value ‘ANSWER’ not handled in switch [-Wswitch]
/root/Documents/C++/NoWare/noware/cluster/memory.cpp:763:10: warning: enumeration value ‘GOT’ not handled in switch [-Wswitch]
/root/Documents/C++/NoWare/noware/cluster/memory.cpp:763:10: warning: enumeration value ‘SET’ not handled in switch [-Wswitch]
/root/Documents/C++/NoWare/noware/cluster/memory.cpp:763:10: warning: enumeration value ‘UNSET’ not handled in switch [-Wswitch]
/root/Documents/C++/NoWare/noware/cluster/memory.cpp:763:10: warning: enumeration value ‘RENAME’ not handled in switch [-Wswitch]
Makefile:76: recipe for target '32' failed
make: *** [32] Error 1
