if test ! -f main.do; \
then \
	g++ -g -ggdb -pedantic -fpermissive -W -Wall -Wmain -Wcomment -Wconversion -Wunused-parameter -Wparentheses -std=c++14 -I . -I /usr/include/quex -I /usr/include/boost -I /root/Documents/C++/NoWare -DQUEX_OPTION_ASSERTS_DISABLED -l boost_system -l boost_serialization -l boost_thread -l cln -fopenmp -o main.obj -c main.c++; \
	g++ -g -ggdb -pedantic -fpermissive -W -Wall -Wmain -Wcomment -Wconversion -Wunused-parameter -Wparentheses -std=c++14 -I . -I /usr/include/quex -I /usr/include/boost -I /root/Documents/C++/NoWare -DQUEX_OPTION_ASSERTS_DISABLED -l boost_system -l boost_serialization -l boost_thread -l cln -fopenmp -o mathematics.obj -c /root/Documents/C++/NoWare/noware/mathematics.c++; \
	g++ -g -ggdb -pedantic -fpermissive -W -Wall -Wmain -Wcomment -Wconversion -Wunused-parameter -Wparentheses -std=c++14 -I . -I /usr/include/quex -I /usr/include/boost -I /root/Documents/C++/NoWare -DQUEX_OPTION_ASSERTS_DISABLED -l boost_system -l boost_serialization -l boost_thread -l cln -fopenmp -o tools.obj -c /root/Documents/C++/NoWare/noware/tools.c++; \
	g++ -g -ggdb -pedantic -fpermissive -W -Wall -Wmain -Wcomment -Wconversion -Wunused-parameter -Wparentheses -std=c++14 -I . -I /usr/include/quex -I /usr/include/boost -I /root/Documents/C++/NoWare -DQUEX_OPTION_ASSERTS_DISABLED -l boost_system -l boost_serialization -l boost_thread -l cln -fopenmp -o containers-variable.obj -c /root/Documents/C++/NoWare/noware/containers/variable.c++ ; \
	\
	g++ -g -ggdb -pedantic -fpermissive -W -Wall -Wmain -Wcomment -Wconversion -Wunused-parameter -Wparentheses -std=c++14 -I . -I /usr/include/quex -I /usr/include/boost -I /root/Documents/C++/NoWare -DQUEX_OPTION_ASSERTS_DISABLED -l boost_system -l boost_serialization -l boost_thread -l cln -fopenmp -o main.do main.obj containers-variable.obj tools.obj mathematics.obj; \
fi
In file included from /root/Documents/C++/NoWare/noware/containers/array.h++:371:0,
                 from main.c++:26:
/root/Documents/C++/NoWare/noware/containers/array.t++:114:3: warning: "/*" within comment [-Wcomment]
  //* v;
   ^
/root/Documents/C++/NoWare/noware/containers/array.t++:128:3: warning: "/*" within comment [-Wcomment]
  //* val = value_temp;
   ^
/root/Documents/C++/NoWare/noware/containers/array.t++:130:2: warning: "/*" within comment [-Wcomment]
  /*
  ^
/root/Documents/C++/NoWare/noware/containers/array.t++:213:3: warning: "/*" within comment [-Wcomment]
   /*
   ^
/root/Documents/C++/NoWare/noware/containers/array.t++:275:10: warning: "/*" within comment [-Wcomment]
    return/* false* /;
          ^
/root/Documents/C++/NoWare/noware/containers/array.t++:278:14: warning: "/*" within comment [-Wcomment]
   //while (! /*i* /archive.eof ())
              ^
/root/Documents/C++/NoWare/noware/containers/array.t++:281:6: warning: "/*" within comment [-Wcomment]
    ///*i* /archive >> k;
      ^
/root/Documents/C++/NoWare/noware/containers/array.t++:282:6: warning: "/*" within comment [-Wcomment]
    ///*i* /archive >> v;
      ^
/root/Documents/C++/NoWare/noware/containers/array.t++:285:11: warning: "/*" within comment [-Wcomment]
     return/* false* /;
           ^
/root/Documents/C++/NoWare/noware/containers/array.t++:326:64: warning: "/*" within comment [-Wcomment]
 LIB::containers::NAME_A <value, key>::NAME_A (const value & lmn/* eLeMeNt * /)
                                                                ^
/root/Documents/C++/NoWare/noware/containers/array.t++:469:4: warning: "/*" within comment [-Wcomment]
    /*
    ^
/root/Documents/C++/NoWare/noware/containers/array.t++:499:39: warning: "/*" within comment [-Wcomment]
   for (key i = 1; i <= this -> size ()/* && i < ULLONG_MAX* /; ++ i)
                                       ^
/root/Documents/C++/NoWare/noware/containers/array.t++:507:7: warning: "/*" within comment [-Wcomment]
     ///*return * /set (i, value_);
       ^
/root/Documents/C++/NoWare/noware/containers/array.t++:1399:84: warning: "/*" within comment [-Wcomment]
 LIB::containers::NAME_A::iterator LIB::containers::NAME_A <value, key>::reset (void/*const iterator & it* /) const
                                                                                    ^
In file included from /root/Documents/C++/NoWare/noware/containers/array.h++:57:0,
                 from main.c++:26:
/root/Documents/C++/NoWare/noware/containers/../serialization.h++:23:54: warning: type qualifiers ignored on function return type [-Wignored-qualifiers]
   const bool deserialize (const std::string &, type &);
                                                      ^
In file included from /root/Documents/C++/NoWare/noware/containers/../serialization.h++:39:0,
                 from /root/Documents/C++/NoWare/noware/containers/array.h++:57,
                 from main.c++:26:
/root/Documents/C++/NoWare/noware/containers/../serialization.t++:63:71: warning: type qualifiers ignored on function return type [-Wignored-qualifiers]
 const bool LIB::deserialize (const std::string & serial, type & object)
                                                                       ^
In file included from /root/Documents/C++/NoWare/noware/containers/variable.h++:34:0,
                 from /root/Documents/C++/NoWare/noware/containers/array.h++:58,
                 from main.c++:26:
/root/Documents/C++/NoWare/noware/containers/../tools.h++:21:45: warning: type qualifiers ignored on function return type [-Wignored-qualifiers]
   const bool is_numeric (const std::string &);
                                             ^
In file included from /root/Documents/C++/NoWare/noware/containers/variable.h++:34:0,
                 from /root/Documents/C++/NoWare/noware/containers/array.h++:58,
                 from main.c++:26:
/root/Documents/C++/NoWare/noware/containers/../tools.h++:57:40: warning: type qualifiers ignored on function return type [-Wignored-qualifiers]
   const char  toggle_case (const char &);
                                        ^
/root/Documents/C++/NoWare/noware/containers/../tools.h++:63:48: warning: type qualifiers ignored on function return type [-Wignored-qualifiers]
   const bool is_palindrome (const std::string &); // Determines if a string is a palindrome.
                                                ^
/root/Documents/C++/NoWare/noware/containers/../tools.h++:95:151: warning: type qualifiers ignored on function return type [-Wignored-qualifiers]
     const unsigned long long int generate (const unsigned long long int & = RAND_MAX /* Maximum. */, const unsigned long long int & = 0 /* Minimum. */);
                                                                                                                                                       ^
/root/Documents/C++/NoWare/noware/containers/../tools.h++:99:43: warning: type qualifiers ignored on function return type [-Wignored-qualifiers]
     const unsigned long long int min (void);
                                           ^
/root/Documents/C++/NoWare/noware/containers/../tools.h++:100:43: warning: type qualifiers ignored on function return type [-Wignored-qualifiers]
     const unsigned long long int max (void);
                                           ^
/root/Documents/C++/NoWare/noware/containers/../tools.h++:103:69: warning: type qualifiers ignored on function return type [-Wignored-qualifiers]
     const unsigned long long int min (const unsigned long long int &);
                                                                     ^
/root/Documents/C++/NoWare/noware/containers/../tools.h++:104:69: warning: type qualifiers ignored on function return type [-Wignored-qualifiers]
     const unsigned long long int max (const unsigned long long int &);
                                                                     ^
In file included from /root/Documents/C++/NoWare/noware/containers/array.h++:58:0,
                 from main.c++:26:
/root/Documents/C++/NoWare/noware/containers/variable.h++:77:49: warning: type qualifiers ignored on function return type [-Wignored-qualifiers]
      const bool deserialize (const std::string &);
                                                 ^
/root/Documents/C++/NoWare/noware/containers/variable.h++:81:47: warning: type qualifiers ignored on function return type [-Wignored-qualifiers]
    const bool deserialize (const std::string &);
                                               ^
/root/Documents/C++/NoWare/noware/containers/variable.h++:102:47: warning: type qualifiers ignored on function return type [-Wignored-qualifiers]
    const type determine (const std::string &) const;
                                               ^
In file included from /root/Documents/C++/NoWare/noware/containers/array.h++:58:0,
                 from main.c++:26:
/root/Documents/C++/NoWare/noware/containers/variable.h++:158:29: warning: type qualifiers ignored on function return type [-Wignored-qualifiers]
    const bool empty  (void) const;
                             ^
/root/Documents/C++/NoWare/noware/containers/variable.h++:159:32: warning: type qualifiers ignored on function return type [-Wignored-qualifiers]
    const bool is_string (void) const;
                                ^
/root/Documents/C++/NoWare/noware/containers/variable.h++:160:30: warning: type qualifiers ignored on function return type [-Wignored-qualifiers]
    const bool is_text (void) const;
                              ^
/root/Documents/C++/NoWare/noware/containers/variable.h++:161:33: warning: type qualifiers ignored on function return type [-Wignored-qualifiers]
    const bool is_generic (void) const;
                                 ^
/root/Documents/C++/NoWare/noware/containers/variable.h++:162:33: warning: type qualifiers ignored on function return type [-Wignored-qualifiers]
    const bool is_numeric (void) const;
                                 ^
/root/Documents/C++/NoWare/noware/containers/variable.h++:468:43: warning: type qualifiers ignored on function return type [-Wignored-qualifiers]
      const bool   operator < (const NAME_V);
                                           ^
/root/Documents/C++/NoWare/noware/containers/variable.h++:469:45: warning: type qualifiers ignored on function return type [-Wignored-qualifiers]
      const bool   operator < (const NAME_V) const;
                                             ^
/root/Documents/C++/NoWare/noware/containers/variable.h++:471:55: warning: type qualifiers ignored on function return type [-Wignored-qualifiers]
      const bool   operator < (const signed short int &);
                                                       ^
/root/Documents/C++/NoWare/noware/containers/variable.h++:510:43: warning: type qualifiers ignored on function return type [-Wignored-qualifiers]
      const bool   operator > (const NAME_V);
                                           ^
/root/Documents/C++/NoWare/noware/containers/variable.h++:511:45: warning: type qualifiers ignored on function return type [-Wignored-qualifiers]
      const bool   operator > (const NAME_V) const;
                                             ^
/root/Documents/C++/NoWare/noware/containers/variable.h++:817:44: warning: type qualifiers ignored on function return type [-Wignored-qualifiers]
      const bool   operator <= (const NAME_V);
                                            ^
/root/Documents/C++/NoWare/noware/containers/variable.h++:818:46: warning: type qualifiers ignored on function return type [-Wignored-qualifiers]
      const bool   operator <= (const NAME_V) const;
                                              ^
In file included from main.c++:26:0:
/root/Documents/C++/NoWare/noware/containers/array.h++:94:57: warning: type qualifiers ignored on function return type [-Wignored-qualifiers]
      const bool operator == (const package &/* other*/) const;
                                                         ^
/root/Documents/C++/NoWare/noware/containers/array.h++:98:49: warning: type qualifiers ignored on function return type [-Wignored-qualifiers]
      const bool deserialize (const std::string &);
                                                 ^
/root/Documents/C++/NoWare/noware/containers/array.h++:138:46: warning: type qualifiers ignored on function return type [-Wignored-qualifiers]
    const bool search (const key &, value *&) const;
                                              ^
/root/Documents/C++/NoWare/noware/containers/array.h++:139:48: warning: type qualifiers ignored on function return type [-Wignored-qualifiers]
    const bool search_key (const key &, key *&) const;
                                                ^
/root/Documents/C++/NoWare/noware/containers/array.h++:144:54: warning: type qualifiers ignored on function return type [-Wignored-qualifiers]
    const bool insert (const key &, /*const */value *&); // Add a new element.
                                                      ^
In file included from main.c++:26:0:
/root/Documents/C++/NoWare/noware/containers/array.h++:213:36: warning: type qualifiers ignored on function return type [-Wignored-qualifiers]
    const bool exists (const key &) const; // Determines if an element exists named by the key provided.
                                    ^
/root/Documents/C++/NoWare/noware/containers/array.h++:214:35: warning: type qualifiers ignored on function return type [-Wignored-qualifiers]
    const bool exist (const key &) const; // Determines if an element exists named by the key provided.
                                   ^
/root/Documents/C++/NoWare/noware/containers/array.h++:216:27: warning: type qualifiers ignored on function return type [-Wignored-qualifiers]
    const bool full (void) const;
                           ^
/root/Documents/C++/NoWare/noware/containers/array.h++:218:28: warning: type qualifiers ignored on function return type [-Wignored-qualifiers]
    const bool empty (void) const;
                            ^
/root/Documents/C++/NoWare/noware/containers/array.h++:219:57: warning: type qualifiers ignored on function return type [-Wignored-qualifiers]
    const bool operator == (const NAME_A <value, key> &) const;
                                                         ^
/root/Documents/C++/NoWare/noware/containers/array.h++:220:57: warning: type qualifiers ignored on function return type [-Wignored-qualifiers]
    const bool operator != (const NAME_A <value, key> &) const;
                                                         ^
/root/Documents/C++/NoWare/noware/containers/array.h++:228:33: warning: type qualifiers ignored on function return type [-Wignored-qualifiers]
    const bool add (const value &);
                                 ^
/root/Documents/C++/NoWare/noware/containers/array.h++:230:40: warning: type qualifiers ignored on function return type [-Wignored-qualifiers]
    const bool add (const value &, key &);
                                        ^
/root/Documents/C++/NoWare/noware/containers/array.h++:232:47: warning: type qualifiers ignored on function return type [-Wignored-qualifiers]
    const bool add (const NAME_A <value, key> &);
                                               ^
/root/Documents/C++/NoWare/noware/containers/array.h++:235:36: warning: type qualifiers ignored on function return type [-Wignored-qualifiers]
    const bool append (const value &);
                                    ^
/root/Documents/C++/NoWare/noware/containers/array.h++:237:43: warning: type qualifiers ignored on function return type [-Wignored-qualifiers]
    const bool append (const value &, key &);
                                           ^
/root/Documents/C++/NoWare/noware/containers/array.h++:239:50: warning: type qualifiers ignored on function return type [-Wignored-qualifiers]
    const bool append (const NAME_A <value, key> &);
                                                  ^
/root/Documents/C++/NoWare/noware/containers/array.h++:263:46: warning: type qualifiers ignored on function return type [-Wignored-qualifiers]
    const bool set (const key &, const value &); // Adds a new element.
                                              ^
/root/Documents/C++/NoWare/noware/containers/array.h++:265:26: warning: type qualifiers ignored on function return type [-Wignored-qualifiers]
    const bool clear (void); // Remove all the elements from the container.
                          ^
/root/Documents/C++/NoWare/noware/containers/array.h++:266:33: warning: type qualifiers ignored on function return type [-Wignored-qualifiers]
    const bool unset (const key &); // Removes the element specified by that key, if it exists.
                                 ^
/root/Documents/C++/NoWare/noware/containers/array.h++:267:106: warning: type qualifiers ignored on function return type [-Wignored-qualifiers]
    const bool rename (const key &/* Current name. */, const key &/* New name. */, const bool/* tolerant*/); // Renames an existing element.
                                                                                                          ^
/root/Documents/C++/NoWare/noware/containers/array.h++:268:81: warning: type qualifiers ignored on function return type [-Wignored-qualifiers]
    const bool rename (const key &/* Current name. */, const key &/* New name. */); // Renames an existing element, using the default value for "tolerant".
                                                                                 ^
/root/Documents/C++/NoWare/noware/containers/array.h++:300:37: warning: type qualifiers ignored on function return type [-Wignored-qualifiers]
    const bool enqueue (const value &);
                                     ^
/root/Documents/C++/NoWare/noware/containers/array.h++:301:44: warning: type qualifiers ignored on function return type [-Wignored-qualifiers]
    const bool enqueue (const value &, key &);
                                            ^
/root/Documents/C++/NoWare/noware/containers/array.h++:302:28: warning: type qualifiers ignored on function return type [-Wignored-qualifiers]
    const bool dequeue (void);
                            ^
/root/Documents/C++/NoWare/noware/containers/array.h++:309:34: warning: type qualifiers ignored on function return type [-Wignored-qualifiers]
    const bool push (const value &);
                                  ^
/root/Documents/C++/NoWare/noware/containers/array.h++:310:41: warning: type qualifiers ignored on function return type [-Wignored-qualifiers]
    const bool push (const value &, key &);
                                         ^
/root/Documents/C++/NoWare/noware/containers/array.h++:311:24: warning: type qualifiers ignored on function return type [-Wignored-qualifiers]
    const bool pop (void);
                        ^
/root/Documents/C++/NoWare/noware/containers/array.h++:318:34: warning: type qualifiers ignored on function return type [-Wignored-qualifiers]
    const bool numeric_key (void) const;
                                  ^
/root/Documents/C++/NoWare/noware/containers/array.h++:352:47: warning: type qualifiers ignored on function return type [-Wignored-qualifiers]
    const bool deserialize (const std::string &);
                                               ^
/root/Documents/C++/NoWare/noware/containers/array.h++:360:99: warning: friend declaration ‘std::ostream& noware::containers::operator<<(std::ostream&, const noware::containers::array<value, key>&)’ declares a non-template function [-Wnon-template-friend]
    friend std::ostream & operator << (std::ostream &, const LIB::containers::NAME_A <value, key> &)/* const*/;
                                                                                                   ^
/root/Documents/C++/NoWare/noware/containers/array.h++:360:99: note: (if this is not what you intended, make sure the function template has already been declared and add <> after the function name here) 
In file included from /root/Documents/C++/NoWare/noware/containers/array.h++:371:0,
                 from main.c++:26:
/root/Documents/C++/NoWare/noware/containers/array.t++:9:95: warning: type qualifiers ignored on function return type [-Wignored-qualifiers]
 const bool LIB::containers::NAME_A <value, key>::package::operator == (const package & other) const
                                                                                               ^
In file included from /root/Documents/C++/NoWare/noware/containers/array.h++:371:0,
                 from main.c++:26:
/root/Documents/C++/NoWare/noware/containers/array.t++:152:98: warning: type qualifiers ignored on function return type [-Wignored-qualifiers]
 const bool LIB::containers::NAME_A <value, key>::package::deserialize (const std::string & serial)
                                                                                                  ^
/root/Documents/C++/NoWare/noware/containers/array.t++:306:89: warning: type qualifiers ignored on function return type [-Wignored-qualifiers]
 const bool LIB::containers::NAME_A <value, key>::deserialize (const std::string & serial)
                                                                                         ^
/root/Documents/C++/NoWare/noware/containers/array.t++:531:74: warning: type qualifiers ignored on function return type [-Wignored-qualifiers]
 const bool LIB::containers::NAME_A <value, key>::add (const value & other)
                                                                          ^
/root/Documents/C++/NoWare/noware/containers/array.t++:542:90: warning: type qualifiers ignored on function return type [-Wignored-qualifiers]
 const bool LIB::containers::NAME_A <value, key>::add (const value & other, key & used_key)
                                                                                          ^
/root/Documents/C++/NoWare/noware/containers/array.t++:554:88: warning: type qualifiers ignored on function return type [-Wignored-qualifiers]
 const bool LIB::containers::NAME_A <value, key>::add (const NAME_A <value, key> & other)
                                                                                        ^
/root/Documents/C++/NoWare/noware/containers/array.t++:565:77: warning: type qualifiers ignored on function return type [-Wignored-qualifiers]
 const bool LIB::containers::NAME_A <value, key>::append (const value & other)
                                                                             ^
/root/Documents/C++/NoWare/noware/containers/array.t++:576:93: warning: type qualifiers ignored on function return type [-Wignored-qualifiers]
 const bool LIB::containers::NAME_A <value, key>::append (const value & other, key & used_key)
                                                                                             ^
/root/Documents/C++/NoWare/noware/containers/array.t++:588:91: warning: type qualifiers ignored on function return type [-Wignored-qualifiers]
 const bool LIB::containers::NAME_A <value, key>::append (const NAME_A <value, key> & other)
                                                                                           ^
/root/Documents/C++/NoWare/noware/containers/array.t++:609:69: warning: type qualifiers ignored on function return type [-Wignored-qualifiers]
 const bool LIB::containers::NAME_A <value, key>::numeric_key (void) const
                                                                     ^
/root/Documents/C++/NoWare/noware/containers/array.t++:836:93: warning: type qualifiers ignored on function return type [-Wignored-qualifiers]
 const bool LIB::containers::NAME_A <value, key>::search (const key & key_, value *& value_) const
                                                                                             ^
/root/Documents/C++/NoWare/noware/containers/array.t++:879:90: warning: type qualifiers ignored on function return type [-Wignored-qualifiers]
 const bool LIB::containers::NAME_A <value, key>::search_key (const key & key_, key *& k) const
                                                                                          ^
/root/Documents/C++/NoWare/noware/containers/array.t++:916:113: warning: type qualifiers ignored on function return type [-Wignored-qualifiers]
 /*value &*/ const bool LIB::containers::NAME_A <value, key>::insert (const key & key_, /*const */value *& value_)
                                                                                                                 ^
/root/Documents/C++/NoWare/noware/containers/array.t++:998:93: warning: type qualifiers ignored on function return type [-Wignored-qualifiers]
 const bool LIB::containers::NAME_A <value, key>::set (const key & _key, const value & value_)
                                                                                             ^
/root/Documents/C++/NoWare/noware/containers/array.t++:1077:61: warning: type qualifiers ignored on function return type [-Wignored-qualifiers]
 const bool LIB::containers::NAME_A <value, key>::clear (void)
                                                             ^
/root/Documents/C++/NoWare/noware/containers/array.t++:1139:76: warning: type qualifiers ignored on function return type [-Wignored-qualifiers]
 const bool LIB::containers::NAME_A <value, key>::exists (const key & _key) const
                                                                            ^
/root/Documents/C++/NoWare/noware/containers/array.t++:1150:75: warning: type qualifiers ignored on function return type [-Wignored-qualifiers]
 const bool LIB::containers::NAME_A <value, key>::exist (const key & _key) const
                                                                           ^
/root/Documents/C++/NoWare/noware/containers/array.t++:1178:73: warning: type qualifiers ignored on function return type [-Wignored-qualifiers]
 const bool LIB::containers::NAME_A <value, key>::unset (const key & key_)
                                                                         ^
/root/Documents/C++/NoWare/noware/containers/array.t++:1219:128: warning: type qualifiers ignored on function return type [-Wignored-qualifiers]
 const bool LIB::containers::NAME_A <value, key>::rename (const key & old, const key & val /* New name. */, const bool _tolerant)
                                                                                                                                ^
/root/Documents/C++/NoWare/noware/containers/array.t++:1276:114: warning: type qualifiers ignored on function return type [-Wignored-qualifiers]
 const bool LIB::containers::NAME_A <value, key>::rename (const key & current, const key & new_val /* New name. */)
                                                                                                                  ^
/root/Documents/C++/NoWare/noware/containers/array.t++:1282:62: warning: type qualifiers ignored on function return type [-Wignored-qualifiers]
 const bool LIB::containers::NAME_A <value, key>::full (void) const
                                                              ^
/root/Documents/C++/NoWare/noware/containers/array.t++:1289:63: warning: type qualifiers ignored on function return type [-Wignored-qualifiers]
 const bool LIB::containers::NAME_A <value, key>::empty (void) const
                                                               ^
/root/Documents/C++/NoWare/noware/containers/array.t++:1455:98: warning: type qualifiers ignored on function return type [-Wignored-qualifiers]
 const bool LIB::containers::NAME_A <value, key>::operator == (const NAME_A <value, key> & other) const
                                                                                                  ^
/root/Documents/C++/NoWare/noware/containers/array.t++:1503:98: warning: type qualifiers ignored on function return type [-Wignored-qualifiers]
 const bool LIB::containers::NAME_A <value, key>::operator != (const NAME_A <value, key> & other) const
                                                                                                  ^
/root/Documents/C++/NoWare/noware/containers/array.t++:1509:78: warning: type qualifiers ignored on function return type [-Wignored-qualifiers]
 const bool LIB::containers::NAME_A <value, key>::enqueue (const value & other)
                                                                              ^
/root/Documents/C++/NoWare/noware/containers/array.t++:1517:87: warning: type qualifiers ignored on function return type [-Wignored-qualifiers]
 const bool LIB::containers::NAME_A <value, key>::enqueue (const value & other, key & k)
                                                                                       ^
/root/Documents/C++/NoWare/noware/containers/array.t++:1530:63: warning: type qualifiers ignored on function return type [-Wignored-qualifiers]
 const bool LIB::containers::NAME_A <value, key>::dequeue (void)
                                                               ^
/root/Documents/C++/NoWare/noware/containers/array.t++:1539:75: warning: type qualifiers ignored on function return type [-Wignored-qualifiers]
 const bool LIB::containers::NAME_A <value, key>::push (const value & other)
                                                                           ^
/root/Documents/C++/NoWare/noware/containers/array.t++:1547:84: warning: type qualifiers ignored on function return type [-Wignored-qualifiers]
 const bool LIB::containers::NAME_A <value, key>::push (const value & other, key & k)
                                                                                    ^
/root/Documents/C++/NoWare/noware/containers/array.t++:1553:59: warning: type qualifiers ignored on function return type [-Wignored-qualifiers]
 const bool LIB::containers::NAME_A <value, key>::pop (void)
                                                           ^
/root/Documents/C++/NoWare/noware/containers/array.t++: In function ‘std::ostream& operator<<(std::ostream&, const noware::containers::array<value, key>&)’:
/root/Documents/C++/NoWare/noware/containers/array.t++:1589:1: warning: no return statement in function returning non-void [-Wreturn-type]
 }
 ^
main.c++: At global scope:
main.c++:58:12: warning: first argument of ‘int main(unsigned int, char**)’ should be ‘int’ [-Wmain]
 signed int main (unsigned int argc, char * argv [])
            ^
In file included from /root/Documents/C++/NoWare/noware/containers/array.h++:371:0,
                 from main.c++:26:
/root/Documents/C++/NoWare/noware/containers/array.t++: In instantiation of ‘const key noware::containers::array<value, key>::sequence_next() const [with value = short unsigned int; key = short unsigned int]’:
/root/Documents/C++/NoWare/noware/containers/array.t++:570:29:   required from ‘const bool noware::containers::array<value, key>::append(const value&) [with value = short unsigned int; key = short unsigned int]’
main.c++:93:17:   required from here
/root/Documents/C++/NoWare/noware/containers/array.t++:675:36: warning: conversion to ‘short unsigned int’ from ‘int’ may alter its value [-Wconversion]
   return greatest_numeric_key () + 1;
                                    ^
In file included from /root/Documents/C++/NoWare/noware/tools.c++:24:0:
/root/Documents/C++/NoWare/noware/tools.h++:21:45: warning: type qualifiers ignored on function return type [-Wignored-qualifiers]
   const bool is_numeric (const std::string &);
                                             ^
In file included from /root/Documents/C++/NoWare/noware/tools.c++:24:0:
/root/Documents/C++/NoWare/noware/tools.h++:57:40: warning: type qualifiers ignored on function return type [-Wignored-qualifiers]
   const char  toggle_case (const char &);
                                        ^
/root/Documents/C++/NoWare/noware/tools.h++:63:48: warning: type qualifiers ignored on function return type [-Wignored-qualifiers]
   const bool is_palindrome (const std::string &); // Determines if a string is a palindrome.
                                                ^
/root/Documents/C++/NoWare/noware/tools.h++:95:151: warning: type qualifiers ignored on function return type [-Wignored-qualifiers]
     const unsigned long long int generate (const unsigned long long int & = RAND_MAX /* Maximum. */, const unsigned long long int & = 0 /* Minimum. */);
                                                                                                                                                       ^
/root/Documents/C++/NoWare/noware/tools.h++:99:43: warning: type qualifiers ignored on function return type [-Wignored-qualifiers]
     const unsigned long long int min (void);
                                           ^
/root/Documents/C++/NoWare/noware/tools.h++:100:43: warning: type qualifiers ignored on function return type [-Wignored-qualifiers]
     const unsigned long long int max (void);
                                           ^
/root/Documents/C++/NoWare/noware/tools.h++:103:69: warning: type qualifiers ignored on function return type [-Wignored-qualifiers]
     const unsigned long long int min (const unsigned long long int &);
                                                                     ^
/root/Documents/C++/NoWare/noware/tools.h++:104:69: warning: type qualifiers ignored on function return type [-Wignored-qualifiers]
     const unsigned long long int max (const unsigned long long int &);
                                                                     ^
/root/Documents/C++/NoWare/noware/tools.c++:31:51: warning: type qualifiers ignored on function return type [-Wignored-qualifiers]
   const bool is_numeric (const std::string & value)
                                                   ^
/root/Documents/C++/NoWare/noware/tools.c++:255:93: warning: unused parameter ‘value’ [-Wunused-parameter]
   const LIB::mathematics::numbers::real complement (const LIB::mathematics::numbers::real & value, const LIB::mathematics::numbers::natural & radix)
                                                                                             ^
/root/Documents/C++/NoWare/noware/tools.c++:255:143: warning: unused parameter ‘radix’ [-Wunused-parameter]
   const LIB::mathematics::numbers::real complement (const LIB::mathematics::numbers::real & value, const LIB::mathematics::numbers::natural & radix)
                                                                                                                                               ^
/root/Documents/C++/NoWare/noware/tools.c++:442:45: warning: type qualifiers ignored on function return type [-Wignored-qualifiers]
   const char toggle_case (const char & input)
                                             ^
/root/Documents/C++/NoWare/noware/tools.c++: In function ‘const char noware::tools::toggle_case(const char&)’:
/root/Documents/C++/NoWare/noware/tools.c++:446:28: warning: conversion to ‘char’ from ‘int’ may alter its value [-Wconversion]
     return ::tolower (input);
                            ^
/root/Documents/C++/NoWare/noware/tools.c++:450:28: warning: conversion to ‘char’ from ‘int’ may alter its value [-Wconversion]
     return ::toupper (input);
                            ^
/root/Documents/C++/NoWare/noware/tools.c++: At global scope:
/root/Documents/C++/NoWare/noware/tools.c++:468:98: warning: unused parameter ‘length’ [-Wunused-parameter]
   const std::string multiply (const std::string & input, const LIB::mathematics::numbers::real & length)
                                                                                                  ^
/root/Documents/C++/NoWare/noware/tools.c++:492:50: warning: type qualifiers ignored on function return type [-Wignored-qualifiers]
   const bool is_palindrome (const std::string & s)
                                                  ^
/root/Documents/C++/NoWare/noware/tools.c++: In function ‘const string noware::tools::lower(std::string)’:
/root/Documents/C++/NoWare/noware/tools.c++:642:15: warning: conversion to ‘char’ from ‘int’ may alter its value [-Wconversion]
     value [i] = ::tolower (value [i]);
               ^
/root/Documents/C++/NoWare/noware/tools.c++: In function ‘const string noware::tools::upper(std::string)’:
/root/Documents/C++/NoWare/noware/tools.c++:654:15: warning: conversion to ‘char’ from ‘int’ may alter its value [-Wconversion]
     value [i] = ::toupper (value [i]);
               ^
/root/Documents/C++/NoWare/noware/tools.c++: In constructor ‘noware::tools::randomizer::randomizer(const long long unsigned int&, const long long unsigned int&)’:
/root/Documents/C++/NoWare/noware/tools.c++:679:22: warning: conversion to ‘unsigned int’ from ‘time_t {aka long int}’ may alter its value [-Wconversion]
    srand (time (NULL));
                      ^
/root/Documents/C++/NoWare/noware/tools.c++: At global scope:
/root/Documents/C++/NoWare/noware/tools.c++:682:132: warning: type qualifiers ignored on function return type [-Wignored-qualifiers]
   const unsigned long long int randomizer::generate (const unsigned long long int & maximum, const unsigned long long int & minimum)
                                                                                                                                    ^
/root/Documents/C++/NoWare/noware/tools.c++: In member function ‘const long long unsigned int noware::tools::randomizer::generate(const long long unsigned int&, const long long unsigned int&)’:
/root/Documents/C++/NoWare/noware/tools.c++:685:73: warning: conversion to ‘double’ from ‘long long unsigned int’ may alter its value [-Wconversion]
    return minimum + ((maximum - minimum + 1) * rand () / (RAND_MAX + 1.0));
                                                                         ^
/root/Documents/C++/NoWare/noware/tools.c++:685:74: warning: conversion to ‘double’ from ‘long long unsigned int’ may alter its value [-Wconversion]
    return minimum + ((maximum - minimum + 1) * rand () / (RAND_MAX + 1.0));
                                                                          ^
/root/Documents/C++/NoWare/noware/tools.c++:685:74: warning: conversion to ‘long long unsigned int’ from ‘double’ may alter its value [-Wfloat-conversion]
/root/Documents/C++/NoWare/noware/tools.c++: At global scope:
/root/Documents/C++/NoWare/noware/tools.c++:697:53: warning: type qualifiers ignored on function return type [-Wignored-qualifiers]
   const unsigned long long int randomizer::min (void)
                                                     ^
/root/Documents/C++/NoWare/noware/tools.c++:702:53: warning: type qualifiers ignored on function return type [-Wignored-qualifiers]
   const unsigned long long int randomizer::max (void)
                                                     ^
/root/Documents/C++/NoWare/noware/tools.c++:708:87: warning: type qualifiers ignored on function return type [-Wignored-qualifiers]
   const unsigned long long int randomizer::min (const unsigned long long int & minimum)
                                                                                       ^
/root/Documents/C++/NoWare/noware/tools.c++:716:87: warning: type qualifiers ignored on function return type [-Wignored-qualifiers]
   const unsigned long long int randomizer::max (const unsigned long long int & maximum)
                                                                                       ^
/root/Documents/C++/NoWare/noware/tools.c++: In function ‘const string noware::tools::multiply(const string&, const real&)’:
/root/Documents/C++/NoWare/noware/tools.c++:479:18: warning: ‘length_i’ may be used uninitialized in this function [-Wmaybe-uninitialized]
    for (i = 0; i < length_i; ++ i)
                  ^
/root/Documents/C++/NoWare/noware/tools.c++:484:74: warning: ‘remainder’ may be used uninitialized in this function [-Wmaybe-uninitialized]
    for (/*mathematics::numbers::natural*/unsigned long long int j = 0; j < remainder; ++ j)
                                                                          ^
In file included from /root/Documents/C++/NoWare/noware/containers/variable.h++:33:0,
                 from /root/Documents/C++/NoWare/noware/containers/variable.c++:10:
/root/Documents/C++/NoWare/noware/containers/../serialization.h++:23:54: warning: type qualifiers ignored on function return type [-Wignored-qualifiers]
   const bool deserialize (const std::string &, type &);
                                                      ^
In file included from /root/Documents/C++/NoWare/noware/containers/../serialization.h++:39:0,
                 from /root/Documents/C++/NoWare/noware/containers/variable.h++:33,
                 from /root/Documents/C++/NoWare/noware/containers/variable.c++:10:
/root/Documents/C++/NoWare/noware/containers/../serialization.t++:63:71: warning: type qualifiers ignored on function return type [-Wignored-qualifiers]
 const bool LIB::deserialize (const std::string & serial, type & object)
                                                                       ^
In file included from /root/Documents/C++/NoWare/noware/containers/variable.h++:34:0,
                 from /root/Documents/C++/NoWare/noware/containers/variable.c++:10:
/root/Documents/C++/NoWare/noware/containers/../tools.h++:21:45: warning: type qualifiers ignored on function return type [-Wignored-qualifiers]
   const bool is_numeric (const std::string &);
                                             ^
In file included from /root/Documents/C++/NoWare/noware/containers/variable.h++:34:0,
                 from /root/Documents/C++/NoWare/noware/containers/variable.c++:10:
/root/Documents/C++/NoWare/noware/containers/../tools.h++:57:40: warning: type qualifiers ignored on function return type [-Wignored-qualifiers]
   const char  toggle_case (const char &);
                                        ^
/root/Documents/C++/NoWare/noware/containers/../tools.h++:63:48: warning: type qualifiers ignored on function return type [-Wignored-qualifiers]
   const bool is_palindrome (const std::string &); // Determines if a string is a palindrome.
                                                ^
/root/Documents/C++/NoWare/noware/containers/../tools.h++:95:151: warning: type qualifiers ignored on function return type [-Wignored-qualifiers]
     const unsigned long long int generate (const unsigned long long int & = RAND_MAX /* Maximum. */, const unsigned long long int & = 0 /* Minimum. */);
                                                                                                                                                       ^
/root/Documents/C++/NoWare/noware/containers/../tools.h++:99:43: warning: type qualifiers ignored on function return type [-Wignored-qualifiers]
     const unsigned long long int min (void);
                                           ^
/root/Documents/C++/NoWare/noware/containers/../tools.h++:100:43: warning: type qualifiers ignored on function return type [-Wignored-qualifiers]
     const unsigned long long int max (void);
                                           ^
/root/Documents/C++/NoWare/noware/containers/../tools.h++:103:69: warning: type qualifiers ignored on function return type [-Wignored-qualifiers]
     const unsigned long long int min (const unsigned long long int &);
                                                                     ^
/root/Documents/C++/NoWare/noware/containers/../tools.h++:104:69: warning: type qualifiers ignored on function return type [-Wignored-qualifiers]
     const unsigned long long int max (const unsigned long long int &);
                                                                     ^
In file included from /root/Documents/C++/NoWare/noware/containers/variable.c++:10:0:
/root/Documents/C++/NoWare/noware/containers/variable.h++:77:49: warning: type qualifiers ignored on function return type [-Wignored-qualifiers]
      const bool deserialize (const std::string &);
                                                 ^
/root/Documents/C++/NoWare/noware/containers/variable.h++:81:47: warning: type qualifiers ignored on function return type [-Wignored-qualifiers]
    const bool deserialize (const std::string &);
                                               ^
/root/Documents/C++/NoWare/noware/containers/variable.h++:102:47: warning: type qualifiers ignored on function return type [-Wignored-qualifiers]
    const type determine (const std::string &) const;
                                               ^
In file included from /root/Documents/C++/NoWare/noware/containers/variable.c++:10:0:
/root/Documents/C++/NoWare/noware/containers/variable.h++:158:29: warning: type qualifiers ignored on function return type [-Wignored-qualifiers]
    const bool empty  (void) const;
                             ^
/root/Documents/C++/NoWare/noware/containers/variable.h++:159:32: warning: type qualifiers ignored on function return type [-Wignored-qualifiers]
    const bool is_string (void) const;
                                ^
/root/Documents/C++/NoWare/noware/containers/variable.h++:160:30: warning: type qualifiers ignored on function return type [-Wignored-qualifiers]
    const bool is_text (void) const;
                              ^
/root/Documents/C++/NoWare/noware/containers/variable.h++:161:33: warning: type qualifiers ignored on function return type [-Wignored-qualifiers]
    const bool is_generic (void) const;
                                 ^
/root/Documents/C++/NoWare/noware/containers/variable.h++:162:33: warning: type qualifiers ignored on function return type [-Wignored-qualifiers]
    const bool is_numeric (void) const;
                                 ^
/root/Documents/C++/NoWare/noware/containers/variable.h++:468:43: warning: type qualifiers ignored on function return type [-Wignored-qualifiers]
      const bool   operator < (const NAME_V);
                                           ^
/root/Documents/C++/NoWare/noware/containers/variable.h++:469:45: warning: type qualifiers ignored on function return type [-Wignored-qualifiers]
      const bool   operator < (const NAME_V) const;
                                             ^
/root/Documents/C++/NoWare/noware/containers/variable.h++:471:55: warning: type qualifiers ignored on function return type [-Wignored-qualifiers]
      const bool   operator < (const signed short int &);
                                                       ^
/root/Documents/C++/NoWare/noware/containers/variable.h++:510:43: warning: type qualifiers ignored on function return type [-Wignored-qualifiers]
      const bool   operator > (const NAME_V);
                                           ^
/root/Documents/C++/NoWare/noware/containers/variable.h++:511:45: warning: type qualifiers ignored on function return type [-Wignored-qualifiers]
      const bool   operator > (const NAME_V) const;
                                             ^
/root/Documents/C++/NoWare/noware/containers/variable.h++:817:44: warning: type qualifiers ignored on function return type [-Wignored-qualifiers]
      const bool   operator <= (const NAME_V);
                                            ^
/root/Documents/C++/NoWare/noware/containers/variable.h++:818:46: warning: type qualifiers ignored on function return type [-Wignored-qualifiers]
      const bool   operator <= (const NAME_V) const;
                                              ^
/root/Documents/C++/NoWare/noware/containers/variable.c++:62:71: warning: type qualifiers ignored on function return type [-Wignored-qualifiers]
  const bool NAME_V::container::deserialize (const std::string & serial)
                                                                       ^
/root/Documents/C++/NoWare/noware/containers/variable.c++:72:60: warning: type qualifiers ignored on function return type [-Wignored-qualifiers]
  const bool NAME_V::deserialize (const std::string & serial)
                                                            ^
/root/Documents/C++/NoWare/noware/containers/variable.c++:685:34: warning: type qualifiers ignored on function return type [-Wignored-qualifiers]
  const bool NAME_V::empty (void) const
                                  ^
/root/Documents/C++/NoWare/noware/containers/variable.c++:729:65: warning: type qualifiers ignored on function return type [-Wignored-qualifiers]
  const NAME_V::type NAME_V::determine (const std::string & val) const
                                                                 ^
/root/Documents/C++/NoWare/noware/containers/variable.c++:861:38: warning: type qualifiers ignored on function return type [-Wignored-qualifiers]
  const bool NAME_V::is_string (void) const
                                      ^
/root/Documents/C++/NoWare/noware/containers/variable.c++:866:36: warning: type qualifiers ignored on function return type [-Wignored-qualifiers]
  const bool NAME_V::is_text (void) const
                                    ^
/root/Documents/C++/NoWare/noware/containers/variable.c++:871:39: warning: type qualifiers ignored on function return type [-Wignored-qualifiers]
  const bool NAME_V::is_generic (void) const
                                       ^
/root/Documents/C++/NoWare/noware/containers/variable.c++:876:39: warning: type qualifiers ignored on function return type [-Wignored-qualifiers]
  const bool NAME_V::is_numeric (void) const
                                       ^
/root/Documents/C++/NoWare/noware/containers/variable.c++:2872:51: warning: type qualifiers ignored on function return type [-Wignored-qualifiers]
  const bool   NAME_V::operator < (const NAME_V val)/* const*/
                                                   ^
/root/Documents/C++/NoWare/noware/containers/variable.c++:2914:53: warning: type qualifiers ignored on function return type [-Wignored-qualifiers]
  const bool   NAME_V::operator < (const NAME_V val) const
                                                     ^
/root/Documents/C++/NoWare/noware/containers/variable.c++:2959:63: warning: type qualifiers ignored on function return type [-Wignored-qualifiers]
  const bool   NAME_V::operator < (const signed short int & val)
                                                               ^
/root/Documents/C++/NoWare/noware/containers/variable.c++:3150:53: warning: type qualifiers ignored on function return type [-Wignored-qualifiers]
  const bool   NAME_V::operator > (const NAME_V val) const
                                                     ^
/root/Documents/C++/NoWare/noware/containers/variable.c++:3155:51: warning: type qualifiers ignored on function return type [-Wignored-qualifiers]
  const bool   NAME_V::operator > (const NAME_V val)
                                                   ^
/root/Documents/C++/NoWare/noware/containers/variable.c++: In function ‘long long int noware::containers::operator%=(short int&, noware::containers::variable)’:
/root/Documents/C++/NoWare/noware/containers/variable.c++:4222:9: warning: conversion to ‘short int’ from ‘long long int’ may alter its value [-Wconversion]
    val1 = val1 % val2;
         ^
/root/Documents/C++/NoWare/noware/containers/variable.c++: In function ‘long long int noware::containers::operator%=(short unsigned int&, noware::containers::variable)’:
/root/Documents/C++/NoWare/noware/containers/variable.c++:4230:9: warning: conversion to ‘short unsigned int’ from ‘long long int’ may alter its value [-Wconversion]
    val1 = val1 % val2;
         ^
/root/Documents/C++/NoWare/noware/containers/variable.c++: In function ‘long long int noware::containers::operator%=(int&, noware::containers::variable)’:
/root/Documents/C++/NoWare/noware/containers/variable.c++:4238:9: warning: conversion to ‘int’ from ‘long long int’ may alter its value [-Wconversion]
    val1 = val1 % val2;
         ^
/root/Documents/C++/NoWare/noware/containers/variable.c++: In function ‘long long int noware::containers::operator%=(unsigned int&, noware::containers::variable)’:
/root/Documents/C++/NoWare/noware/containers/variable.c++:4246:9: warning: conversion to ‘unsigned int’ from ‘long long int’ may alter its value [-Wconversion]
    val1 = val1 % val2;
         ^
/root/Documents/C++/NoWare/noware/containers/variable.c++: In function ‘long long int noware::containers::operator%=(float&, noware::containers::variable)’:
/root/Documents/C++/NoWare/noware/containers/variable.c++:4286:9: warning: conversion to ‘float’ from ‘long long int’ may alter its value [-Wconversion]
    val1 = val1 % val2;
         ^
/root/Documents/C++/NoWare/noware/containers/variable.c++:4288:10: warning: conversion to ‘long long int’ from ‘float’ may alter its value [-Wfloat-conversion]
   return val1;
          ^
/root/Documents/C++/NoWare/noware/containers/variable.c++: In function ‘long long int noware::containers::operator%=(double&, noware::containers::variable)’:
/root/Documents/C++/NoWare/noware/containers/variable.c++:4294:9: warning: conversion to ‘double’ from ‘long long int’ may alter its value [-Wconversion]
    val1 = val1 % val2;
         ^
/root/Documents/C++/NoWare/noware/containers/variable.c++:4296:10: warning: conversion to ‘long long int’ from ‘double’ may alter its value [-Wfloat-conversion]
   return val1;
          ^
/root/Documents/C++/NoWare/noware/containers/variable.c++: In function ‘long long int noware::containers::operator%=(long double&, noware::containers::variable)’:
/root/Documents/C++/NoWare/noware/containers/variable.c++:4304:10: warning: conversion to ‘long long int’ from ‘long double’ may alter its value [-Wfloat-conversion]
   return val1;
          ^
/root/Documents/C++/NoWare/noware/containers/variable.c++: In function ‘long long int noware::containers::operator^=(float&, noware::containers::variable)’:
/root/Documents/C++/NoWare/noware/containers/variable.c++:4490:10: warning: conversion to ‘long long int’ from ‘float’ may alter its value [-Wfloat-conversion]
   return val1;
          ^
/root/Documents/C++/NoWare/noware/containers/variable.c++: In function ‘long long int noware::containers::operator^=(double&, noware::containers::variable)’:
/root/Documents/C++/NoWare/noware/containers/variable.c++:4498:10: warning: conversion to ‘long long int’ from ‘double’ may alter its value [-Wfloat-conversion]
   return val1;
          ^
/root/Documents/C++/NoWare/noware/containers/variable.c++: In function ‘long long int noware::containers::operator^=(long double&, noware::containers::variable)’:
/root/Documents/C++/NoWare/noware/containers/variable.c++:4506:10: warning: conversion to ‘long long int’ from ‘long double’ may alter its value [-Wfloat-conversion]
   return val1;
          ^
/root/Documents/C++/NoWare/noware/containers/variable.c++: At global scope:
/root/Documents/C++/NoWare/noware/containers/variable.c++:5308:52: warning: type qualifiers ignored on function return type [-Wignored-qualifiers]
  const bool   NAME_V::operator <= (const NAME_V val)
                                                    ^
/root/Documents/C++/NoWare/noware/containers/variable.c++:5313:54: warning: type qualifiers ignored on function return type [-Wignored-qualifiers]
  const bool   NAME_V::operator <= (const NAME_V val) const
                                                      ^
/root/Documents/C++/NoWare/noware/containers/variable.c++:5807:35: warning: unused parameter ‘val’ [-Wunused-parameter]
  NAME_V  NAME_V::operator ++ (int val)
                                   ^
/root/Documents/C++/NoWare/noware/containers/variable.c++:5817:35: warning: unused parameter ‘val’ [-Wunused-parameter]
  NAME_V  NAME_V::operator -- (int val)
                                   ^
/root/Documents/C++/NoWare/noware/containers/variable.c++: In function ‘std::string tolower(noware::containers::variable&)’:
/root/Documents/C++/NoWare/noware/containers/variable.c++:5837:9: warning: conversion to ‘char’ from ‘int’ may alter its value [-Wconversion]
   s [i] = tolower (s [i]);
         ^
/root/Documents/C++/NoWare/noware/containers/variable.c++: In function ‘std::string toupper(noware::containers::variable&)’:
/root/Documents/C++/NoWare/noware/containers/variable.c++:5851:9: warning: conversion to ‘char’ from ‘int’ may alter its value [-Wconversion]
   s [i] = toupper (s [i]);
         ^
/root/Documents/C++/NoWare/noware/containers/variable.c++: In instantiation of ‘void noware::containers::variable::container::serialize(Archive&, const unsigned int&) [with Archive = boost::archive::text_oarchive]’:
/usr/include/boost/serialization/access.hpp:118:9:   required from ‘static void boost::serialization::access::serialize(Archive&, T&, unsigned int) [with Archive = boost::archive::text_oarchive; T = noware::containers::variable::container]’
/usr/include/boost/serialization/serialization.hpp:69:22:   required from ‘void boost::serialization::serialize(Archive&, T&, unsigned int) [with Archive = boost::archive::text_oarchive; T = noware::containers::variable::container]’
/usr/include/boost/serialization/serialization.hpp:128:18:   required from ‘void boost::serialization::serialize_adl(Archive&, T&, unsigned int) [with Archive = boost::archive::text_oarchive; T = noware::containers::variable::container]’
/usr/include/boost/archive/detail/oserializer.hpp:148:40:   required from ‘void boost::archive::detail::oserializer<Archive, T>::save_object_data(boost::archive::detail::basic_oarchive&, const void*) const [with Archive = boost::archive::text_oarchive; T = noware::containers::variable::container]’
/usr/include/boost/archive/detail/oserializer.hpp:101:1:   required from ‘class boost::archive::detail::oserializer<boost::archive::text_oarchive, noware::containers::variable::container>’
/usr/include/boost/archive/detail/oserializer.hpp:253:13:   [ skipping 2 instantiation contexts, use -ftemplate-backtrace-limit=0 to disable ]
/usr/include/boost/archive/detail/oserializer.hpp:525:18:   required from ‘void boost::archive::save(Archive&, T&) [with Archive = boost::archive::text_oarchive; T = const noware::containers::variable::container]’
/usr/include/boost/archive/detail/common_oarchive.hpp:69:22:   required from ‘void boost::archive::detail::common_oarchive<Archive>::save_override(T&, int) [with T = const noware::containers::variable::container; Archive = boost::archive::text_oarchive]’
/usr/include/boost/archive/basic_text_oarchive.hpp:84:9:   required from ‘void boost::archive::basic_text_oarchive<Archive>::save_override(T&, int) [with T = const noware::containers::variable::container; Archive = boost::archive::text_oarchive]’
/usr/include/boost/archive/detail/interface_oarchive.hpp:63:9:   required from ‘Archive& boost::archive::detail::interface_oarchive<Archive>::operator<<(T&) [with T = const noware::containers::variable::container; Archive = boost::archive::text_oarchive]’
/root/Documents/C++/NoWare/noware/containers/../serialization.t++:48:5:   required from ‘const string noware::serialize(const type&) [with type = noware::containers::variable::container; std::string = std::basic_string<char>]’
/root/Documents/C++/NoWare/noware/containers/variable.c++:59:69:   required from here
/root/Documents/C++/NoWare/noware/containers/variable.c++:28:77: warning: unused parameter ‘version’ [-Wunused-parameter]
  void NAME_V::container::serialize (Archive & archive, const unsigned int & version)
                                                                             ^
/root/Documents/C++/NoWare/noware/containers/variable.c++: In instantiation of ‘void noware::containers::variable::serialize(Archive&, const unsigned int&) [with Archive = boost::archive::text_oarchive]’:
/usr/include/boost/serialization/access.hpp:118:9:   required from ‘static void boost::serialization::access::serialize(Archive&, T&, unsigned int) [with Archive = boost::archive::text_oarchive; T = noware::containers::variable]’
/usr/include/boost/serialization/serialization.hpp:69:22:   required from ‘void boost::serialization::serialize(Archive&, T&, unsigned int) [with Archive = boost::archive::text_oarchive; T = noware::containers::variable]’
/usr/include/boost/serialization/serialization.hpp:128:18:   required from ‘void boost::serialization::serialize_adl(Archive&, T&, unsigned int) [with Archive = boost::archive::text_oarchive; T = noware::containers::variable]’
/usr/include/boost/archive/detail/oserializer.hpp:148:40:   required from ‘void boost::archive::detail::oserializer<Archive, T>::save_object_data(boost::archive::detail::basic_oarchive&, const void*) const [with Archive = boost::archive::text_oarchive; T = noware::containers::variable]’
/usr/include/boost/archive/detail/oserializer.hpp:101:1:   required from ‘class boost::archive::detail::oserializer<boost::archive::text_oarchive, noware::containers::variable>’
/usr/include/boost/archive/detail/oserializer.hpp:253:13:   [ skipping 2 instantiation contexts, use -ftemplate-backtrace-limit=0 to disable ]
/usr/include/boost/archive/detail/oserializer.hpp:525:18:   required from ‘void boost::archive::save(Archive&, T&) [with Archive = boost::archive::text_oarchive; T = const noware::containers::variable]’
/usr/include/boost/archive/detail/common_oarchive.hpp:69:22:   required from ‘void boost::archive::detail::common_oarchive<Archive>::save_override(T&, int) [with T = const noware::containers::variable; Archive = boost::archive::text_oarchive]’
/usr/include/boost/archive/basic_text_oarchive.hpp:84:9:   required from ‘void boost::archive::basic_text_oarchive<Archive>::save_override(T&, int) [with T = const noware::containers::variable; Archive = boost::archive::text_oarchive]’
/usr/include/boost/archive/detail/interface_oarchive.hpp:63:9:   required from ‘Archive& boost::archive::detail::interface_oarchive<Archive>::operator<<(T&) [with T = const noware::containers::variable; Archive = boost::archive::text_oarchive]’
/root/Documents/C++/NoWare/noware/containers/../serialization.t++:48:5:   required from ‘const string noware::serialize(const type&) [with type = noware::containers::variable; std::string = std::basic_string<char>]’
/root/Documents/C++/NoWare/noware/containers/variable.c++:69:58:   required from here
/root/Documents/C++/NoWare/noware/containers/variable.c++:51:66: warning: unused parameter ‘version’ [-Wunused-parameter]
  void NAME_V::serialize (Archive & archive, const unsigned int & version)
                                                                  ^
/root/Documents/C++/NoWare/noware/containers/variable.c++: In instantiation of ‘void noware::containers::variable::container::serialize(Archive&, const unsigned int&) [with Archive = boost::archive::text_iarchive]’:
/usr/include/boost/serialization/access.hpp:118:9:   required from ‘static void boost::serialization::access::serialize(Archive&, T&, unsigned int) [with Archive = boost::archive::text_iarchive; T = noware::containers::variable::container]’
/usr/include/boost/serialization/serialization.hpp:69:22:   required from ‘void boost::serialization::serialize(Archive&, T&, unsigned int) [with Archive = boost::archive::text_iarchive; T = noware::containers::variable::container]’
/usr/include/boost/serialization/serialization.hpp:128:18:   required from ‘void boost::serialization::serialize_adl(Archive&, T&, unsigned int) [with Archive = boost::archive::text_iarchive; T = noware::containers::variable::container]’
/usr/include/boost/archive/detail/iserializer.hpp:184:40:   required from ‘void boost::archive::detail::iserializer<Archive, T>::load_object_data(boost::archive::detail::basic_iarchive&, void*, unsigned int) const [with Archive = boost::archive::text_iarchive; T = noware::containers::variable::container]’
/usr/include/boost/archive/detail/iserializer.hpp:116:1:   required from ‘class boost::archive::detail::iserializer<boost::archive::text_iarchive, noware::containers::variable::container>’
/usr/include/boost/archive/detail/iserializer.hpp:410:13:   [ skipping 3 instantiation contexts, use -ftemplate-backtrace-limit=0 to disable ]
/usr/include/boost/archive/detail/common_iarchive.hpp:66:22:   required from ‘void boost::archive::detail::common_iarchive<Archive>::load_override(T&, int) [with T = noware::containers::variable::container; Archive = boost::archive::text_iarchive]’
/usr/include/boost/archive/basic_text_iarchive.hpp:71:9:   required from ‘void boost::archive::basic_text_iarchive<Archive>::load_override(T&, int) [with T = noware::containers::variable::container; Archive = boost::archive::text_iarchive]’
/usr/include/boost/archive/text_iarchive.hpp:92:52:   required from ‘void boost::archive::text_iarchive_impl<Archive>::load_override(T&, int) [with T = noware::containers::variable::container; Archive = boost::archive::text_iarchive]’
/usr/include/boost/archive/detail/interface_iarchive.hpp:60:9:   required from ‘Archive& boost::archive::detail::interface_iarchive<Archive>::operator>>(T&) [with T = noware::containers::variable::container; Archive = boost::archive::text_iarchive]’
/root/Documents/C++/NoWare/noware/containers/../serialization.t++:80:5:   required from ‘const bool noware::deserialize(const string&, type&) [with type = noware::containers::variable::container; std::string = std::basic_string<char>]’
/root/Documents/C++/NoWare/noware/containers/variable.c++:64:79:   required from here
/root/Documents/C++/NoWare/noware/containers/variable.c++:28:77: warning: unused parameter ‘version’ [-Wunused-parameter]
  void NAME_V::container::serialize (Archive & archive, const unsigned int & version)
                                                                             ^
/root/Documents/C++/NoWare/noware/containers/variable.c++: In instantiation of ‘void noware::containers::variable::serialize(Archive&, const unsigned int&) [with Archive = boost::archive::text_iarchive]’:
/usr/include/boost/serialization/access.hpp:118:9:   required from ‘static void boost::serialization::access::serialize(Archive&, T&, unsigned int) [with Archive = boost::archive::text_iarchive; T = noware::containers::variable]’
/usr/include/boost/serialization/serialization.hpp:69:22:   required from ‘void boost::serialization::serialize(Archive&, T&, unsigned int) [with Archive = boost::archive::text_iarchive; T = noware::containers::variable]’
/usr/include/boost/serialization/serialization.hpp:128:18:   required from ‘void boost::serialization::serialize_adl(Archive&, T&, unsigned int) [with Archive = boost::archive::text_iarchive; T = noware::containers::variable]’
/usr/include/boost/archive/detail/iserializer.hpp:184:40:   required from ‘void boost::archive::detail::iserializer<Archive, T>::load_object_data(boost::archive::detail::basic_iarchive&, void*, unsigned int) const [with Archive = boost::archive::text_iarchive; T = noware::containers::variable]’
/usr/include/boost/archive/detail/iserializer.hpp:116:1:   required from ‘class boost::archive::detail::iserializer<boost::archive::text_iarchive, noware::containers::variable>’
/usr/include/boost/archive/detail/iserializer.hpp:410:13:   [ skipping 3 instantiation contexts, use -ftemplate-backtrace-limit=0 to disable ]
/usr/include/boost/archive/detail/common_iarchive.hpp:66:22:   required from ‘void boost::archive::detail::common_iarchive<Archive>::load_override(T&, int) [with T = noware::containers::variable; Archive = boost::archive::text_iarchive]’
/usr/include/boost/archive/basic_text_iarchive.hpp:71:9:   required from ‘void boost::archive::basic_text_iarchive<Archive>::load_override(T&, int) [with T = noware::containers::variable; Archive = boost::archive::text_iarchive]’
/usr/include/boost/archive/text_iarchive.hpp:92:52:   required from ‘void boost::archive::text_iarchive_impl<Archive>::load_override(T&, int) [with T = noware::containers::variable; Archive = boost::archive::text_iarchive]’
/usr/include/boost/archive/detail/interface_iarchive.hpp:60:9:   required from ‘Archive& boost::archive::detail::interface_iarchive<Archive>::operator>>(T&) [with T = noware::containers::variable; Archive = boost::archive::text_iarchive]’
/root/Documents/C++/NoWare/noware/containers/../serialization.t++:80:5:   required from ‘const bool noware::deserialize(const string&, type&) [with type = noware::containers::variable; std::string = std::basic_string<char>]’
/root/Documents/C++/NoWare/noware/containers/variable.c++:74:68:   required from here
/root/Documents/C++/NoWare/noware/containers/variable.c++:51:66: warning: unused parameter ‘version’ [-Wunused-parameter]
  void NAME_V::serialize (Archive & archive, const unsigned int & version)
                                                                  ^
if test -f main.do && test ! -x main.do; \
#if test ! -x main.do; \
then \
	chmod +x main.do; \
fi
