if test ! -f main.do; \
then \
	#cc container-any.obj tool.obj; \
	#g++ -g -ggdb -pedantic -fpermissive -W -Wall -Wmain -Wcomment -Wconversion -Wunused-parameter -Wparentheses -std=c++14 -I . -I /usr/include/quex -I /usr/include/boost -I /root/Documents/C++/NoWare -DQUEX_OPTION_ASSERTS_DISABLED -L . -l boost_system -l boost_serialization -l boost_thread -l boost_random -l cln -fopenmp -l pthread -l dl -o main.do container-any.obj tool.obj;\
	g++ -g -ggdb -pedantic -fpermissive -W -Wall -Wmain -Wcomment -Wconversion -Wunused-parameter -Wparentheses -std=c++14 -I . -I /usr/include/quex -I /usr/include/boost -I /root/Documents/C++/NoWare -DQUEX_OPTION_ASSERTS_DISABLED -L . -l boost_system -l boost_serialization -l boost_thread -l boost_random -l cln -fopenmp -l pthread -l dl -o tool.obj -c /root/Documents/C++/NoWare/noware/tool.c++;\
	g++ -g -ggdb -pedantic -fpermissive -W -Wall -Wmain -Wcomment -Wconversion -Wunused-parameter -Wparentheses -std=c++14 -I . -I /usr/include/quex -I /usr/include/boost -I /root/Documents/C++/NoWare -DQUEX_OPTION_ASSERTS_DISABLED -L . -l boost_system -l boost_serialization -l boost_thread -l boost_random -l cln -fopenmp -l pthread -l dl -o container-any.obj -c /root/Documents/C++/NoWare/noware/container/any.c++;\
	g++ -g -ggdb -pedantic -fpermissive -W -Wall -Wmain -Wcomment -Wconversion -Wunused-parameter -Wparentheses -std=c++14 -I . -I /usr/include/quex -I /usr/include/boost -I /root/Documents/C++/NoWare -DQUEX_OPTION_ASSERTS_DISABLED -L . -l boost_system -l boost_serialization -l boost_thread -l boost_random -l cln -fopenmp -l pthread -l dl -o main.obj -c main.c++;\
	\
	g++ -g -ggdb -pedantic -fpermissive -W -Wall -Wmain -Wcomment -Wconversion -Wunused-parameter -Wparentheses -std=c++14 -I . -I /usr/include/quex -I /usr/include/boost -I /root/Documents/C++/NoWare -DQUEX_OPTION_ASSERTS_DISABLED -L . -l boost_system -l boost_serialization -l boost_thread -l boost_random -l cln -fopenmp -l pthread -l dl -o main.do main.obj container-any.obj tool.obj;\
fi
In file included from /root/Documents/C++/NoWare/noware/tool.c++:25:0:
/root/Documents/C++/NoWare/noware/tool.h++:24:45: warning: type qualifiers ignored on function return type [-Wignored-qualifiers]
   const bool is_numeric (const std::string &);
                                             ^
/root/Documents/C++/NoWare/noware/tool.h++:25:44: warning: type qualifiers ignored on function return type [-Wignored-qualifiers]
   const bool is_number (const std::string &);
                                            ^
In file included from /root/Documents/C++/NoWare/noware/tool.c++:25:0:
/root/Documents/C++/NoWare/noware/tool.h++:62:40: warning: type qualifiers ignored on function return type [-Wignored-qualifiers]
   const char  toggle_case (const char &);
                                        ^
/root/Documents/C++/NoWare/noware/tool.h++:68:48: warning: type qualifiers ignored on function return type [-Wignored-qualifiers]
   const bool is_palindrome (const std::string &); // Determines if a string is a palindrome.
                                                ^
/root/Documents/C++/NoWare/noware/tool.h++:103:151: warning: type qualifiers ignored on function return type [-Wignored-qualifiers]
     const unsigned long long int generate (const unsigned long long int & = RAND_MAX /* Maximum. */, const unsigned long long int & = 0 /* Minimum. */);
                                                                                                                                                       ^
/root/Documents/C++/NoWare/noware/tool.h++:107:43: warning: type qualifiers ignored on function return type [-Wignored-qualifiers]
     const unsigned long long int min (void);
                                           ^
/root/Documents/C++/NoWare/noware/tool.h++:108:43: warning: type qualifiers ignored on function return type [-Wignored-qualifiers]
     const unsigned long long int max (void);
                                           ^
/root/Documents/C++/NoWare/noware/tool.h++:111:69: warning: type qualifiers ignored on function return type [-Wignored-qualifiers]
     const unsigned long long int min (const unsigned long long int &);
                                                                     ^
/root/Documents/C++/NoWare/noware/tool.h++:112:69: warning: type qualifiers ignored on function return type [-Wignored-qualifiers]
     const unsigned long long int max (const unsigned long long int &);
                                                                     ^
/root/Documents/C++/NoWare/noware/tool.c++:32:51: warning: type qualifiers ignored on function return type [-Wignored-qualifiers]
   const bool is_numeric (const std::string & value)
                                                   ^
/root/Documents/C++/NoWare/noware/tool.c++: In function ‘const bool noware::tool::is_numeric(const string&)’:
/root/Documents/C++/NoWare/noware/tool.c++:39:9: warning: variable ‘sign_found’ set but not used [-Wunused-but-set-variable]
    bool sign_found = false;
         ^
/root/Documents/C++/NoWare/noware/tool.c++: At global scope:
/root/Documents/C++/NoWare/noware/tool.c++:82:50: warning: type qualifiers ignored on function return type [-Wignored-qualifiers]
   const bool is_number (const std::string & value)
                                                  ^
/root/Documents/C++/NoWare/noware/tool.c++:274:79: warning: unused parameter ‘value’ [-Wunused-parameter]
   const LIB::math::numbers::real complement (const LIB::math::numbers::real & value, const LIB::math::numbers::natural & radix)
                                                                               ^
/root/Documents/C++/NoWare/noware/tool.c++:274:122: warning: unused parameter ‘radix’ [-Wunused-parameter]
   const LIB::math::numbers::real complement (const LIB::math::numbers::real & value, const LIB::math::numbers::natural & radix)
                                                                                                                          ^
/root/Documents/C++/NoWare/noware/tool.c++:469:45: warning: type qualifiers ignored on function return type [-Wignored-qualifiers]
   const char toggle_case (const char & input)
                                             ^
/root/Documents/C++/NoWare/noware/tool.c++: In function ‘const char noware::tool::toggle_case(const char&)’:
/root/Documents/C++/NoWare/noware/tool.c++:473:28: warning: conversion to ‘char’ from ‘int’ may alter its value [-Wconversion]
     return ::tolower (input);
                            ^
/root/Documents/C++/NoWare/noware/tool.c++:477:28: warning: conversion to ‘char’ from ‘int’ may alter its value [-Wconversion]
     return ::toupper (input);
                            ^
/root/Documents/C++/NoWare/noware/tool.c++: At global scope:
/root/Documents/C++/NoWare/noware/tool.c++:495:91: warning: unused parameter ‘length’ [-Wunused-parameter]
   const std::string multiply (const std::string & input, const LIB::math::numbers::real & length)
                                                                                           ^
/root/Documents/C++/NoWare/noware/tool.c++:519:50: warning: type qualifiers ignored on function return type [-Wignored-qualifiers]
   const bool is_palindrome (const std::string & s)
                                                  ^
/root/Documents/C++/NoWare/noware/tool.c++: In function ‘const string noware::tool::lower(std::__cxx11::string)’:
/root/Documents/C++/NoWare/noware/tool.c++:669:15: warning: conversion to ‘__gnu_cxx::__alloc_traits<std::allocator<char> >::value_type {aka char}’ from ‘int’ may alter its value [-Wconversion]
     value [i] = ::tolower (value [i]);
               ^
/root/Documents/C++/NoWare/noware/tool.c++: In function ‘const string noware::tool::upper(std::__cxx11::string)’:
/root/Documents/C++/NoWare/noware/tool.c++:681:15: warning: conversion to ‘__gnu_cxx::__alloc_traits<std::allocator<char> >::value_type {aka char}’ from ‘int’ may alter its value [-Wconversion]
     value [i] = ::toupper (value [i]);
               ^
/root/Documents/C++/NoWare/noware/tool.c++: In constructor ‘noware::tool::randomizer::randomizer(const long long unsigned int&, const long long unsigned int&)’:
/root/Documents/C++/NoWare/noware/tool.c++:745:22: warning: conversion to ‘unsigned int’ from ‘time_t {aka long int}’ may alter its value [-Wconversion]
    srand (time (NULL));
                      ^
/root/Documents/C++/NoWare/noware/tool.c++: At global scope:
/root/Documents/C++/NoWare/noware/tool.c++:748:132: warning: type qualifiers ignored on function return type [-Wignored-qualifiers]
   const unsigned long long int randomizer::generate (const unsigned long long int & maximum, const unsigned long long int & minimum)
                                                                                                                                    ^
/root/Documents/C++/NoWare/noware/tool.c++: In member function ‘const long long unsigned int noware::tool::randomizer::generate(const long long unsigned int&, const long long unsigned int&)’:
/root/Documents/C++/NoWare/noware/tool.c++:751:73: warning: conversion to ‘double’ from ‘long long unsigned int’ may alter its value [-Wconversion]
    return minimum + ((maximum - minimum + 1) * rand () / (RAND_MAX + 1.0));
                                                                         ^
/root/Documents/C++/NoWare/noware/tool.c++:751:74: warning: conversion to ‘double’ from ‘long long unsigned int’ may alter its value [-Wconversion]
    return minimum + ((maximum - minimum + 1) * rand () / (RAND_MAX + 1.0));
                                                                          ^
/root/Documents/C++/NoWare/noware/tool.c++:751:74: warning: conversion to ‘long long unsigned int’ from ‘double’ may alter its value [-Wfloat-conversion]
/root/Documents/C++/NoWare/noware/tool.c++: At global scope:
/root/Documents/C++/NoWare/noware/tool.c++:763:53: warning: type qualifiers ignored on function return type [-Wignored-qualifiers]
   const unsigned long long int randomizer::min (void)
                                                     ^
/root/Documents/C++/NoWare/noware/tool.c++:768:53: warning: type qualifiers ignored on function return type [-Wignored-qualifiers]
   const unsigned long long int randomizer::max (void)
                                                     ^
/root/Documents/C++/NoWare/noware/tool.c++:774:87: warning: type qualifiers ignored on function return type [-Wignored-qualifiers]
   const unsigned long long int randomizer::min (const unsigned long long int & minimum)
                                                                                       ^
/root/Documents/C++/NoWare/noware/tool.c++:782:87: warning: type qualifiers ignored on function return type [-Wignored-qualifiers]
   const unsigned long long int randomizer::max (const unsigned long long int & maximum)
                                                                                       ^
/root/Documents/C++/NoWare/noware/tool.c++: In function ‘const string noware::tool::multiply(const string&, const real&)’:
/root/Documents/C++/NoWare/noware/tool.c++:506:18: warning: ‘length_i’ may be used uninitialized in this function [-Wmaybe-uninitialized]
    for (i = 0; i < length_i; ++ i)
                  ^
/root/Documents/C++/NoWare/noware/tool.c++:511:67: warning: ‘remainder’ may be used uninitialized in this function [-Wmaybe-uninitialized]
    for (/*math::numbers::natural*/unsigned long long int j = 0; j < remainder; ++ j)
                                                                   ^
In file included from /root/Documents/C++/NoWare/noware/container/any.h++:39:0,
                 from /root/Documents/C++/NoWare/noware/container/any.c++:12:
/root/Documents/C++/NoWare/noware/container/../serial.h++:23:54: warning: type qualifiers ignored on function return type [-Wignored-qualifiers]
   const bool deserialize (const std::string &, type &);
                                                      ^
In file included from /root/Documents/C++/NoWare/noware/container/../serial.h++:39:0,
                 from /root/Documents/C++/NoWare/noware/container/any.h++:39,
                 from /root/Documents/C++/NoWare/noware/container/any.c++:12:
/root/Documents/C++/NoWare/noware/container/../serial.t++:68:74: warning: type qualifiers ignored on function return type [-Wignored-qualifiers]
 const bool noware::deserialize (const std::string & serial, type & object)
                                                                          ^
In file included from /root/Documents/C++/NoWare/noware/container/any.h++:40:0,
                 from /root/Documents/C++/NoWare/noware/container/any.c++:12:
/root/Documents/C++/NoWare/noware/container/../tool.h++:24:45: warning: type qualifiers ignored on function return type [-Wignored-qualifiers]
   const bool is_numeric (const std::string &);
                                             ^
/root/Documents/C++/NoWare/noware/container/../tool.h++:25:44: warning: type qualifiers ignored on function return type [-Wignored-qualifiers]
   const bool is_number (const std::string &);
                                            ^
In file included from /root/Documents/C++/NoWare/noware/container/any.h++:40:0,
                 from /root/Documents/C++/NoWare/noware/container/any.c++:12:
/root/Documents/C++/NoWare/noware/container/../tool.h++:62:40: warning: type qualifiers ignored on function return type [-Wignored-qualifiers]
   const char  toggle_case (const char &);
                                        ^
/root/Documents/C++/NoWare/noware/container/../tool.h++:68:48: warning: type qualifiers ignored on function return type [-Wignored-qualifiers]
   const bool is_palindrome (const std::string &); // Determines if a string is a palindrome.
                                                ^
/root/Documents/C++/NoWare/noware/container/../tool.h++:103:151: warning: type qualifiers ignored on function return type [-Wignored-qualifiers]
     const unsigned long long int generate (const unsigned long long int & = RAND_MAX /* Maximum. */, const unsigned long long int & = 0 /* Minimum. */);
                                                                                                                                                       ^
/root/Documents/C++/NoWare/noware/container/../tool.h++:107:43: warning: type qualifiers ignored on function return type [-Wignored-qualifiers]
     const unsigned long long int min (void);
                                           ^
/root/Documents/C++/NoWare/noware/container/../tool.h++:108:43: warning: type qualifiers ignored on function return type [-Wignored-qualifiers]
     const unsigned long long int max (void);
                                           ^
/root/Documents/C++/NoWare/noware/container/../tool.h++:111:69: warning: type qualifiers ignored on function return type [-Wignored-qualifiers]
     const unsigned long long int min (const unsigned long long int &);
                                                                     ^
/root/Documents/C++/NoWare/noware/container/../tool.h++:112:69: warning: type qualifiers ignored on function return type [-Wignored-qualifiers]
     const unsigned long long int max (const unsigned long long int &);
                                                                     ^
In file included from /root/Documents/C++/NoWare/noware/container/any.h++:62:0,
                 from /root/Documents/C++/NoWare/noware/container/any.c++:12:
/root/Documents/C++/NoWare/noware/container/.any/container.h++:29:57: warning: type qualifiers ignored on function return type [-Wignored-qualifiers]
   const bool deserialize (const std::string &/* serial*/);
                                                         ^
In file included from /root/Documents/C++/NoWare/noware/container/any.c++:12:0:
/root/Documents/C++/NoWare/noware/container/any.h++:67:48: warning: type qualifiers ignored on function return type [-Wignored-qualifiers]
     const bool deserialize (const std::string &);
                                                ^
In file included from /root/Documents/C++/NoWare/noware/container/any.h++:81:0,
                 from /root/Documents/C++/NoWare/noware/container/any.c++:12:
/root/Documents/C++/NoWare/noware/container/.any/conversion.h++:11:35: warning: type qualifiers ignored on function return type [-Wignored-qualifiers]
 operator const long double (void) const;
                                   ^
/root/Documents/C++/NoWare/noware/container/.any/conversion.h++:12:30: warning: type qualifiers ignored on function return type [-Wignored-qualifiers]
 operator const double (void) const;
                              ^
/root/Documents/C++/NoWare/noware/container/.any/conversion.h++:13:29: warning: type qualifiers ignored on function return type [-Wignored-qualifiers]
 operator const float (void) const;
                             ^
/root/Documents/C++/NoWare/noware/container/.any/conversion.h++:14:44: warning: type qualifiers ignored on function return type [-Wignored-qualifiers]
 operator const signed long long int (void) const;
                                            ^
/root/Documents/C++/NoWare/noware/container/.any/conversion.h++:15:46: warning: type qualifiers ignored on function return type [-Wignored-qualifiers]
 operator const unsigned long long int (void) const;
                                              ^
/root/Documents/C++/NoWare/noware/container/.any/conversion.h++:16:39: warning: type qualifiers ignored on function return type [-Wignored-qualifiers]
 operator const signed long int (void) const;
                                       ^
/root/Documents/C++/NoWare/noware/container/.any/conversion.h++:17:41: warning: type qualifiers ignored on function return type [-Wignored-qualifiers]
 operator const unsigned long int (void) const;
                                         ^
/root/Documents/C++/NoWare/noware/container/.any/conversion.h++:18:34: warning: type qualifiers ignored on function return type [-Wignored-qualifiers]
 operator const signed int (void) const;
                                  ^
/root/Documents/C++/NoWare/noware/container/.any/conversion.h++:19:36: warning: type qualifiers ignored on function return type [-Wignored-qualifiers]
 operator const unsigned int (void) const;
                                    ^
/root/Documents/C++/NoWare/noware/container/.any/conversion.h++:20:40: warning: type qualifiers ignored on function return type [-Wignored-qualifiers]
 operator const signed short int (void) const;
                                        ^
/root/Documents/C++/NoWare/noware/container/.any/conversion.h++:21:42: warning: type qualifiers ignored on function return type [-Wignored-qualifiers]
 operator const unsigned short int (void) const;
                                          ^
/root/Documents/C++/NoWare/noware/container/.any/conversion.h++:22:28: warning: type qualifiers ignored on function return type [-Wignored-qualifiers]
 operator const bool (void) const;
                            ^
In file included from /root/Documents/C++/NoWare/noware/container/any.h++:93:0,
                 from /root/Documents/C++/NoWare/noware/container/any.c++:12:
/root/Documents/C++/NoWare/noware/container/.any/special.h++:3:30: warning: type qualifiers ignored on function return type [-Wignored-qualifiers]
 const bool operator ! (void) const;
                              ^
/root/Documents/C++/NoWare/noware/container/.any/special.h++:6:38: warning: type qualifiers ignored on function return type [-Wignored-qualifiers]
 const bool operator && (const any &) const;
                                      ^
/root/Documents/C++/NoWare/noware/container/.any/special.h++:7:39: warning: type qualifiers ignored on function return type [-Wignored-qualifiers]
 const bool operator && (const bool &) const;
                                       ^
/root/Documents/C++/NoWare/noware/container/.any/special.h++:8:57: warning: type qualifiers ignored on function return type [-Wignored-qualifiers]
 friend const bool operator && (const bool &, const any &);
                                                         ^
/root/Documents/C++/NoWare/noware/container/.any/special.h++:10:38: warning: type qualifiers ignored on function return type [-Wignored-qualifiers]
 const bool operator || (const any &) const;
                                      ^
/root/Documents/C++/NoWare/noware/container/.any/special.h++:11:39: warning: type qualifiers ignored on function return type [-Wignored-qualifiers]
 const bool operator || (const bool &) const;
                                       ^
/root/Documents/C++/NoWare/noware/container/.any/special.h++:12:57: warning: type qualifiers ignored on function return type [-Wignored-qualifiers]
 friend const bool operator || (const bool &, const any &);
                                                         ^
In file included from /root/Documents/C++/NoWare/noware/container/any.c++:20:0:
/root/Documents/C++/NoWare/noware/container/.any/container.c++:32:86: warning: type qualifiers ignored on function return type [-Wignored-qualifiers]
 const bool noware::container::any::container::deserialize (const std::string & serial)
                                                                                      ^
In file included from /root/Documents/C++/NoWare/noware/container/any.c++:25:0:
/root/Documents/C++/NoWare/noware/container/.any/set.c++:107:88: warning: unused parameter ‘other’ [-Wunused-parameter]
 const noware::container::any & noware::container::any::operator = (const long double & other)
                                                                                        ^
In file included from /root/Documents/C++/NoWare/noware/container/any.c++:26:0:
/root/Documents/C++/NoWare/noware/container/.any/conversion.c++:43:52: warning: type qualifiers ignored on function return type [-Wignored-qualifiers]
 noware::container::any::operator const bool (void) const
                                                    ^
In file included from /root/Documents/C++/NoWare/noware/container/.any/addition.c++:4:0,
                 from /root/Documents/C++/NoWare/noware/container/any.c++:29:
/root/Documents/C++/NoWare/noware/container/.any/.addition-self/member.c++: In member function ‘const noware::container::any noware::container::any::operator+=(const noware::container::any&) const’:
/root/Documents/C++/NoWare/noware/container/.any/.addition-self/member.c++:7:15: warning: passing ‘const noware::container::any’ as ‘this’ argument discards qualifiers [-fpermissive]
  return *this = *this + other;
               ^
In file included from /root/Documents/C++/NoWare/noware/container/any.c++:25:0:
/root/Documents/C++/NoWare/noware/container/.any/set.c++:4:32: note:   in call to ‘const noware::container::any& noware::container::any::operator=(const noware::container::any&)’
 const noware::container::any & noware::container::any::operator = (const any & other)
                                ^
In file included from /root/Documents/C++/NoWare/noware/container/any.c++:38:0:
/root/Documents/C++/NoWare/noware/container/.any/special.c++: At global scope:
/root/Documents/C++/NoWare/noware/container/.any/special.c++:21:54: warning: type qualifiers ignored on function return type [-Wignored-qualifiers]
 const bool noware::container::any::operator ! (void) const
                                                      ^
/root/Documents/C++/NoWare/noware/container/.any/special.c++:30:68: warning: type qualifiers ignored on function return type [-Wignored-qualifiers]
 const bool noware::container::any::operator && (const any & other) const
                                                                    ^
/root/Documents/C++/NoWare/noware/container/.any/special.c++:35:69: warning: type qualifiers ignored on function return type [-Wignored-qualifiers]
 const bool noware::container::any::operator && (const bool & other) const
                                                                     ^
/root/Documents/C++/NoWare/noware/container/.any/special.c++:40:68: warning: type qualifiers ignored on function return type [-Wignored-qualifiers]
 const bool noware::container::any::operator || (const any & other) const
                                                                    ^
/root/Documents/C++/NoWare/noware/container/.any/special.c++:45:69: warning: type qualifiers ignored on function return type [-Wignored-qualifiers]
 const bool noware::container::any::operator || (const bool & other) const
                                                                     ^
/root/Documents/C++/NoWare/noware/container/.any/special.c++:66:78: warning: unused parameter ‘other’ [-Wunused-parameter]
 const noware::container::any noware::container::any::operator ++ (signed int other)
                                                                              ^
/root/Documents/C++/NoWare/noware/container/.any/special.c++:75:78: warning: unused parameter ‘other’ [-Wunused-parameter]
 const noware::container::any noware::container::any::operator -- (signed int other)
                                                                              ^
/root/Documents/C++/NoWare/noware/container/.any/special.c++:89:82: warning: type qualifiers ignored on function return type [-Wignored-qualifiers]
   const bool operator && (const bool & other, const noware::container::any & self)
                                                                                  ^
/root/Documents/C++/NoWare/noware/container/.any/special.c++:94:82: warning: type qualifiers ignored on function return type [-Wignored-qualifiers]
   const bool operator || (const bool & other, const noware::container::any & self)
                                                                                  ^
/root/Documents/C++/NoWare/noware/container/any.c++:55:75: warning: type qualifiers ignored on function return type [-Wignored-qualifiers]
 const bool noware::container::any::deserialize (const std::string & serial)
                                                                           ^
In file included from /root/Documents/C++/NoWare/noware/container/any.c++:20:0:
/root/Documents/C++/NoWare/noware/container/.any/container.c++: In instantiation of ‘void noware::container::any::container::serialize(archive&, const unsigned int&) [with archive = boost::archive::text_oarchive]’:
/usr/include/boost/serialization/access.hpp:116:9:   required from ‘static void boost::serialization::access::serialize(Archive&, T&, unsigned int) [with Archive = boost::archive::text_oarchive; T = noware::container::any::container]’
/usr/include/boost/serialization/serialization.hpp:68:22:   required from ‘void boost::serialization::serialize(Archive&, T&, unsigned int) [with Archive = boost::archive::text_oarchive; T = noware::container::any::container]’
/usr/include/boost/serialization/serialization.hpp:126:14:   required from ‘void boost::serialization::serialize_adl(Archive&, T&, unsigned int) [with Archive = boost::archive::text_oarchive; T = noware::container::any::container]’
/usr/include/boost/archive/detail/oserializer.hpp:148:40:   required from ‘void boost::archive::detail::oserializer<Archive, T>::save_object_data(boost::archive::detail::basic_oarchive&, const void*) const [with Archive = boost::archive::text_oarchive; T = noware::container::any::container]’
/usr/include/boost/archive/detail/oserializer.hpp:101:1:   required from ‘class boost::archive::detail::oserializer<boost::archive::text_oarchive, noware::container::any::container>’
/usr/include/boost/archive/detail/oserializer.hpp:253:13:   [ skipping 2 instantiation contexts, use -ftemplate-backtrace-limit=0 to disable ]
/usr/include/boost/archive/detail/oserializer.hpp:525:18:   required from ‘void boost::archive::save(Archive&, T&) [with Archive = boost::archive::text_oarchive; T = const noware::container::any::container]’
/usr/include/boost/archive/detail/common_oarchive.hpp:69:22:   required from ‘void boost::archive::detail::common_oarchive<Archive>::save_override(T&) [with T = const noware::container::any::container; Archive = boost::archive::text_oarchive]’
/usr/include/boost/archive/basic_text_oarchive.hpp:83:9:   required from ‘void boost::archive::basic_text_oarchive<Archive>::save_override(T&) [with T = const noware::container::any::container; Archive = boost::archive::text_oarchive]’
/usr/include/boost/archive/detail/interface_oarchive.hpp:70:9:   required from ‘Archive& boost::archive::detail::interface_oarchive<Archive>::operator<<(const T&) [with T = noware::container::any::container; Archive = boost::archive::text_oarchive]’
/root/Documents/C++/NoWare/noware/container/../serial.t++:53:5:   required from ‘const string noware::serialize(const type&) [with type = noware::container::any::container; std::__cxx11::string = std::__cxx11::basic_string<char>]’
/root/Documents/C++/NoWare/noware/container/.any/container.c++:29:69:   required from here
/root/Documents/C++/NoWare/noware/container/.any/container.c++:21:89: warning: unused parameter ‘version’ [-Wunused-parameter]
 void noware::container::any::container::serialize (archive & arch, const unsigned int & version)
                                                                                         ^
/root/Documents/C++/NoWare/noware/container/any.c++: In instantiation of ‘void noware::container::any::serialize(archive&, const unsigned int&) [with archive = boost::archive::text_oarchive]’:
/usr/include/boost/serialization/access.hpp:116:9:   required from ‘static void boost::serialization::access::serialize(Archive&, T&, unsigned int) [with Archive = boost::archive::text_oarchive; T = noware::container::any]’
/usr/include/boost/serialization/serialization.hpp:68:22:   required from ‘void boost::serialization::serialize(Archive&, T&, unsigned int) [with Archive = boost::archive::text_oarchive; T = noware::container::any]’
/usr/include/boost/serialization/serialization.hpp:126:14:   required from ‘void boost::serialization::serialize_adl(Archive&, T&, unsigned int) [with Archive = boost::archive::text_oarchive; T = noware::container::any]’
/usr/include/boost/archive/detail/oserializer.hpp:148:40:   required from ‘void boost::archive::detail::oserializer<Archive, T>::save_object_data(boost::archive::detail::basic_oarchive&, const void*) const [with Archive = boost::archive::text_oarchive; T = noware::container::any]’
/usr/include/boost/archive/detail/oserializer.hpp:101:1:   required from ‘class boost::archive::detail::oserializer<boost::archive::text_oarchive, noware::container::any>’
/usr/include/boost/archive/detail/oserializer.hpp:253:13:   [ skipping 2 instantiation contexts, use -ftemplate-backtrace-limit=0 to disable ]
/usr/include/boost/archive/detail/oserializer.hpp:525:18:   required from ‘void boost::archive::save(Archive&, T&) [with Archive = boost::archive::text_oarchive; T = const noware::container::any]’
/usr/include/boost/archive/detail/common_oarchive.hpp:69:22:   required from ‘void boost::archive::detail::common_oarchive<Archive>::save_override(T&) [with T = const noware::container::any; Archive = boost::archive::text_oarchive]’
/usr/include/boost/archive/basic_text_oarchive.hpp:83:9:   required from ‘void boost::archive::basic_text_oarchive<Archive>::save_override(T&) [with T = const noware::container::any; Archive = boost::archive::text_oarchive]’
/usr/include/boost/archive/detail/interface_oarchive.hpp:70:9:   required from ‘Archive& boost::archive::detail::interface_oarchive<Archive>::operator<<(const T&) [with T = noware::container::any; Archive = boost::archive::text_oarchive]’
/root/Documents/C++/NoWare/noware/container/../serial.t++:53:5:   required from ‘const string noware::serialize(const type&) [with type = noware::container::any; std::__cxx11::string = std::__cxx11::basic_string<char>]’
/root/Documents/C++/NoWare/noware/container/any.c++:52:58:   required from here
/root/Documents/C++/NoWare/noware/container/any.c++:45:78: warning: unused parameter ‘version’ [-Wunused-parameter]
 void noware::container::any::serialize (archive & arch, const unsigned int & version)
                                                                              ^
In file included from /root/Documents/C++/NoWare/noware/container/any.c++:20:0:
/root/Documents/C++/NoWare/noware/container/.any/container.c++: In instantiation of ‘void noware::container::any::container::serialize(archive&, const unsigned int&) [with archive = boost::archive::text_iarchive]’:
/usr/include/boost/serialization/access.hpp:116:9:   required from ‘static void boost::serialization::access::serialize(Archive&, T&, unsigned int) [with Archive = boost::archive::text_iarchive; T = noware::container::any::container]’
/usr/include/boost/serialization/serialization.hpp:68:22:   required from ‘void boost::serialization::serialize(Archive&, T&, unsigned int) [with Archive = boost::archive::text_iarchive; T = noware::container::any::container]’
/usr/include/boost/serialization/serialization.hpp:126:14:   required from ‘void boost::serialization::serialize_adl(Archive&, T&, unsigned int) [with Archive = boost::archive::text_iarchive; T = noware::container::any::container]’
/usr/include/boost/archive/detail/iserializer.hpp:189:40:   required from ‘void boost::archive::detail::iserializer<Archive, T>::load_object_data(boost::archive::detail::basic_iarchive&, void*, unsigned int) const [with Archive = boost::archive::text_iarchive; T = noware::container::any::container]’
/usr/include/boost/archive/detail/iserializer.hpp:121:1:   required from ‘class boost::archive::detail::iserializer<boost::archive::text_iarchive, noware::container::any::container>’
/usr/include/boost/archive/detail/iserializer.hpp:420:13:   [ skipping 3 instantiation contexts, use -ftemplate-backtrace-limit=0 to disable ]
/usr/include/boost/archive/detail/common_iarchive.hpp:66:22:   required from ‘void boost::archive::detail::common_iarchive<Archive>::load_override(T&) [with T = noware::container::any::container; Archive = boost::archive::text_iarchive]’
/usr/include/boost/archive/basic_text_iarchive.hpp:70:9:   required from ‘void boost::archive::basic_text_iarchive<Archive>::load_override(T&) [with T = noware::container::any::container; Archive = boost::archive::text_iarchive]’
/usr/include/boost/archive/text_iarchive.hpp:89:52:   required from ‘void boost::archive::text_iarchive_impl<Archive>::load_override(T&) [with T = noware::container::any::container; Archive = boost::archive::text_iarchive]’
/usr/include/boost/archive/detail/interface_iarchive.hpp:68:9:   required from ‘Archive& boost::archive::detail::interface_iarchive<Archive>::operator>>(T&) [with T = noware::container::any::container; Archive = boost::archive::text_iarchive]’
/root/Documents/C++/NoWare/noware/container/../serial.t++:85:5:   required from ‘const bool noware::deserialize(const string&, type&) [with type = noware::container::any::container; std::__cxx11::string = std::__cxx11::basic_string<char>]’
/root/Documents/C++/NoWare/noware/container/.any/container.c++:34:79:   required from here
/root/Documents/C++/NoWare/noware/container/.any/container.c++:21:89: warning: unused parameter ‘version’ [-Wunused-parameter]
 void noware::container::any::container::serialize (archive & arch, const unsigned int & version)
                                                                                         ^
/root/Documents/C++/NoWare/noware/container/any.c++: In instantiation of ‘void noware::container::any::serialize(archive&, const unsigned int&) [with archive = boost::archive::text_iarchive]’:
/usr/include/boost/serialization/access.hpp:116:9:   required from ‘static void boost::serialization::access::serialize(Archive&, T&, unsigned int) [with Archive = boost::archive::text_iarchive; T = noware::container::any]’
/usr/include/boost/serialization/serialization.hpp:68:22:   required from ‘void boost::serialization::serialize(Archive&, T&, unsigned int) [with Archive = boost::archive::text_iarchive; T = noware::container::any]’
/usr/include/boost/serialization/serialization.hpp:126:14:   required from ‘void boost::serialization::serialize_adl(Archive&, T&, unsigned int) [with Archive = boost::archive::text_iarchive; T = noware::container::any]’
/usr/include/boost/archive/detail/iserializer.hpp:189:40:   required from ‘void boost::archive::detail::iserializer<Archive, T>::load_object_data(boost::archive::detail::basic_iarchive&, void*, unsigned int) const [with Archive = boost::archive::text_iarchive; T = noware::container::any]’
/usr/include/boost/archive/detail/iserializer.hpp:121:1:   required from ‘class boost::archive::detail::iserializer<boost::archive::text_iarchive, noware::container::any>’
/usr/include/boost/archive/detail/iserializer.hpp:420:13:   [ skipping 3 instantiation contexts, use -ftemplate-backtrace-limit=0 to disable ]
/usr/include/boost/archive/detail/common_iarchive.hpp:66:22:   required from ‘void boost::archive::detail::common_iarchive<Archive>::load_override(T&) [with T = noware::container::any; Archive = boost::archive::text_iarchive]’
/usr/include/boost/archive/basic_text_iarchive.hpp:70:9:   required from ‘void boost::archive::basic_text_iarchive<Archive>::load_override(T&) [with T = noware::container::any; Archive = boost::archive::text_iarchive]’
/usr/include/boost/archive/text_iarchive.hpp:89:52:   required from ‘void boost::archive::text_iarchive_impl<Archive>::load_override(T&) [with T = noware::container::any; Archive = boost::archive::text_iarchive]’
/usr/include/boost/archive/detail/interface_iarchive.hpp:68:9:   required from ‘Archive& boost::archive::detail::interface_iarchive<Archive>::operator>>(T&) [with T = noware::container::any; Archive = boost::archive::text_iarchive]’
/root/Documents/C++/NoWare/noware/container/../serial.t++:85:5:   required from ‘const bool noware::deserialize(const string&, type&) [with type = noware::container::any; std::__cxx11::string = std::__cxx11::basic_string<char>]’
/root/Documents/C++/NoWare/noware/container/any.c++:57:68:   required from here
/root/Documents/C++/NoWare/noware/container/any.c++:45:78: warning: unused parameter ‘version’ [-Wunused-parameter]
 void noware::container::any::serialize (archive & arch, const unsigned int & version)
                                                                              ^
In file included from /root/Documents/C++/NoWare/noware/container/../serial/cln/real.h++:27:0,
                 from /root/Documents/C++/NoWare/noware/container/../serial.t++:28,
                 from /root/Documents/C++/NoWare/noware/container/../serial.h++:39,
                 from /root/Documents/C++/NoWare/noware/container/any.h++:39,
                 from /root/Documents/C++/NoWare/noware/container/any.c++:12:
/root/Documents/C++/NoWare/noware/container/../serial/cln/real.c++: In instantiation of ‘void boost::serialization::save(archive&, const cln::cl_R&, const unsigned int&) [with archive = boost::archive::text_oarchive]’:
/usr/include/boost/serialization/split_free.hpp:45:13:   required from ‘static void boost::serialization::free_saver<Archive, T>::invoke(Archive&, const T&, unsigned int) [with Archive = boost::archive::text_oarchive; T = cln::cl_R]’
/usr/include/boost/serialization/split_free.hpp:74:18:   required from ‘void boost::serialization::split_free(Archive&, T&, unsigned int) [with Archive = boost::archive::text_oarchive; T = cln::cl_R]’
/root/Documents/C++/NoWare/noware/container/../serial/cln/real.h++:3:1:   required from ‘void boost::serialization::serialize(Archive&, cln::cl_R&, unsigned int) [with Archive = boost::archive::text_oarchive]’
/usr/include/boost/serialization/serialization.hpp:126:14:   required from ‘void boost::serialization::serialize_adl(Archive&, T&, unsigned int) [with Archive = boost::archive::text_oarchive; T = cln::cl_R]’
/usr/include/boost/archive/detail/oserializer.hpp:148:40:   required from ‘void boost::archive::detail::oserializer<Archive, T>::save_object_data(boost::archive::detail::basic_oarchive&, const void*) const [with Archive = boost::archive::text_oarchive; T = cln::cl_R]’
/usr/include/boost/archive/detail/oserializer.hpp:101:1:   [ skipping 16 instantiation contexts, use -ftemplate-backtrace-limit=0 to disable ]
/usr/include/boost/archive/detail/oserializer.hpp:525:18:   required from ‘void boost::archive::save(Archive&, T&) [with Archive = boost::archive::text_oarchive; T = const noware::container::any::container]’
/usr/include/boost/archive/detail/common_oarchive.hpp:69:22:   required from ‘void boost::archive::detail::common_oarchive<Archive>::save_override(T&) [with T = const noware::container::any::container; Archive = boost::archive::text_oarchive]’
/usr/include/boost/archive/basic_text_oarchive.hpp:83:9:   required from ‘void boost::archive::basic_text_oarchive<Archive>::save_override(T&) [with T = const noware::container::any::container; Archive = boost::archive::text_oarchive]’
/usr/include/boost/archive/detail/interface_oarchive.hpp:70:9:   required from ‘Archive& boost::archive::detail::interface_oarchive<Archive>::operator<<(const T&) [with T = noware::container::any::container; Archive = boost::archive::text_oarchive]’
/root/Documents/C++/NoWare/noware/container/../serial.t++:53:5:   required from ‘const string noware::serialize(const type&) [with type = noware::container::any::container; std::__cxx11::string = std::__cxx11::basic_string<char>]’
/root/Documents/C++/NoWare/noware/container/.any/container.c++:29:69:   required from here
/root/Documents/C++/NoWare/noware/container/../serial/cln/real.c++:7:97: warning: unused parameter ‘version’ [-Wunused-parameter]
 void boost::serialization::save (archive & arch, const cln::cl_R & number, const unsigned int & version)
                                                                                                 ^
/root/Documents/C++/NoWare/noware/container/../serial/cln/real.c++: In instantiation of ‘void boost::serialization::load(archive&, cln::cl_R&, const unsigned int&) [with archive = boost::archive::text_iarchive]’:
/usr/include/boost/serialization/split_free.hpp:58:13:   required from ‘static void boost::serialization::free_loader<Archive, T>::invoke(Archive&, T&, unsigned int) [with Archive = boost::archive::text_iarchive; T = cln::cl_R]’
/usr/include/boost/serialization/split_free.hpp:74:18:   required from ‘void boost::serialization::split_free(Archive&, T&, unsigned int) [with Archive = boost::archive::text_iarchive; T = cln::cl_R]’
/root/Documents/C++/NoWare/noware/container/../serial/cln/real.h++:3:1:   required from ‘void boost::serialization::serialize(Archive&, cln::cl_R&, unsigned int) [with Archive = boost::archive::text_iarchive]’
/usr/include/boost/serialization/serialization.hpp:126:14:   required from ‘void boost::serialization::serialize_adl(Archive&, T&, unsigned int) [with Archive = boost::archive::text_iarchive; T = cln::cl_R]’
/usr/include/boost/archive/detail/iserializer.hpp:189:40:   required from ‘void boost::archive::detail::iserializer<Archive, T>::load_object_data(boost::archive::detail::basic_iarchive&, void*, unsigned int) const [with Archive = boost::archive::text_iarchive; T = cln::cl_R]’
/usr/include/boost/archive/detail/iserializer.hpp:121:1:   [ skipping 18 instantiation contexts, use -ftemplate-backtrace-limit=0 to disable ]
/usr/include/boost/archive/detail/common_iarchive.hpp:66:22:   required from ‘void boost::archive::detail::common_iarchive<Archive>::load_override(T&) [with T = noware::container::any::container; Archive = boost::archive::text_iarchive]’
/usr/include/boost/archive/basic_text_iarchive.hpp:70:9:   required from ‘void boost::archive::basic_text_iarchive<Archive>::load_override(T&) [with T = noware::container::any::container; Archive = boost::archive::text_iarchive]’
/usr/include/boost/archive/text_iarchive.hpp:89:52:   required from ‘void boost::archive::text_iarchive_impl<Archive>::load_override(T&) [with T = noware::container::any::container; Archive = boost::archive::text_iarchive]’
/usr/include/boost/archive/detail/interface_iarchive.hpp:68:9:   required from ‘Archive& boost::archive::detail::interface_iarchive<Archive>::operator>>(T&) [with T = noware::container::any::container; Archive = boost::archive::text_iarchive]’
/root/Documents/C++/NoWare/noware/container/../serial.t++:85:5:   required from ‘const bool noware::deserialize(const string&, type&) [with type = noware::container::any::container; std::__cxx11::string = std::__cxx11::basic_string<char>]’
/root/Documents/C++/NoWare/noware/container/.any/container.c++:34:79:   required from here
/root/Documents/C++/NoWare/noware/container/../serial/cln/real.c++:18:91: warning: unused parameter ‘version’ [-Wunused-parameter]
 void boost::serialization::load (archive & arch, cln::cl_R & number, const unsigned int & version)
                                                                                           ^
In file included from /root/Documents/C++/NoWare/noware/container/any.h++:39:0,
                 from main.c++:26:
/root/Documents/C++/NoWare/noware/container/../serial.h++:23:54: warning: type qualifiers ignored on function return type [-Wignored-qualifiers]
   const bool deserialize (const std::string &, type &);
                                                      ^
In file included from /root/Documents/C++/NoWare/noware/container/../serial.h++:39:0,
                 from /root/Documents/C++/NoWare/noware/container/any.h++:39,
                 from main.c++:26:
/root/Documents/C++/NoWare/noware/container/../serial.t++:68:74: warning: type qualifiers ignored on function return type [-Wignored-qualifiers]
 const bool noware::deserialize (const std::string & serial, type & object)
                                                                          ^
In file included from /root/Documents/C++/NoWare/noware/container/any.h++:40:0,
                 from main.c++:26:
/root/Documents/C++/NoWare/noware/container/../tool.h++:24:45: warning: type qualifiers ignored on function return type [-Wignored-qualifiers]
   const bool is_numeric (const std::string &);
                                             ^
/root/Documents/C++/NoWare/noware/container/../tool.h++:25:44: warning: type qualifiers ignored on function return type [-Wignored-qualifiers]
   const bool is_number (const std::string &);
                                            ^
In file included from /root/Documents/C++/NoWare/noware/container/any.h++:40:0,
                 from main.c++:26:
/root/Documents/C++/NoWare/noware/container/../tool.h++:62:40: warning: type qualifiers ignored on function return type [-Wignored-qualifiers]
   const char  toggle_case (const char &);
                                        ^
/root/Documents/C++/NoWare/noware/container/../tool.h++:68:48: warning: type qualifiers ignored on function return type [-Wignored-qualifiers]
   const bool is_palindrome (const std::string &); // Determines if a string is a palindrome.
                                                ^
/root/Documents/C++/NoWare/noware/container/../tool.h++:103:151: warning: type qualifiers ignored on function return type [-Wignored-qualifiers]
     const unsigned long long int generate (const unsigned long long int & = RAND_MAX /* Maximum. */, const unsigned long long int & = 0 /* Minimum. */);
                                                                                                                                                       ^
/root/Documents/C++/NoWare/noware/container/../tool.h++:107:43: warning: type qualifiers ignored on function return type [-Wignored-qualifiers]
     const unsigned long long int min (void);
                                           ^
/root/Documents/C++/NoWare/noware/container/../tool.h++:108:43: warning: type qualifiers ignored on function return type [-Wignored-qualifiers]
     const unsigned long long int max (void);
                                           ^
/root/Documents/C++/NoWare/noware/container/../tool.h++:111:69: warning: type qualifiers ignored on function return type [-Wignored-qualifiers]
     const unsigned long long int min (const unsigned long long int &);
                                                                     ^
/root/Documents/C++/NoWare/noware/container/../tool.h++:112:69: warning: type qualifiers ignored on function return type [-Wignored-qualifiers]
     const unsigned long long int max (const unsigned long long int &);
                                                                     ^
In file included from /root/Documents/C++/NoWare/noware/container/any.h++:62:0,
                 from main.c++:26:
/root/Documents/C++/NoWare/noware/container/.any/container.h++:29:57: warning: type qualifiers ignored on function return type [-Wignored-qualifiers]
   const bool deserialize (const std::string &/* serial*/);
                                                         ^
In file included from main.c++:26:0:
/root/Documents/C++/NoWare/noware/container/any.h++:67:48: warning: type qualifiers ignored on function return type [-Wignored-qualifiers]
     const bool deserialize (const std::string &);
                                                ^
In file included from /root/Documents/C++/NoWare/noware/container/any.h++:81:0,
                 from main.c++:26:
/root/Documents/C++/NoWare/noware/container/.any/conversion.h++:11:35: warning: type qualifiers ignored on function return type [-Wignored-qualifiers]
 operator const long double (void) const;
                                   ^
/root/Documents/C++/NoWare/noware/container/.any/conversion.h++:12:30: warning: type qualifiers ignored on function return type [-Wignored-qualifiers]
 operator const double (void) const;
                              ^
/root/Documents/C++/NoWare/noware/container/.any/conversion.h++:13:29: warning: type qualifiers ignored on function return type [-Wignored-qualifiers]
 operator const float (void) const;
                             ^
/root/Documents/C++/NoWare/noware/container/.any/conversion.h++:14:44: warning: type qualifiers ignored on function return type [-Wignored-qualifiers]
 operator const signed long long int (void) const;
                                            ^
/root/Documents/C++/NoWare/noware/container/.any/conversion.h++:15:46: warning: type qualifiers ignored on function return type [-Wignored-qualifiers]
 operator const unsigned long long int (void) const;
                                              ^
/root/Documents/C++/NoWare/noware/container/.any/conversion.h++:16:39: warning: type qualifiers ignored on function return type [-Wignored-qualifiers]
 operator const signed long int (void) const;
                                       ^
/root/Documents/C++/NoWare/noware/container/.any/conversion.h++:17:41: warning: type qualifiers ignored on function return type [-Wignored-qualifiers]
 operator const unsigned long int (void) const;
                                         ^
/root/Documents/C++/NoWare/noware/container/.any/conversion.h++:18:34: warning: type qualifiers ignored on function return type [-Wignored-qualifiers]
 operator const signed int (void) const;
                                  ^
/root/Documents/C++/NoWare/noware/container/.any/conversion.h++:19:36: warning: type qualifiers ignored on function return type [-Wignored-qualifiers]
 operator const unsigned int (void) const;
                                    ^
/root/Documents/C++/NoWare/noware/container/.any/conversion.h++:20:40: warning: type qualifiers ignored on function return type [-Wignored-qualifiers]
 operator const signed short int (void) const;
                                        ^
/root/Documents/C++/NoWare/noware/container/.any/conversion.h++:21:42: warning: type qualifiers ignored on function return type [-Wignored-qualifiers]
 operator const unsigned short int (void) const;
                                          ^
/root/Documents/C++/NoWare/noware/container/.any/conversion.h++:22:28: warning: type qualifiers ignored on function return type [-Wignored-qualifiers]
 operator const bool (void) const;
                            ^
In file included from /root/Documents/C++/NoWare/noware/container/any.h++:93:0,
                 from main.c++:26:
/root/Documents/C++/NoWare/noware/container/.any/special.h++:3:30: warning: type qualifiers ignored on function return type [-Wignored-qualifiers]
 const bool operator ! (void) const;
                              ^
/root/Documents/C++/NoWare/noware/container/.any/special.h++:6:38: warning: type qualifiers ignored on function return type [-Wignored-qualifiers]
 const bool operator && (const any &) const;
                                      ^
/root/Documents/C++/NoWare/noware/container/.any/special.h++:7:39: warning: type qualifiers ignored on function return type [-Wignored-qualifiers]
 const bool operator && (const bool &) const;
                                       ^
/root/Documents/C++/NoWare/noware/container/.any/special.h++:8:57: warning: type qualifiers ignored on function return type [-Wignored-qualifiers]
 friend const bool operator && (const bool &, const any &);
                                                         ^
/root/Documents/C++/NoWare/noware/container/.any/special.h++:10:38: warning: type qualifiers ignored on function return type [-Wignored-qualifiers]
 const bool operator || (const any &) const;
                                      ^
/root/Documents/C++/NoWare/noware/container/.any/special.h++:11:39: warning: type qualifiers ignored on function return type [-Wignored-qualifiers]
 const bool operator || (const bool &) const;
                                       ^
/root/Documents/C++/NoWare/noware/container/.any/special.h++:12:57: warning: type qualifiers ignored on function return type [-Wignored-qualifiers]
 friend const bool operator || (const bool &, const any &);
                                                         ^
main.c++: In function ‘int main(int, char**)’:
main.c++:53:29: warning: comparison between signed and unsigned integer expressions [-Wsign-compare]
  for (unsigned int i = 0; i < argc; ++ i)
                             ^
if test -f main.do && test ! -x main.do; \
#if test ! -x main.do; \
then \
	chmod +x main.do; \
fi
